<?xml version="1.0" encoding="utf-8"?><testsuites name="pytest tests"><testsuite name="pytest" errors="0" failures="0" skipped="0" tests="6" time="2.900" timestamp="2026-04-04T15:43:44.569662+00:00" hostname="agent-env-98952d4e-5f38-4e0c-90a9-7117afd3f16b"><testcase classname="backend.tests.test_account_naming_comandas.TestAccountLabelEndpoint" name="test_update_order_label_success" time="0.590" /><testcase classname="backend.tests.test_account_naming_comandas.TestAccountLabelEndpoint" name="test_update_order_label_empty" time="0.437" /><testcase classname="backend.tests.test_account_naming_comandas.TestAccountLabelEndpoint" name="test_label_endpoint_nonexistent_order" time="0.223" /><testcase classname="backend.tests.test_account_naming_comandas.TestPreCheckEnhancedHeader" name="test_pre_check_includes_area_and_account_info" time="0.503" /><testcase classname="backend.tests.test_account_naming_comandas.TestSendKitchenEnhancedComanda" name="test_send_kitchen_creates_comanda_with_enhanced_header" time="0.587" /><testcase classname="backend.tests.test_account_naming_comandas.TestCancelTicketEnhancedHeader" name="test_cancel_item_creates_ticket_with_enhanced_header" time="0.490" /></testsuite></testsuites>