<?xml version="1.0" encoding="utf-8"?><testsuites name="pytest tests"><testsuite name="pytest" errors="0" failures="0" skipped="0" tests="10" time="0.881" timestamp="2026-02-13T04:14:56.355570+00:00" hostname="agent-env-1978b243-5e91-4339-b002-2e578432acf6"><testcase classname="backend.tests.test_anulaciones_report.TestVoidAuditLogsReport" name="test_report_endpoint_day_period" time="0.126" /><testcase classname="backend.tests.test_anulaciones_report.TestVoidAuditLogsReport" name="test_report_endpoint_week_period" time="0.067" /><testcase classname="backend.tests.test_anulaciones_report.TestVoidAuditLogsReport" name="test_report_endpoint_month_period" time="0.071" /><testcase classname="backend.tests.test_anulaciones_report.TestVerifyManagerEndpoint" name="test_verify_admin_pin_0000_authorized" time="0.077" /><testcase classname="backend.tests.test_anulaciones_report.TestVerifyManagerEndpoint" name="test_verify_waiter_pin_1234_not_authorized" time="0.071" /><testcase classname="backend.tests.test_anulaciones_report.TestVerifyManagerEndpoint" name="test_verify_invalid_pin" time="0.069" /><testcase classname="backend.tests.test_anulaciones_report.TestCancellationReasonsWithAuth" name="test_reasons_have_requires_manager_auth_field" time="0.063" /><testcase classname="backend.tests.test_anulaciones_report.TestCancellationReasonsWithAuth" name="test_reason_badge_data" time="0.069" /><testcase classname="backend.tests.test_anulaciones_report.TestCancelWithManagerAuth" name="test_cancel_with_auth_reason_requires_authorization" time="0.137" /><testcase classname="backend.tests.test_anulaciones_report.TestCancelWithManagerAuth" name="test_cancel_with_no_auth_reason_succeeds" time="0.070" /></testsuite></testsuites>