<?xml version="1.0" encoding="utf-8"?><testsuites name="pytest tests"><testsuite name="pytest" errors="0" failures="0" skipped="2" tests="10" time="2.381" timestamp="2026-04-09T17:03:54.317488+00:00" hostname="agent-env-98952d4e-5f38-4e0c-90a9-7117afd3f16b"><testcase classname="backend.tests.test_area_printer_routing.TestAreaPrinterEndpoint" name="test_area_printer_endpoint_exists" time="0.574" /><testcase classname="backend.tests.test_area_printer_routing.TestAreaPrinterEndpoint" name="test_area_printer_with_valid_order" time="0.191" /><testcase classname="backend.tests.test_area_printer_routing.TestAreaChannelMappings" name="test_get_area_channel_mappings" time="0.127" /><testcase classname="backend.tests.test_area_printer_routing.TestAreaChannelMappings" name="test_create_area_channel_mapping" time="0.251" /><testcase classname="backend.tests.test_area_printer_routing.TestAreaChannelMappings" name="test_get_area_specific_mappings" time="0.235" /><testcase classname="backend.tests.test_area_printer_routing.TestPrintChannels" name="test_get_print_channels" time="0.104" /><testcase classname="backend.tests.test_area_printer_routing.TestSendPrecheckToPrinter" name="test_send_precheck_endpoint_exists" time="0.121" /><testcase classname="backend.tests.test_area_printer_routing.TestSendPrecheckToPrinter" name="test_send_precheck_with_channel_override" time="0.254"><skipped type="pytest.skip" message="No orders found for occupied table">/app/backend/tests/test_area_printer_routing.py:208: No orders found for occupied table</skipped></testcase><testcase classname="backend.tests.test_area_printer_routing.TestAreaPrinterIntegration" name="test_salon_principal_has_receipt_mapping" time="0.222" /><testcase classname="backend.tests.test_area_printer_routing.TestAreaPrinterIntegration" name="test_area_printer_priority_logic" time="0.234"><skipped type="pytest.skip" message="No orders found">/app/backend/tests/test_area_printer_routing.py:283: No orders found</skipped></testcase></testsuite></testsuites>