<?xml version="1.0" encoding="utf-8"?><testsuites name="pytest tests"><testsuite name="pytest" errors="0" failures="0" skipped="0" tests="12" time="4.535" timestamp="2026-04-08T00:25:10.031992+00:00" hostname="agent-env-98952d4e-5f38-4e0c-90a9-7117afd3f16b"><testcase classname="backend.tests.test_audit_login_logout.TestLoginAuditLogging" name="test_login_success_creates_audit_entry" time="0.809" /><testcase classname="backend.tests.test_audit_login_logout.TestLoginAuditLogging" name="test_login_failed_creates_audit_entry" time="0.715" /><testcase classname="backend.tests.test_audit_login_logout.TestLogoutAuditLogging" name="test_logout_creates_audit_entry" time="0.767" /><testcase classname="backend.tests.test_audit_login_logout.TestSystemAuditEndpoint" name="test_system_audit_endpoint_returns_200" time="0.187" /><testcase classname="backend.tests.test_audit_login_logout.TestSystemAuditEndpoint" name="test_system_audit_includes_login_events" time="0.160" /><testcase classname="backend.tests.test_audit_login_logout.TestSystemAuditEndpoint" name="test_system_audit_date_filtering" time="0.190" /><testcase classname="backend.tests.test_audit_login_logout.TestSystemAuditEndpoint" name="test_system_audit_event_type_filter" time="0.212" /><testcase classname="backend.tests.test_audit_login_logout.TestShiftAuditLogging" name="test_shift_open_creates_audit_entry" time="0.837" /><testcase classname="backend.tests.test_audit_login_logout.TestViewAuditCompletePermission" name="test_admin_has_view_audit_complete_permission" time="0.118" /><testcase classname="backend.tests.test_audit_login_logout.TestViewAuditCompletePermission" name="test_supervisor_has_view_audit_complete_permission" time="0.167" /><testcase classname="backend.tests.test_audit_login_logout.TestViewAuditCompletePermission" name="test_waiter_does_not_have_view_audit_complete_permission" time="0.120" /><testcase classname="backend.tests.test_audit_login_logout.TestAllPermissionsEndpoint" name="test_view_audit_complete_in_all_permissions" time="0.176" /></testsuite></testsuites>