<?xml version="1.0" encoding="utf-8"?><testsuites name="pytest tests"><testsuite name="pytest" errors="0" failures="0" skipped="0" tests="7" time="2.432" timestamp="2026-02-14T04:21:37.680147+00:00" hostname="agent-env-3680f25f-e36c-4ed2-8011-b1764fde5df2"><testcase classname="backend.tests.test_audit_history.TestAuditLogsEndpoint" name="test_get_all_audit_logs" time="0.298" /><testcase classname="backend.tests.test_audit_history.TestAuditLogsEndpoint" name="test_filter_by_ingredient_name" time="0.362" /><testcase classname="backend.tests.test_audit_history.TestAuditLogsEndpoint" name="test_filter_by_field_changed" time="0.331" /><testcase classname="backend.tests.test_audit_history.TestAuditLogsEndpoint" name="test_filter_by_date_range" time="0.318" /><testcase classname="backend.tests.test_audit_history.TestAuditLogsEndpoint" name="test_combined_filters" time="0.247" /><testcase classname="backend.tests.test_audit_history.TestAuditLogsEndpoint" name="test_audit_log_structure" time="0.236" /><testcase classname="backend.tests.test_audit_history.TestCreateAuditLogOnIngredientUpdate" name="test_audit_log_created_on_conversion_factor_change" time="0.584" /></testsuite></testsuites>