<?xml version="1.0" encoding="utf-8"?><testsuites name="pytest tests"><testsuite name="pytest" errors="0" failures="0" skipped="0" tests="10" time="2.840" timestamp="2026-02-23T01:43:55.958829+00:00" hostname="agent-env-f786835c-976e-484a-b6e6-5f80fa4f47f4"><testcase classname="tests.test_b04_credit_notes.TestReturnReasons" name="test_get_return_reasons_returns_six_reasons" time="0.252" /><testcase classname="tests.test_b04_credit_notes.TestSearchByTransactionEndpoint" name="test_admin_can_search_transaction" time="0.288" /><testcase classname="tests.test_b04_credit_notes.TestSearchByTransactionEndpoint" name="test_waiter_cannot_search_transaction" time="0.246" /><testcase classname="tests.test_b04_credit_notes.TestSearchByTransactionEndpoint" name="test_search_reversed_transaction_returns_400" time="0.244" /><testcase classname="tests.test_b04_credit_notes.TestSearchByTransactionEndpoint" name="test_search_nonexistent_transaction_returns_404" time="0.256" /><testcase classname="tests.test_b04_credit_notes.TestReport607DataEndpoint" name="test_report_607_returns_valid_structure" time="0.278" /><testcase classname="tests.test_b04_credit_notes.TestReportsSummaryEndpoint" name="test_summary_returns_valid_data" time="0.276" /><testcase classname="tests.test_b04_credit_notes.TestCreateCreditNote" name="test_list_credit_notes" time="0.223" /><testcase classname="tests.test_b04_credit_notes.TestCreateCreditNote" name="test_cannot_reverse_already_reversed_bill" time="0.452" /><testcase classname="tests.test_b04_credit_notes.TestBillStatusAfterCreditNote" name="test_reversed_bill_has_credit_note_reference" time="0.248" /></testsuite></testsuites>