<?xml version="1.0" encoding="utf-8"?><testsuites name="pytest tests"><testsuite name="pytest" errors="0" failures="0" skipped="0" tests="16" time="4.089" timestamp="2026-04-15T12:33:31.464028+00:00" hostname="agent-env-98952d4e-5f38-4e0c-90a9-7117afd3f16b"><testcase classname="backend.tests.test_bulk_import_products.TestImportTemplate" name="test_download_template_returns_csv" time="0.478" /><testcase classname="backend.tests.test_bulk_import_products.TestImportTemplate" name="test_template_has_correct_columns" time="0.044" /><testcase classname="backend.tests.test_bulk_import_products.TestImportTemplate" name="test_template_has_example_rows" time="0.044" /><testcase classname="backend.tests.test_bulk_import_products.TestImportTemplate" name="test_template_content_disposition" time="0.046" /><testcase classname="backend.tests.test_bulk_import_products.TestImportBulkValidation" name="test_import_rejects_unsupported_format" time="0.312" /><testcase classname="backend.tests.test_bulk_import_products.TestImportBulkValidation" name="test_import_rejects_missing_required_columns" time="0.124" /><testcase classname="backend.tests.test_bulk_import_products.TestImportBulkValidation" name="test_import_rejects_empty_file" time="0.113" /><testcase classname="backend.tests.test_bulk_import_products.TestImportBulkValidation" name="test_import_rejects_file_too_large" time="0.385" /><testcase classname="backend.tests.test_bulk_import_products.TestImportBulkProcessing" name="test_import_valid_csv_creates_products" time="0.619" /><testcase classname="backend.tests.test_bulk_import_products.TestImportBulkProcessing" name="test_import_handles_invalid_prices" time="0.117" /><testcase classname="backend.tests.test_bulk_import_products.TestImportBulkProcessing" name="test_import_handles_empty_names" time="0.118" /><testcase classname="backend.tests.test_bulk_import_products.TestImportBulkProcessing" name="test_import_handles_nonexistent_category" time="0.111" /><testcase classname="backend.tests.test_bulk_import_products.TestImportBulkProcessing" name="test_import_skips_duplicates" time="0.345" /><testcase classname="backend.tests.test_bulk_import_products.TestImportBulkProcessing" name="test_import_returns_preview" time="0.884" /><testcase classname="backend.tests.test_bulk_import_products.TestImportMaxRows" name="test_import_rejects_over_2000_rows" time="0.136" /><testcase classname="backend.tests.test_bulk_import_products.TestImportPermissions" name="test_import_requires_authentication" time="0.121" /></testsuite></testsuites>