<?xml version="1.0" encoding="utf-8"?><testsuites name="pytest tests"><testsuite name="pytest" errors="0" failures="1" skipped="0" tests="8" time="4.502" timestamp="2026-02-23T19:48:50.979300+00:00" hostname="agent-env-1efef5b8-a232-4269-82a0-5306b8be21be"><testcase classname="backend.tests.test_business_days.TestBusinessDaysAuth" name="test_authorize_admin_pin" time="0.401" /><testcase classname="backend.tests.test_business_days.TestBusinessDaysAuth" name="test_authorize_invalid_pin" time="0.306"><failure message="AssertionError: Expected 401, got 403: {&quot;detail&quot;:&quot;El usuario no tiene permiso para autorizar apertura/cierre de día&quot;}&#10;assert 403 == 401&#10; +  where 403 = &lt;Response [403]&gt;.status_code">backend/tests/test_business_days.py:58: in test_authorize_invalid_pin
    assert resp.status_code == 401, f"Expected 401, got {resp.status_code}: {resp.text}"
E   AssertionError: Expected 401, got 403: {"detail":"El usuario no tiene permiso para autorizar apertura/cierre de día"}
E   assert 403 == 401
E    +  where 403 = &lt;Response [403]&gt;.status_code</failure></testcase><testcase classname="backend.tests.test_business_days.TestBusinessDaysOperations" name="test_check_business_day_status" time="0.249" /><testcase classname="backend.tests.test_business_days.TestBusinessDaysOperations" name="test_get_current_business_day" time="0.254" /><testcase classname="backend.tests.test_business_days.TestBusinessDaysOperations" name="test_get_business_days_history" time="0.239" /><testcase classname="backend.tests.test_business_days.TestBusinessDayOpenClose" name="test_close_existing_then_open_new" time="0.453" /><testcase classname="backend.tests.test_business_days.TestPaymentWithBusinessDay" name="test_payment_blocked_when_no_business_day" time="2.174" /><testcase classname="backend.tests.test_business_days.TestBusinessDayIndicatorAPI" name="test_check_endpoint_for_sidebar" time="0.327" /></testsuite></testsuites>