<?xml version="1.0" encoding="utf-8"?><testsuites name="pytest tests"><testsuite name="pytest" errors="0" failures="0" skipped="0" tests="9" time="2.155" timestamp="2026-04-20T23:42:24.811839+00:00" hostname="agent-env-98952d4e-5f38-4e0c-90a9-7117afd3f16b"><testcase classname="backend.tests.test_cash_close_hierarchical.TestHierarchicalJson" name="test_structure_and_values" time="0.172" /><testcase classname="backend.tests.test_cash_close_hierarchical.TestHierarchicalJson" name="test_filter_by_employee" time="0.145" /><testcase classname="backend.tests.test_cash_close_hierarchical.TestHierarchicalJson" name="test_filter_by_payment_method" time="0.109" /><testcase classname="backend.tests.test_cash_close_hierarchical.TestDownloads" name="test_pdf_resumida" time="0.491" /><testcase classname="backend.tests.test_cash_close_hierarchical.TestDownloads" name="test_pdf_detallada" time="0.431" /><testcase classname="backend.tests.test_cash_close_hierarchical.TestDownloads" name="test_pdf_requires_auth" time="0.152" /><testcase classname="backend.tests.test_cash_close_hierarchical.TestDownloads" name="test_xlsx_resumida" time="0.145" /><testcase classname="backend.tests.test_cash_close_hierarchical.TestDownloads" name="test_xlsx_detallada" time="0.132" /><testcase classname="backend.tests.test_cash_close_hierarchical.TestRegression" name="test_classic_cash_close_ok" time="0.127" /></testsuite></testsuites>