<?xml version="1.0" encoding="utf-8"?><testsuites name="pytest tests"><testsuite name="pytest" errors="0" failures="0" skipped="0" tests="12" time="3.347" timestamp="2026-02-28T03:09:24.837148+00:00" hostname="agent-env-093c43f8-7c96-4274-acb7-fdc3d332c696"><testcase classname="backend.tests.test_centralized_timezone.TestTimezoneConfigEndpoints" name="test_get_timezone_returns_200" time="0.118" /><testcase classname="backend.tests.test_centralized_timezone.TestTimezoneConfigEndpoints" name="test_get_timezone_returns_santo_domingo_by_default" time="0.151" /><testcase classname="backend.tests.test_centralized_timezone.TestTimezoneConfigEndpoints" name="test_put_timezone_with_valid_timezone" time="0.509" /><testcase classname="backend.tests.test_centralized_timezone.TestTimezoneConfigEndpoints" name="test_put_timezone_with_invalid_timezone_returns_400" time="0.567" /><testcase classname="backend.tests.test_centralized_timezone.TestDashboardWithCentralizedTimezone" name="test_dashboard_returns_valid_json" time="0.111" /><testcase classname="backend.tests.test_centralized_timezone.TestDashboardWithCentralizedTimezone" name="test_dashboard_hourly_sales_has_24_hours" time="0.114" /><testcase classname="backend.tests.test_centralized_timezone.TestDashboardWithCentralizedTimezone" name="test_dashboard_hourly_sales_in_local_time" time="0.205" /><testcase classname="backend.tests.test_centralized_timezone.TestDashboardWithCentralizedTimezone" name="test_dashboard_voids_structure" time="0.107" /><testcase classname="backend.tests.test_centralized_timezone.TestTimezoneChangeAffectsDashboard" name="test_timezone_change_affects_dashboard" time="0.621" /><testcase classname="backend.tests.test_centralized_timezone.TestHourlySalesTimezoneConversion" name="test_hourly_sales_utc_to_local_conversion" time="0.228" /><testcase classname="backend.tests.test_centralized_timezone.TestHourlySalesTimezoneConversion" name="test_utc_01_32_appears_at_local_hour" time="0.103" /><testcase classname="backend.tests.test_centralized_timezone.TestCacheInvalidation" name="test_cache_invalidation_on_put" time="0.453" /></testsuite></testsuites>