<?xml version="1.0" encoding="utf-8"?><testsuites name="pytest tests"><testsuite name="pytest" errors="0" failures="0" skipped="0" tests="10" time="5.586" timestamp="2026-02-28T15:20:37.303315+00:00" hostname="agent-env-88c36b61-c4da-473c-8286-75dad2ad8c5f"><testcase classname="backend.tests.test_cierre_x_z_blocking.TestCierreXBlocking" name="test_01_cierre_x_blocked_when_other_sessions_active" time="0.727" /><testcase classname="backend.tests.test_cierre_x_z_blocking.TestCierreXBlocking" name="test_02_cierre_x_blocked_when_open_orders_exist" time="0.815" /><testcase classname="backend.tests.test_cierre_x_z_blocking.TestCierreXBlocking" name="test_03_cierre_x_error_format_with_pipe_separator" time="0.614" /><testcase classname="backend.tests.test_cierre_x_z_blocking.TestCierreZBlocking" name="test_04_cierre_z_blocked_when_open_sessions" time="0.513" /><testcase classname="backend.tests.test_cierre_x_z_blocking.TestCierreZBlocking" name="test_05_cierre_z_blocked_when_open_orders" time="0.358" /><testcase classname="backend.tests.test_cierre_x_z_blocking.TestCierreZBlocking" name="test_06_cierre_z_force_close_bypasses_checks" time="0.166" /><testcase classname="backend.tests.test_cierre_x_z_blocking.TestBlockingErrorMessages" name="test_07_error_message_identifies_blocking_users" time="0.601" /><testcase classname="backend.tests.test_cierre_x_z_blocking.TestBlockingErrorMessages" name="test_08_error_message_identifies_blocking_tables" time="0.639" /><testcase classname="backend.tests.test_cierre_x_z_blocking.TestFrontendIntegration" name="test_09_api_returns_400_status_for_blocking" time="0.600" /><testcase classname="backend.tests.test_cierre_x_z_blocking.TestFrontendIntegration" name="test_10_cierre_z_returns_400_with_structured_error" time="0.493" /></testsuite></testsuites>