<?xml version="1.0" encoding="utf-8"?><testsuites name="pytest tests"><testsuite name="pytest" errors="0" failures="0" skipped="0" tests="20" time="1.830" timestamp="2026-04-22T02:09:37.635510+00:00" hostname="agent-env-98952d4e-5f38-4e0c-90a9-7117afd3f16b"><testcase classname="backend.tests.test_combos_system.TestCombosCRUD" name="test_list_combos_admin" time="0.201" /><testcase classname="backend.tests.test_combos_system.TestCombosCRUD" name="test_create_combo_validation_missing_name" time="0.056" /><testcase classname="backend.tests.test_combos_system.TestCombosCRUD" name="test_create_combo_validation_invalid_combo_type" time="0.105" /><testcase classname="backend.tests.test_combos_system.TestCombosCRUD" name="test_create_combo_validation_invalid_pricing" time="0.062" /><testcase classname="backend.tests.test_combos_system.TestCombosCRUD" name="test_create_combo_validation_no_groups" time="0.053" /><testcase classname="backend.tests.test_combos_system.TestCombosCRUD" name="test_create_combo_validation_empty_group" time="0.051" /><testcase classname="backend.tests.test_combos_system.TestCombosCRUD" name="test_create_fixed_combo_success" time="0.053" /><testcase classname="backend.tests.test_combos_system.TestCombosCRUD" name="test_create_configurable_combo_success" time="0.057" /><testcase classname="backend.tests.test_combos_system.TestCombosCRUD" name="test_get_active_combos_only" time="0.051" /><testcase classname="backend.tests.test_combos_system.TestCombosCRUD" name="test_patch_combo_toggle_active_and_name" time="0.206" /><testcase classname="backend.tests.test_combos_system.TestCombosPermissions" name="test_cashier_cannot_create" time="0.104" /><testcase classname="backend.tests.test_combos_system.TestCombosPermissions" name="test_cashier_cannot_patch" time="0.049" /><testcase classname="backend.tests.test_combos_system.TestCombosPermissions" name="test_cashier_cannot_delete" time="0.051" /><testcase classname="backend.tests.test_combos_system.TestCombosPermissions" name="test_cashier_can_list_combos" time="0.051" /><testcase classname="backend.tests.test_combos_system.TestComboInOrder" name="test_add_fixed_combo_to_order" time="0.171" /><testcase classname="backend.tests.test_combos_system.TestComboInOrder" name="test_add_configurable_combo_with_selections" time="0.106" /><testcase classname="backend.tests.test_combos_system.TestComboInOrder" name="test_configurable_combo_validation_missing_min" time="0.056" /><testcase classname="backend.tests.test_combos_system.TestComboInOrder" name="test_remove_combo_from_order" time="0.051" /><testcase classname="backend.tests.test_combos_system.TestComboInOrder" name="test_remove_nonexistent_combo" time="0.058" /><testcase classname="backend.tests.test_combos_system.TestComboDelete" name="test_delete_combo" time="0.153" /></testsuite></testsuites>