<?xml version="1.0" encoding="utf-8"?><testsuites name="pytest tests"><testsuite name="pytest" errors="0" failures="0" skipped="0" tests="8" time="4.642" timestamp="2026-02-14T03:56:05.137815+00:00" hostname="agent-env-3680f25f-e36c-4ed2-8011-b1764fde5df2"><testcase classname="backend.tests.test_conversion_factor.TestConversionFactorFeature" name="test_create_ingredient_with_conversion_factor" time="0.648" /><testcase classname="backend.tests.test_conversion_factor.TestConversionFactorFeature" name="test_dispatch_unit_cost_calculation" time="0.875" /><testcase classname="backend.tests.test_conversion_factor.TestConversionFactorFeature" name="test_update_ingredient_creates_audit_log" time="0.634" /><testcase classname="backend.tests.test_conversion_factor.TestConversionFactorFeature" name="test_audit_log_tracks_user" time="0.674" /><testcase classname="backend.tests.test_conversion_factor.TestConversionFactorFeature" name="test_affected_recipes_endpoint" time="0.478" /><testcase classname="backend.tests.test_conversion_factor.TestConversionFactorFeature" name="test_manual_conversion_factor_edit" time="0.620" /><testcase classname="backend.tests.test_conversion_factor.TestIngredientConversionValidation" name="test_default_conversion_factor" time="0.330" /><testcase classname="backend.tests.test_conversion_factor.TestIngredientConversionValidation" name="test_zero_division_protection" time="0.320" /></testsuite></testsuites>