<?xml version="1.0" encoding="utf-8"?><testsuites name="pytest tests"><testsuite name="pytest" errors="0" failures="0" skipped="0" tests="8" time="1.008" timestamp="2026-02-14T05:39:28.079577+00:00" hostname="agent-env-3680f25f-e36c-4ed2-8011-b1764fde5df2"><testcase classname="backend.tests.test_conversion_analysis.TestConversionAnalysisEndpoint" name="test_conversion_analysis_with_linked_recipes" time="0.154" /><testcase classname="backend.tests.test_conversion_analysis.TestConversionAnalysisEndpoint" name="test_conversion_analysis_linked_products_count" time="0.119" /><testcase classname="backend.tests.test_conversion_analysis.TestConversionAnalysisEndpoint" name="test_conversion_analysis_linked_recipe_structure" time="0.109" /><testcase classname="backend.tests.test_conversion_analysis.TestConversionAnalysisEndpoint" name="test_conversion_analysis_cost_calculation" time="0.108" /><testcase classname="backend.tests.test_conversion_analysis.TestConversionAnalysisEndpoint" name="test_conversion_analysis_total_impact" time="0.112" /><testcase classname="backend.tests.test_conversion_analysis.TestConversionAnalysisEndpoint" name="test_conversion_analysis_no_linked_recipes" time="0.113" /><testcase classname="backend.tests.test_conversion_analysis.TestConversionAnalysisEndpoint" name="test_conversion_analysis_invalid_ingredient" time="0.121" /><testcase classname="backend.tests.test_conversion_analysis.TestConversionAnalysisEndpoint" name="test_conversion_analysis_with_different_conversion_factor" time="0.108" /></testsuite></testsuites>