<?xml version="1.0" encoding="utf-8"?><testsuites name="pytest tests"><testsuite name="pytest" errors="0" failures="0" skipped="6" tests="7" time="0.945" timestamp="2026-02-21T13:46:57.688873+00:00" hostname="agent-env-9a52da03-05da-4d9b-8571-a6286863c70e"><testcase classname="backend.tests.test_credit_notes.TestReturnReasons" name="test_get_return_reasons_returns_six_reasons" time="0.213" /><testcase classname="backend.tests.test_credit_notes.TestCreditNotes" name="test_list_credit_notes" time="0.114"><skipped type="pytest.skip" message="Could not authenticate - skipping authenticated tests">/app/backend/tests/test_credit_notes.py:100: Could not authenticate - skipping authenticated tests</skipped></testcase><testcase classname="backend.tests.test_credit_notes.TestCreditNotes" name="test_create_credit_note_full_reversal" time="0.104"><skipped type="pytest.skip" message="Could not authenticate - skipping authenticated tests">/app/backend/tests/test_credit_notes.py:109: Could not authenticate - skipping authenticated tests</skipped></testcase><testcase classname="backend.tests.test_credit_notes.TestCreditNotes" name="test_cannot_reverse_already_reversed_bill" time="0.114"><skipped type="pytest.skip" message="Could not authenticate - skipping authenticated tests">/app/backend/tests/test_credit_notes.py:151: Could not authenticate - skipping authenticated tests</skipped></testcase><testcase classname="backend.tests.test_credit_notes.TestCreditNotes" name="test_get_credit_note_by_id" time="0.105"><skipped type="pytest.skip" message="Could not authenticate - skipping authenticated tests">/app/backend/tests/test_credit_notes.py:174: Could not authenticate - skipping authenticated tests</skipped></testcase><testcase classname="backend.tests.test_credit_notes.TestZeroValuePaymentValidation" name="test_zero_value_payment_blocked" time="0.125"><skipped type="pytest.skip" message="Could not authenticate">/app/backend/tests/test_credit_notes.py:207: Could not authenticate</skipped></testcase><testcase classname="backend.tests.test_credit_notes.TestCreditNotesIntegration" name="test_credit_notes_summary_report" time="0.102"><skipped type="pytest.skip" message="Could not authenticate">/app/backend/tests/test_credit_notes.py:249: Could not authenticate</skipped></testcase></testsuite></testsuites>