<?xml version="1.0" encoding="utf-8"?><testsuites name="pytest tests"><testsuite name="pytest" errors="0" failures="0" skipped="0" tests="7" time="3.646" timestamp="2026-02-21T13:47:28.590893+00:00" hostname="agent-env-9a52da03-05da-4d9b-8571-a6286863c70e"><testcase classname="backend.tests.test_credit_notes.TestReturnReasons" name="test_get_return_reasons_returns_six_reasons" time="0.172" /><testcase classname="backend.tests.test_credit_notes.TestCreditNotes" name="test_list_credit_notes" time="0.231" /><testcase classname="backend.tests.test_credit_notes.TestCreditNotes" name="test_create_credit_note_full_reversal" time="1.913" /><testcase classname="backend.tests.test_credit_notes.TestCreditNotes" name="test_cannot_reverse_already_reversed_bill" time="0.497" /><testcase classname="backend.tests.test_credit_notes.TestCreditNotes" name="test_get_credit_note_by_id" time="0.329" /><testcase classname="backend.tests.test_credit_notes.TestZeroValuePaymentValidation" name="test_zero_value_payment_blocked" time="0.219" /><testcase classname="backend.tests.test_credit_notes.TestCreditNotesIntegration" name="test_credit_notes_summary_report" time="0.221" /></testsuite></testsuites>