<?xml version="1.0" encoding="utf-8"?><testsuites name="pytest tests"><testsuite name="pytest" errors="0" failures="0" skipped="0" tests="6" time="2.377" timestamp="2026-04-03T11:28:03.170088+00:00" hostname="agent-env-b08ba273-bf41-411b-93ca-4fc1c7d1cb7a"><testcase classname="backend.tests.test_dashboard_open_shifts.TestDashboardOpenShifts" name="test_dashboard_endpoint_returns_200" time="0.560" /><testcase classname="backend.tests.test_dashboard_open_shifts.TestDashboardOpenShifts" name="test_dashboard_has_operations_section" time="0.335" /><testcase classname="backend.tests.test_dashboard_open_shifts.TestDashboardOpenShifts" name="test_open_shifts_is_non_negative_integer" time="0.419" /><testcase classname="backend.tests.test_dashboard_open_shifts.TestDashboardOpenShifts" name="test_dashboard_has_today_section" time="0.342" /><testcase classname="backend.tests.test_dashboard_open_shifts.TestDashboardOpenShifts" name="test_dashboard_has_jornada_section" time="0.355" /><testcase classname="backend.tests.test_dashboard_open_shifts.TestDashboardOpenShifts" name="test_dashboard_payment_breakdown_fields" time="0.310" /></testsuite></testsuites>