<?xml version="1.0" encoding="utf-8"?><testsuites name="pytest tests"><testsuite name="pytest" errors="0" failures="0" skipped="0" tests="12" time="1.560" timestamp="2026-02-28T02:52:26.931479+00:00" hostname="agent-env-093c43f8-7c96-4274-acb7-fdc3d332c696"><testcase classname="backend.tests.test_dashboard_timezone.TestDashboardEndpoint" name="test_dashboard_returns_200" time="0.241" /><testcase classname="backend.tests.test_dashboard_timezone.TestDashboardEndpoint" name="test_dashboard_has_required_fields" time="0.111" /><testcase classname="backend.tests.test_dashboard_timezone.TestDashboardEndpoint" name="test_today_stats_are_numeric" time="0.163" /><testcase classname="backend.tests.test_dashboard_timezone.TestDashboardEndpoint" name="test_hourly_sales_format" time="0.122" /><testcase classname="backend.tests.test_dashboard_timezone.TestDashboardEndpoint" name="test_hourly_sales_shows_local_time" time="0.125" /><testcase classname="backend.tests.test_dashboard_timezone.TestDashboardEndpoint" name="test_voids_today_and_jornada_structure" time="0.139" /><testcase classname="backend.tests.test_dashboard_timezone.TestDashboardEndpoint" name="test_open_tables_array_present" time="0.120" /><testcase classname="backend.tests.test_dashboard_timezone.TestDashboardEndpoint" name="test_closed_tables_array_present" time="0.169" /><testcase classname="backend.tests.test_dashboard_timezone.TestTimezoneLogic" name="test_local_day_range_calculation" time="0.001" /><testcase classname="backend.tests.test_dashboard_timezone.TestTimezoneLogic" name="test_utc_to_local_hour_conversion" time="0.000" /><testcase classname="backend.tests.test_dashboard_timezone.TestVoidsTimezoneConsistency" name="test_voids_today_uses_local_timezone" time="0.120" /><testcase classname="backend.tests.test_dashboard_timezone.TestVoidsTimezoneConsistency" name="test_voids_jornada_vs_today_comparison" time="0.181" /></testsuite></testsuites>