<?xml version="1.0" encoding="utf-8"?><testsuites name="pytest tests"><testsuite name="pytest" errors="0" failures="0" skipped="0" tests="16" time="2.778" timestamp="2026-04-09T15:48:18.467999+00:00" hostname="agent-env-98952d4e-5f38-4e0c-90a9-7117afd3f16b"><testcase classname="tests.test_dgii_payment_mapping.TestPaymentTypeMappingAlanube" name="test_alanube_tarjeta_maps_to_3" time="0.402" /><testcase classname="tests.test_dgii_payment_mapping.TestPaymentTypeMappingAlanube" name="test_alanube_transferencia_maps_to_2" time="0.000" /><testcase classname="tests.test_dgii_payment_mapping.TestPaymentTypeMappingAlanube" name="test_alanube_efectivo_maps_to_1" time="0.000" /><testcase classname="tests.test_dgii_payment_mapping.TestPaymentTypeMappingAlanube" name="test_alanube_map_payment_type_with_dgii_code_priority" time="0.000" /><testcase classname="tests.test_dgii_payment_mapping.TestPaymentTypeMappingAlanube" name="test_alanube_map_payment_type_validates_dgii_code_range" time="0.000" /><testcase classname="tests.test_dgii_payment_mapping.TestPaymentTypeMappingTheFactory" name="test_thefactory_tarjeta_maps_to_3" time="0.001" /><testcase classname="tests.test_dgii_payment_mapping.TestPaymentTypeMappingTheFactory" name="test_thefactory_transferencia_maps_to_2" time="0.000" /><testcase classname="tests.test_dgii_payment_mapping.TestPaymentTypeMappingTheFactory" name="test_thefactory_efectivo_maps_to_1" time="0.000" /><testcase classname="tests.test_dgii_payment_mapping.TestPaymentTypeMappingTheFactory" name="test_thefactory_map_payment_type_with_dgii_code_priority" time="0.000" /><testcase classname="tests.test_dgii_payment_mapping.TestPaymentMethodsAPI" name="test_get_payment_methods_returns_dgii_payment_code" time="0.280" /><testcase classname="tests.test_dgii_payment_mapping.TestPaymentMethodsAPI" name="test_create_payment_method_with_dgii_payment_code" time="0.362" /><testcase classname="tests.test_dgii_payment_mapping.TestPaymentMethodsAPI" name="test_update_payment_method_dgii_payment_code" time="0.654" /><testcase classname="tests.test_dgii_payment_mapping.TestExistingPaymentMethodsDGIICodes" name="test_efectivo_has_dgii_code_1" time="0.294" /><testcase classname="tests.test_dgii_payment_mapping.TestExistingPaymentMethodsDGIICodes" name="test_tarjeta_credito_has_dgii_code_3" time="0.267" /><testcase classname="tests.test_dgii_payment_mapping.TestExistingPaymentMethodsDGIICodes" name="test_tarjeta_debito_has_dgii_code_3" time="0.209" /><testcase classname="tests.test_dgii_payment_mapping.TestExistingPaymentMethodsDGIICodes" name="test_transferencia_has_dgii_code_2" time="0.225" /></testsuite></testsuites>