<?xml version="1.0" encoding="utf-8"?><testsuites name="pytest tests"><testsuite name="pytest" errors="0" failures="0" skipped="0" tests="20" time="2.249" timestamp="2026-02-28T03:50:33.052719+00:00" hostname="agent-env-093c43f8-7c96-4274-acb7-fdc3d332c696"><testcase classname="backend.tests.test_discount_engine.TestDiscountsCRUD" name="test_list_discounts_returns_200" time="0.297" /><testcase classname="backend.tests.test_discount_engine.TestDiscountsCRUD" name="test_create_discount_percentage_global" time="0.055" /><testcase classname="backend.tests.test_discount_engine.TestDiscountsCRUD" name="test_create_discount_fixed_amount" time="0.053" /><testcase classname="backend.tests.test_discount_engine.TestDiscountsCRUD" name="test_create_discount_new_price" time="0.056" /><testcase classname="backend.tests.test_discount_engine.TestDiscountsCRUD" name="test_update_discount" time="0.136" /><testcase classname="backend.tests.test_discount_engine.TestDiscountsCRUD" name="test_list_discounts_after_create" time="0.061" /><testcase classname="backend.tests.test_discount_engine.TestActiveDiscounts" name="test_get_active_discounts" time="0.057" /><testcase classname="backend.tests.test_discount_engine.TestActiveDiscounts" name="test_create_inactive_discount_not_in_active_list" time="0.184" /><testcase classname="backend.tests.test_discount_engine.TestActiveDiscounts" name="test_create_happy_hour_with_schedule" time="0.059" /><testcase classname="backend.tests.test_discount_engine.TestActiveDiscounts" name="test_create_discount_with_date_range" time="0.052" /><testcase classname="backend.tests.test_discount_engine.TestDiscountCalculation" name="test_calculate_requires_discount_id_and_bill_id" time="0.168" /><testcase classname="backend.tests.test_discount_engine.TestDiscountCalculation" name="test_calculate_returns_404_for_invalid_discount" time="0.057" /><testcase classname="backend.tests.test_discount_engine.TestDiscountCalculation" name="test_calculate_returns_404_for_invalid_bill" time="0.113" /><testcase classname="backend.tests.test_discount_engine.TestDiscountValidation" name="test_invalid_type_returns_422" time="0.061" /><testcase classname="backend.tests.test_discount_engine.TestDiscountValidation" name="test_invalid_scope_returns_422" time="0.056" /><testcase classname="backend.tests.test_discount_engine.TestDiscountValidation" name="test_invalid_authorization_level_returns_422" time="0.051" /><testcase classname="backend.tests.test_discount_engine.TestDiscountValidation" name="test_value_less_than_zero_returns_422" time="0.108" /><testcase classname="backend.tests.test_discount_engine.TestDeleteDiscount" name="test_delete_discount" time="0.159" /><testcase classname="backend.tests.test_discount_engine.TestDeleteDiscount" name="test_delete_nonexistent_discount_returns_404" time="0.057" /><testcase classname="backend.tests.test_discount_engine.TestCleanup" name="test_cleanup_test_discounts" time="0.324" /></testsuite></testsuites>