<?xml version="1.0" encoding="utf-8"?><testsuites name="pytest tests"><testsuite name="pytest" errors="0" failures="0" skipped="0" tests="7" time="9.555" timestamp="2026-04-01T22:58:48.122726+00:00" hostname="agent-env-9f36d099-1bc3-4b18-a55a-f50ccb146b3e"><testcase classname="backend.tests.test_divided_table_status.TestDividedTableStatusAfterPayment" name="test_pay_one_bill_divided_table_stays_occupied" time="2.318" /><testcase classname="backend.tests.test_divided_table_status.TestDividedTableStatusAfterPayment" name="test_pay_all_bills_divided_table_becomes_free" time="2.606" /><testcase classname="backend.tests.test_divided_table_status.TestDividedTableStatusAfterCancellation" name="test_cancel_one_order_divided_table_stays_occupied" time="1.481" /><testcase classname="backend.tests.test_divided_table_status.TestDividedTableStatusAfterCancellation" name="test_cancel_all_orders_divided_table_becomes_free" time="2.145" /><testcase classname="backend.tests.test_divided_table_status.TestTableStatusEndpoints" name="test_tables_endpoint_returns_status" time="0.225" /><testcase classname="backend.tests.test_divided_table_status.TestTableStatusEndpoints" name="test_table_orders_endpoint" time="0.344" /><testcase classname="backend.tests.test_divided_table_status.TestTableStatusEndpoints" name="test_new_account_endpoint" time="0.384" /></testsuite></testsuites>