<?xml version="1.0" encoding="utf-8"?><testsuites name="pytest tests"><testsuite name="pytest" errors="0" failures="0" skipped="0" tests="9" time="2.200" timestamp="2026-04-03T12:07:40.697459+00:00" hostname="agent-env-b08ba273-bf41-411b-93ca-4fc1c7d1cb7a"><testcase classname="backend.tests.test_drag_drop_feature.TestDashboardAPI" name="test_dashboard_endpoint_returns_200" time="0.496" /><testcase classname="backend.tests.test_drag_drop_feature.TestDashboardAPI" name="test_dashboard_has_operations_section" time="0.289" /><testcase classname="backend.tests.test_drag_drop_feature.TestDashboardAPI" name="test_open_shifts_is_valid" time="0.245" /><testcase classname="backend.tests.test_drag_drop_feature.TestDashboardAPI" name="test_dashboard_has_today_section" time="0.258" /><testcase classname="backend.tests.test_drag_drop_feature.TestDashboardAPI" name="test_dashboard_has_payment_fields" time="0.273" /><testcase classname="backend.tests.test_drag_drop_feature.TestDashboardAPI" name="test_dashboard_has_jornada_section" time="0.256" /><testcase classname="backend.tests.test_drag_drop_feature.TestAuthRoles" name="test_admin_role_has_edit_access" time="0.106" /><testcase classname="backend.tests.test_drag_drop_feature.TestAuthRoles" name="test_cajero_role_no_edit_access" time="0.111" /><testcase classname="backend.tests.test_drag_drop_feature.TestHealthEndpoint" name="test_health_endpoint" time="0.107" /></testsuite></testsuites>