<?xml version="1.0" encoding="utf-8"?><testsuites name="pytest tests"><testsuite name="pytest" errors="0" failures="0" skipped="0" tests="10" time="1.325" timestamp="2026-02-22T15:09:04.330490+00:00" hostname="agent-env-de51fa20-3a34-4ada-bcae-6da21cd8f77f"><testcase classname="backend.tests.test_pos_dynamic_taxes_and_config.TestDynamicTaxNamesAndConfig" name="test_system_config_accepts_expanded_address_fields" time="0.430" /><testcase classname="backend.tests.test_pos_dynamic_taxes_and_config.TestDynamicTaxNamesAndConfig" name="test_receipt_html_no_sugerida_and_correct_total_styling" time="0.223" /><testcase classname="backend.tests.test_pos_dynamic_taxes_and_config.TestDynamicTaxNamesAndConfig" name="test_receipt_escpos_dynamic_tax_names" time="0.271" /><testcase classname="backend.tests.test_pos_dynamic_taxes_and_config.TestDynamicTaxNamesAndConfig" name="test_precheck_html_no_sugerida_dynamic_tax_names" time="0.251" /><testcase classname="backend.tests.test_pos_dynamic_taxes_and_config.TestDynamicTaxNamesAndConfig" name="test_tax_config_has_description_field" time="0.100" /><testcase classname="backend.tests.test_pos_dynamic_taxes_and_config.TestFrontendThermalTicket" name="test_ticket_total_css_has_white_bg_with_black_border" time="0.000" /><testcase classname="backend.tests.test_pos_dynamic_taxes_and_config.TestFrontendSystemTabFields" name="test_system_tab_has_4_address_fields" time="0.000" /><testcase classname="backend.tests.test_pos_dynamic_taxes_and_config.TestFrontendSystemTabFields" name="test_system_tab_has_4_footer_fields" time="0.000" /><testcase classname="backend.tests.test_pos_dynamic_taxes_and_config.TestPaymentScreenDynamicTaxDisplay" name="test_payment_screen_no_hardcoded_tax_names" time="0.000" /><testcase classname="backend.tests.test_pos_dynamic_taxes_and_config.TestThermalTicketDynamicTaxes" name="test_thermal_ticket_uses_tax_breakdown" time="0.000" /></testsuite></testsuites>