<?xml version="1.0" encoding="utf-8"?><testsuites name="pytest tests"><testsuite name="pytest" errors="0" failures="0" skipped="6" tests="12" time="2.564" timestamp="2026-04-09T23:18:35.720129+00:00" hostname="agent-env-98952d4e-5f38-4e0c-90a9-7117afd3f16b"><testcase classname="backend.tests.test_e31_customer_fiscal_data.TestE31CustomerFiscalData" name="test_01_e31_receipt_includes_customer_data" time="0.366"><skipped type="pytest.skip" message="Bill not found - testing logic directly">/app/backend/tests/test_e31_customer_fiscal_data.py:120: Bill not found - testing logic directly</skipped></testcase><testcase classname="backend.tests.test_e31_customer_fiscal_data.TestE31CustomerFiscalData" name="test_02_e32_receipt_excludes_customer_data" time="0.234"><skipped type="pytest.skip" message="Bill not found - testing logic directly">/app/backend/tests/test_e31_customer_fiscal_data.py:147: Bill not found - testing logic directly</skipped></testcase><testcase classname="backend.tests.test_e31_customer_fiscal_data.TestE31CustomerFiscalData" name="test_03_e44_receipt_includes_customer_data" time="0.223"><skipped type="pytest.skip" message="Bill not found - testing logic directly">/app/backend/tests/test_e31_customer_fiscal_data.py:170: Bill not found - testing logic directly</skipped></testcase><testcase classname="backend.tests.test_e31_customer_fiscal_data.TestE31CustomerFiscalData" name="test_04_e45_receipt_includes_customer_data" time="0.267"><skipped type="pytest.skip" message="Bill not found - testing logic directly">/app/backend/tests/test_e31_customer_fiscal_data.py:192: Bill not found - testing logic directly</skipped></testcase><testcase classname="backend.tests.test_e31_customer_fiscal_data.TestE31CustomerFiscalData" name="test_05_escpos_e31_includes_customer_data" time="0.291"><skipped type="pytest.skip" message="Bill not found - testing logic directly">/app/backend/tests/test_e31_customer_fiscal_data.py:215: Bill not found - testing logic directly</skipped></testcase><testcase classname="backend.tests.test_e31_customer_fiscal_data.TestE31CustomerFiscalData" name="test_06_escpos_e32_excludes_customer_data" time="0.522"><skipped type="pytest.skip" message="Bill not found - testing logic directly">/app/backend/tests/test_e31_customer_fiscal_data.py:240: Bill not found - testing logic directly</skipped></testcase><testcase classname="backend.tests.test_e31_customer_fiscal_data.TestFiscalDataLogicDirect" name="test_07_fiscal_types_list_correct" time="0.000" /><testcase classname="backend.tests.test_e31_customer_fiscal_data.TestFiscalDataLogicDirect" name="test_08_ncf_type_inference_from_ecf_encf" time="0.000" /><testcase classname="backend.tests.test_e31_customer_fiscal_data.TestFiscalDataLogicDirect" name="test_09_customer_data_display_logic" time="0.000" /><testcase classname="backend.tests.test_e31_customer_fiscal_data.TestReceiptEndpointIntegration" name="test_10_receipt_endpoint_exists" time="0.156" /><testcase classname="backend.tests.test_e31_customer_fiscal_data.TestReceiptEndpointIntegration" name="test_11_health_check" time="0.215" /><testcase classname="backend.tests.test_e31_customer_fiscal_data.TestExistingBillsWithE31" name="test_12_find_e31_bills_and_verify_receipt" time="0.219" /></testsuite></testsuites>