<?xml version="1.0" encoding="utf-8"?><testsuites name="pytest tests"><testsuite name="pytest" errors="0" failures="2" skipped="6" tests="19" time="3.647" timestamp="2026-04-09T23:20:16.421717+00:00" hostname="agent-env-98952d4e-5f38-4e0c-90a9-7117afd3f16b"><testcase classname="backend.tests.test_e31_customer_fiscal_data.TestE31CustomerFiscalData" name="test_01_e31_receipt_includes_customer_data" time="0.290"><skipped type="pytest.skip" message="Bill not found - testing logic directly">/app/backend/tests/test_e31_customer_fiscal_data.py:120: Bill not found - testing logic directly</skipped></testcase><testcase classname="backend.tests.test_e31_customer_fiscal_data.TestE31CustomerFiscalData" name="test_02_e32_receipt_excludes_customer_data" time="0.214"><skipped type="pytest.skip" message="Bill not found - testing logic directly">/app/backend/tests/test_e31_customer_fiscal_data.py:147: Bill not found - testing logic directly</skipped></testcase><testcase classname="backend.tests.test_e31_customer_fiscal_data.TestE31CustomerFiscalData" name="test_03_e44_receipt_includes_customer_data" time="0.225"><skipped type="pytest.skip" message="Bill not found - testing logic directly">/app/backend/tests/test_e31_customer_fiscal_data.py:170: Bill not found - testing logic directly</skipped></testcase><testcase classname="backend.tests.test_e31_customer_fiscal_data.TestE31CustomerFiscalData" name="test_04_e45_receipt_includes_customer_data" time="0.227"><skipped type="pytest.skip" message="Bill not found - testing logic directly">/app/backend/tests/test_e31_customer_fiscal_data.py:192: Bill not found - testing logic directly</skipped></testcase><testcase classname="backend.tests.test_e31_customer_fiscal_data.TestE31CustomerFiscalData" name="test_05_escpos_e31_includes_customer_data" time="0.232"><skipped type="pytest.skip" message="Bill not found - testing logic directly">/app/backend/tests/test_e31_customer_fiscal_data.py:215: Bill not found - testing logic directly</skipped></testcase><testcase classname="backend.tests.test_e31_customer_fiscal_data.TestE31CustomerFiscalData" name="test_06_escpos_e32_excludes_customer_data" time="0.267"><skipped type="pytest.skip" message="Bill not found - testing logic directly">/app/backend/tests/test_e31_customer_fiscal_data.py:240: Bill not found - testing logic directly</skipped></testcase><testcase classname="backend.tests.test_e31_customer_fiscal_data.TestFiscalDataLogicDirect" name="test_07_fiscal_types_list_correct" time="0.000" /><testcase classname="backend.tests.test_e31_customer_fiscal_data.TestFiscalDataLogicDirect" name="test_08_ncf_type_inference_from_ecf_encf" time="0.000" /><testcase classname="backend.tests.test_e31_customer_fiscal_data.TestFiscalDataLogicDirect" name="test_09_customer_data_display_logic" time="0.000" /><testcase classname="backend.tests.test_e31_customer_fiscal_data.TestReceiptEndpointIntegration" name="test_10_receipt_endpoint_exists" time="0.203" /><testcase classname="backend.tests.test_e31_customer_fiscal_data.TestReceiptEndpointIntegration" name="test_11_health_check" time="0.228" /><testcase classname="backend.tests.test_e31_customer_fiscal_data.TestExistingBillsWithE31" name="test_12_find_e31_bills_and_verify_receipt" time="0.261" /><testcase classname="backend.tests.test_e31_full_integration.TestE31FullIntegration" name="test_01_create_e31_bill_and_verify_receipt" time="0.494"><failure message="AssertionError: Receipt request failed: 500&#10;assert 500 == 200&#10; +  where 500 = &lt;Response [500]&gt;.status_code">backend/tests/test_e31_full_integration.py:152: in test_01_create_e31_bill_and_verify_receipt
    assert receipt_resp.status_code == 200, f"Receipt request failed: {receipt_resp.status_code}"
E   AssertionError: Receipt request failed: 500
E   assert 500 == 200
E    +  where 500 = &lt;Response [500]&gt;.status_code</failure></testcase><testcase classname="backend.tests.test_e31_full_integration.TestE31FullIntegration" name="test_02_create_e32_bill_and_verify_no_customer_data" time="0.412"><failure message="AssertionError: Receipt request failed: 500&#10;assert 500 == 200&#10; +  where 500 = &lt;Response [500]&gt;.status_code">backend/tests/test_e31_full_integration.py:181: in test_02_create_e32_bill_and_verify_no_customer_data
    assert receipt_resp.status_code == 200, f"Receipt request failed: {receipt_resp.status_code}"
E   AssertionError: Receipt request failed: 500
E   assert 500 == 200
E    +  where 500 = &lt;Response [500]&gt;.status_code</failure></testcase><testcase classname="backend.tests.test_e31_full_integration.TestReceiptHTMLStructure" name="test_03_find_existing_e31_bill_verify_structure" time="0.243" /><testcase classname="backend.tests.test_e31_full_integration.TestReceiptHTMLStructure" name="test_04_verify_e32_bills_exclude_customer_data" time="0.251" /><testcase classname="backend.tests.test_e31_full_integration.TestCodeLogicVerification" name="test_05_verify_fiscal_types_in_code" time="0.004" /><testcase classname="backend.tests.test_e31_full_integration.TestCodeLogicVerification" name="test_06_verify_ecf_encf_check_comes_first" time="0.003" /><testcase classname="backend.tests.test_e31_full_integration.TestCodeLogicVerification" name="test_07_verify_e31_in_ncf_type_inference" time="0.003" /></testsuite></testsuites>