<?xml version="1.0" encoding="utf-8"?><testsuites name="pytest tests"><testsuite name="pytest" errors="0" failures="0" skipped="0" tests="12" time="2.280" timestamp="2026-04-14T02:00:11.843080+00:00" hostname="agent-env-98952d4e-5f38-4e0c-90a9-7117afd3f16b"><testcase classname="backend.tests.test_e34_credit_note_generator.TestE34CreditNoteGenerator" name="test_01_admin_login" time="0.276" /><testcase classname="backend.tests.test_e34_credit_note_generator.TestE34CreditNoteGenerator" name="test_02_cashier_login" time="0.133" /><testcase classname="backend.tests.test_e34_credit_note_generator.TestE34CreditNoteGenerator" name="test_03_admin_has_manage_credit_notes_permission" time="0.166" /><testcase classname="backend.tests.test_e34_credit_note_generator.TestE34CreditNoteGenerator" name="test_04_find_bill_by_transaction_number_admin" time="0.223" /><testcase classname="backend.tests.test_e34_credit_note_generator.TestE34CreditNoteGenerator" name="test_05_find_bill_by_encf_admin" time="0.177" /><testcase classname="backend.tests.test_e34_credit_note_generator.TestE34CreditNoteGenerator" name="test_06_find_bill_permission_denied_cashier" time="0.186" /><testcase classname="backend.tests.test_e34_credit_note_generator.TestE34CreditNoteGenerator" name="test_07_generate_e34_validation_no_search" time="0.217" /><testcase classname="backend.tests.test_e34_credit_note_generator.TestE34CreditNoteGenerator" name="test_08_generate_e34_validation_no_reason" time="0.189" /><testcase classname="backend.tests.test_e34_credit_note_generator.TestE34CreditNoteGenerator" name="test_09_generate_e34_permission_denied_cashier" time="0.176" /><testcase classname="backend.tests.test_e34_credit_note_generator.TestE34CreditNoteGenerator" name="test_10_permissions_endpoint_includes_manage_credit_notes" time="0.156" /><testcase classname="backend.tests.test_e34_credit_note_generator.TestE34CreditNoteEndpointStructure" name="test_find_bill_returns_expected_fields" time="0.168" /><testcase classname="backend.tests.test_e34_credit_note_generator.TestE34CreditNoteEndpointStructure" name="test_unauthenticated_request_rejected" time="0.149" /></testsuite></testsuites>