<?xml version="1.0" encoding="utf-8"?><testsuites name="pytest tests"><testsuite name="pytest" errors="0" failures="0" skipped="0" tests="10" time="1.452" timestamp="2026-04-01T22:22:51.974637+00:00" hostname="agent-env-9f36d099-1bc3-4b18-a55a-f50ccb146b3e"><testcase classname="backend.tests.test_ecf_credentials_management.TestEcfCredentialsEndpoints" name="test_get_thefactory_credentials" time="0.237" /><testcase classname="backend.tests.test_ecf_credentials_management.TestEcfCredentialsEndpoints" name="test_get_alanube_credentials" time="0.091" /><testcase classname="backend.tests.test_ecf_credentials_management.TestEcfCredentialsEndpoints" name="test_get_invalid_provider_credentials" time="0.088" /><testcase classname="backend.tests.test_ecf_credentials_management.TestEcfCredentialsEndpoints" name="test_save_thefactory_credentials" time="0.101" /><testcase classname="backend.tests.test_ecf_credentials_management.TestEcfCredentialsEndpoints" name="test_save_alanube_credentials" time="0.166" /><testcase classname="backend.tests.test_ecf_credentials_management.TestEcfCredentialsEndpoints" name="test_save_invalid_provider" time="0.052" /><testcase classname="backend.tests.test_ecf_credentials_management.TestEcfCredentialsEndpoints" name="test_masked_values_not_saved" time="0.149" /><testcase classname="backend.tests.test_ecf_credentials_management.TestEcfConfigEndpoint" name="test_ecf_config_shows_both_providers" time="0.050" /><testcase classname="backend.tests.test_ecf_credentials_management.TestEcfTestConnection" name="test_connection_with_db_credentials" time="0.394" /><testcase classname="backend.tests.test_ecf_credentials_management.TestSystemConfigMasking" name="test_system_config_masks_credentials" time="0.055" /></testsuite></testsuites>