<?xml version="1.0" encoding="utf-8"?><testsuites name="pytest tests"><testsuite name="pytest" errors="0" failures="0" skipped="0" tests="15" time="3.591" timestamp="2026-04-15T20:49:25.871610+00:00" hostname="agent-env-98952d4e-5f38-4e0c-90a9-7117afd3f16b"><testcase classname="tests.test_ecf_multiprod_provider.TestEcfProviderEndpoints" name="test_get_providers_returns_three_providers" time="0.287" /><testcase classname="tests.test_ecf_multiprod_provider.TestEcfProviderEndpoints" name="test_get_config_returns_current_config" time="0.179" /><testcase classname="tests.test_ecf_multiprod_provider.TestEcfProviderEndpoints" name="test_put_config_admin_can_set_multiprod" time="0.195" /><testcase classname="tests.test_ecf_multiprod_provider.TestEcfProviderEndpoints" name="test_put_config_validates_provider_name" time="0.208" /><testcase classname="tests.test_ecf_multiprod_provider.TestEcfProviderEndpoints" name="test_put_config_only_admin_can_update" time="0.178" /><testcase classname="tests.test_ecf_multiprod_provider.TestEcfProviderEndpoints" name="test_get_config_after_multiprod_shows_masked_values" time="0.249" /><testcase classname="tests.test_ecf_multiprod_provider.TestEcfProviderEndpoints" name="test_put_config_switch_back_to_alanube" time="0.276" /><testcase classname="tests.test_ecf_multiprod_provider.TestEcfProviderEndpoints" name="test_get_status_returns_404_for_nonexistent_bill" time="0.173" /><testcase classname="tests.test_ecf_multiprod_provider.TestEcfProviderEndpoints" name="test_test_multiprod_works_for_admin" time="0.568" /><testcase classname="tests.test_ecf_multiprod_provider.TestEcfProviderEndpoints" name="test_test_multiprod_returns_403_for_non_admin" time="0.216" /><testcase classname="tests.test_ecf_multiprod_provider.TestDispatcherLogic" name="test_send_ecf_with_alanube_provider" time="0.216" /><testcase classname="tests.test_ecf_multiprod_provider.TestFernetEncryption" name="test_encryption_key_configured" time="0.183" /><testcase classname="tests.test_ecf_multiprod_provider.TestCleanupJob" name="test_cleanup_job_endpoint_exists" time="0.174" /><testcase classname="tests.test_ecf_multiprod_provider.TestSendMultiprodEndpoint" name="test_send_multiprod_returns_501_for_xml_builder" time="0.231" /><testcase classname="tests.test_ecf_multiprod_provider.TestCleanup" name="test_reset_provider_to_alanube" time="0.177" /></testsuite></testsuites>