<?xml version="1.0" encoding="utf-8"?><testsuites name="pytest tests"><testsuite name="pytest" errors="0" failures="0" skipped="0" tests="12" time="4.310" timestamp="2026-02-25T22:26:42.680071+00:00" hostname="agent-env-02871217-e004-4d24-947f-9d03a9cd942e"><testcase classname="backend.tests.test_employee_management.TestRolesAPI" name="test_01_roles_endpoint_returns_builtin_roles" time="0.500" /><testcase classname="backend.tests.test_employee_management.TestRolesAPI" name="test_02_roles_spanish_labels" time="0.172" /><testcase classname="backend.tests.test_employee_management.TestRolesAPI" name="test_03_roles_have_permissions" time="0.212" /><testcase classname="backend.tests.test_employee_management.TestUserAPI" name="test_01_get_user_by_id" time="0.143" /><testcase classname="backend.tests.test_employee_management.TestUserAPI" name="test_02_users_list_returns_all_users" time="0.191" /><testcase classname="backend.tests.test_employee_management.TestUserAPI" name="test_03_users_have_spanish_role_label_in_response" time="0.130" /><testcase classname="backend.tests.test_employee_management.TestUpdateUserRole" name="test_01_update_user_role" time="0.708" /><testcase classname="backend.tests.test_employee_management.TestPermissionsCustomization" name="test_01_update_individual_permission" time="0.625" /><testcase classname="backend.tests.test_employee_management.TestCreateRole" name="test_01_create_custom_role" time="0.391" /><testcase classname="backend.tests.test_employee_management.TestCreateNewEmployee" name="test_01_create_new_employee" time="0.266" /><testcase classname="backend.tests.test_employee_management.TestCreateNewEmployee" name="test_02_pin_validation" time="0.328" /><testcase classname="backend.tests.test_employee_management.TestTrainingMode" name="test_01_toggle_training_mode" time="0.576" /></testsuite></testsuites>