<?xml version="1.0" encoding="utf-8"?><testsuites name="pytest tests"><testsuite name="pytest" errors="0" failures="0" skipped="0" tests="4" time="1.379" timestamp="2026-02-17T03:06:37.455170+00:00" hostname="agent-env-e7d323ea-329e-49b9-a0ed-c63d53285699"><testcase classname="backend.tests.test_express_void.TestExpressVoidBackend" name="test_express_void_pending_item_success" time="0.534" /><testcase classname="backend.tests.test_express_void.TestExpressVoidBackend" name="test_express_void_fails_for_sent_item" time="0.238" /><testcase classname="backend.tests.test_express_void.TestAuditProtocolBackend" name="test_audit_cancel_sent_item_with_reason" time="0.433" /><testcase classname="backend.tests.test_express_void.TestCancellationReasons" name="test_get_cancellation_reasons" time="0.117" /></testsuite></testsuites>