<?xml version="1.0" encoding="utf-8"?><testsuites name="pytest tests"><testsuite name="pytest" errors="0" failures="1" skipped="0" tests="4" time="1.633" timestamp="2026-02-17T03:06:15.263937+00:00" hostname="agent-env-e7d323ea-329e-49b9-a0ed-c63d53285699"><testcase classname="backend.tests.test_express_void.TestExpressVoidBackend" name="test_express_void_pending_item_success" time="0.717" /><testcase classname="backend.tests.test_express_void.TestExpressVoidBackend" name="test_express_void_fails_for_sent_item" time="0.305" /><testcase classname="backend.tests.test_express_void.TestAuditProtocolBackend" name="test_audit_cancel_sent_item_with_reason" time="0.408"><failure message="AssertionError: Audit cancel failed: {&quot;detail&quot;:&quot;Esta anulación requiere autorización de gerente&quot;}&#10;assert 403 == 200&#10; +  where 403 = &lt;Response [403]&gt;.status_code">backend/tests/test_express_void.py:182: in test_audit_cancel_sent_item_with_reason
    assert response.status_code == 200, f"Audit cancel failed: {response.text}"
E   AssertionError: Audit cancel failed: {"detail":"Esta anulación requiere autorización de gerente"}
E   assert 403 == 200
E    +  where 403 = &lt;Response [403]&gt;.status_code</failure></testcase><testcase classname="backend.tests.test_express_void.TestCancellationReasons" name="test_get_cancellation_reasons" time="0.130" /></testsuite></testsuites>