<?xml version="1.0" encoding="utf-8"?><testsuites name="pytest tests"><testsuite name="pytest" errors="0" failures="0" skipped="0" tests="10" time="2.636" timestamp="2026-02-23T23:20:05.539608+00:00" hostname="agent-env-5c0bd63f-7bd8-449f-9492-08efd3b734f0"><testcase classname="backend.tests.test_fiscal_invoice_fix.TestPrintReceiptHTMLFiscalData" name="test_print_receipt_html_endpoint_exists" time="0.439" /><testcase classname="backend.tests.test_fiscal_invoice_fix.TestPrintReceiptHTMLFiscalData" name="test_print_receipt_with_fiscal_data_includes_customer_section" time="0.238" /><testcase classname="backend.tests.test_fiscal_invoice_fix.TestPrintReceiptHTMLFiscalData" name="test_print_receipt_without_fiscal_data_no_customer_section" time="0.374" /><testcase classname="backend.tests.test_fiscal_invoice_fix.TestPrintReceiptESCPOSFiscalData" name="test_print_receipt_escpos_endpoint_exists" time="0.279" /><testcase classname="backend.tests.test_fiscal_invoice_fix.TestPrintReceiptESCPOSFiscalData" name="test_print_receipt_escpos_with_fiscal_data_includes_customer_section" time="0.220" /><testcase classname="backend.tests.test_fiscal_invoice_fix.TestNCFTypeInference" name="test_ncf_type_inference_b01" time="0.240" /><testcase classname="backend.tests.test_fiscal_invoice_fix.TestNCFTypeInference" name="test_b02_ncf_no_fiscal_section_required" time="0.226" /><testcase classname="backend.tests.test_fiscal_invoice_fix.TestPayBillWithFiscalData" name="test_pay_bill_input_accepts_fiscal_fields" time="0.127" /><testcase classname="backend.tests.test_fiscal_invoice_fix.TestBillFiscalDataPersistence" name="test_bill_contains_fiscal_fields" time="0.162" /><testcase classname="backend.tests.test_fiscal_invoice_fix.TestSpecificBugFix" name="test_inference_when_ncf_type_is_none" time="0.259" /></testsuite></testsuites>