<?xml version="1.0" encoding="utf-8"?><testsuites name="pytest tests"><testsuite name="pytest" errors="0" failures="0" skipped="0" tests="7" time="1.956" timestamp="2026-02-23T22:17:53.464104+00:00" hostname="agent-env-00ee9e08-6970-4ded-9d7b-94375c46921c"><testcase classname="backend.tests.test_fiscal_data_drawer_bug.TestCustomerCreationBugFix" name="test_create_customer_with_empty_strings" time="0.381" /><testcase classname="backend.tests.test_fiscal_data_drawer_bug.TestCustomerCreationBugFix" name="test_create_customer_with_rnc_9_digits" time="0.555" /><testcase classname="backend.tests.test_fiscal_data_drawer_bug.TestCustomerCreationBugFix" name="test_create_customer_with_cedula_11_digits" time="0.190" /><testcase classname="backend.tests.test_fiscal_data_drawer_bug.TestCustomerCreationBugFix" name="test_create_customer_with_optional_email" time="0.216" /><testcase classname="backend.tests.test_fiscal_data_drawer_bug.TestCustomerSearch" name="test_search_customer_by_rnc" time="0.285" /><testcase classname="backend.tests.test_fiscal_data_drawer_bug.TestCustomerSearch" name="test_search_nonexistent_rnc" time="0.133" /><testcase classname="backend.tests.test_fiscal_data_drawer_bug.TestBillPaymentWithFiscalData" name="test_get_bill_for_payment" time="0.124" /></testsuite></testsuites>