<?xml version="1.0" encoding="utf-8"?><testsuites name="pytest tests"><testsuite name="pytest" errors="0" failures="0" skipped="0" tests="9" time="3.746" timestamp="2026-02-23T19:25:05.565823+00:00" hostname="agent-env-1efef5b8-a232-4269-82a0-5306b8be21be"><testcase classname="tests.test_fiscal_data_capture.TestCustomerSearchByRNC" name="test_search_customer_by_rnc_returns_empty_when_not_found" time="0.345" /><testcase classname="tests.test_fiscal_data_capture.TestCustomerSearchByRNC" name="test_search_customer_by_rnc_format" time="0.482" /><testcase classname="tests.test_fiscal_data_capture.TestCustomerSearchByRNC" name="test_search_customer_by_search_param" time="0.289" /><testcase classname="tests.test_fiscal_data_capture.TestCustomerSearchByRNC" name="test_list_all_customers" time="0.319" /><testcase classname="tests.test_fiscal_data_capture.TestCreateCustomerWithRNC" name="test_create_customer_with_rnc" time="0.578" /><testcase classname="tests.test_fiscal_data_capture.TestCreateCustomerWithRNC" name="test_search_created_customer_by_rnc" time="0.718" /><testcase classname="tests.test_fiscal_data_capture.TestPayBillWithFiscalData" name="test_pay_bill_accepts_fiscal_data_fields" time="0.327" /><testcase classname="tests.test_fiscal_data_capture.TestFiscalTypesB01B14B15" name="test_sale_types_include_ncf_type" time="0.336" /><testcase classname="tests.test_fiscal_data_capture.TestFiscalTypesB01B14B15" name="test_payment_methods_available" time="0.286" /></testsuite></testsuites>