<?xml version="1.0" encoding="utf-8"?><testsuites name="pytest tests"><testsuite name="pytest" errors="0" failures="0" skipped="0" tests="14" time="5.843" timestamp="2026-04-10T00:25:54.034836+00:00" hostname="agent-env-98952d4e-5f38-4e0c-90a9-7117afd3f16b"><testcase classname="backend.tests.test_force_contingency_ecf_type.TestForceContingencyAndEcfType" name="test_01_uber_eats_payment_method_exists" time="0.429" /><testcase classname="backend.tests.test_force_contingency_ecf_type.TestForceContingencyAndEcfType" name="test_02_create_payment_method_with_force_contingency" time="0.466" /><testcase classname="backend.tests.test_force_contingency_ecf_type.TestForceContingencyAndEcfType" name="test_03_update_payment_method_force_contingency" time="0.757" /><testcase classname="backend.tests.test_force_contingency_ecf_type.TestForceContingencyAndEcfType" name="test_04_edit_ecf_type_endpoint_exists" time="0.337" /><testcase classname="backend.tests.test_force_contingency_ecf_type.TestForceContingencyAndEcfType" name="test_05_edit_ecf_type_requires_auth" time="0.362" /><testcase classname="backend.tests.test_force_contingency_ecf_type.TestForceContingencyAndEcfType" name="test_06_edit_ecf_type_admin_can_access" time="0.577" /><testcase classname="backend.tests.test_force_contingency_ecf_type.TestForceContingencyAndEcfType" name="test_07_edit_ecf_type_waiter_denied" time="0.378" /><testcase classname="backend.tests.test_force_contingency_ecf_type.TestForceContingencyAndEcfType" name="test_08_edit_ecf_type_validates_ecf_type" time="0.334" /><testcase classname="backend.tests.test_force_contingency_ecf_type.TestForceContingencyAndEcfType" name="test_09_edit_ecf_type_only_contingencia_bills" time="0.486" /><testcase classname="backend.tests.test_force_contingency_ecf_type.TestForceContingencyAndEcfType" name="test_10_edit_ecf_type_permission_exists" time="0.405" /><testcase classname="backend.tests.test_force_contingency_ecf_type.TestForceContingencyAndEcfType" name="test_11_retry_ecf_permission_exists" time="0.337" /><testcase classname="backend.tests.test_force_contingency_ecf_type.TestForceContingencyAndEcfType" name="test_12_full_contingency_flow" time="0.411" /><testcase classname="backend.tests.test_force_contingency_ecf_type.TestEcfDashboardIntegration" name="test_01_ecf_dashboard_endpoint_exists" time="0.277" /><testcase classname="backend.tests.test_force_contingency_ecf_type.TestEcfDashboardIntegration" name="test_02_find_contingencia_bills" time="0.212" /></testsuite></testsuites>