<?xml version="1.0" encoding="utf-8"?><testsuites name="pytest tests"><testsuite name="pytest" errors="0" failures="2" skipped="0" tests="17" time="5.253" timestamp="2026-02-25T23:50:01.823766+00:00" hostname="agent-env-752dfc92-8cad-445b-a25d-1d66a65026a3"><testcase classname="backend.tests.test_hierarchical_security.TestAdminListUsers" name="test_01_admin_can_list_users" time="0.417" /><testcase classname="backend.tests.test_hierarchical_security.TestAdminListUsers" name="test_02_admin_does_not_see_themselves" time="0.397" /><testcase classname="backend.tests.test_hierarchical_security.TestAdminListUsers" name="test_03_admin_sees_all_lower_level_users" time="0.293" /><testcase classname="backend.tests.test_hierarchical_security.TestCarlosListUsers" name="test_01_carlos_can_list_users" time="0.307" /><testcase classname="backend.tests.test_hierarchical_security.TestCarlosListUsers" name="test_02_carlos_sees_only_lower_level_users" time="0.317" /><testcase classname="backend.tests.test_hierarchical_security.TestLuisListUsers" name="test_01_luis_sees_only_lower_level_users" time="0.297" /><testcase classname="backend.tests.test_hierarchical_security.TestCarlosRolePermissions" name="test_01_carlos_cannot_create_roles" time="0.317" /><testcase classname="backend.tests.test_hierarchical_security.TestCarlosRolePermissions" name="test_02_carlos_cannot_delete_roles" time="0.328" /><testcase classname="backend.tests.test_hierarchical_security.TestAdminRoleManagement" name="test_01_admin_can_create_role_with_level" time="0.406" /><testcase classname="backend.tests.test_hierarchical_security.TestAdminRoleManagement" name="test_02_admin_can_list_all_roles" time="0.304"><failure message="AssertionError: Role Administrador should have level field&#10;assert 'level' in {'code': 'admin', 'id': 'd683744c-9288-4233-a742-c16a29ea2b98', 'is_system': True, 'name': 'Administrador'}">backend/tests/test_hierarchical_security.py:252: in test_02_admin_can_list_all_roles
    assert "level" in role, f"Role {role.get('name')} should have level field"
E   AssertionError: Role Administrador should have level field
E   assert 'level' in {'code': 'admin', 'id': 'd683744c-9288-4233-a742-c16a29ea2b98', 'is_system': True, 'name': 'Administrador'}</failure></testcase><testcase classname="backend.tests.test_hierarchical_security.TestAuditLogs" name="test_01_admin_can_view_audit_logs" time="0.423" /><testcase classname="backend.tests.test_hierarchical_security.TestAuditLogs" name="test_02_carlos_cannot_view_audit_logs" time="0.415" /><testcase classname="backend.tests.test_hierarchical_security.TestRoleLevelInResponse" name="test_01_login_response_includes_role_level" time="0.103" /><testcase classname="backend.tests.test_hierarchical_security.TestRoleLevelInResponse" name="test_02_carlos_has_role_level_20" time="0.110" /><testcase classname="backend.tests.test_hierarchical_security.TestRoleLevelInResponse" name="test_03_chef_pedro_has_role_level_10" time="0.119" /><testcase classname="backend.tests.test_hierarchical_security.TestRolesEndpointFiltering" name="test_01_admin_sees_all_roles" time="0.283" /><testcase classname="backend.tests.test_hierarchical_security.TestRolesEndpointFiltering" name="test_02_carlos_sees_filtered_roles" time="0.312"><failure message="AssertionError: Carlos should NOT see admin role (level 100)&#10;assert 'admin' not in ['kitchen', 'admin', 'waiter', 'cashier', 'kitchen', 'supervisor_test', ...]">backend/tests/test_hierarchical_security.py:358: in test_02_carlos_sees_filtered_roles
    assert "admin" not in role_codes, "Carlos should NOT see admin role (level 100)"
E   AssertionError: Carlos should NOT see admin role (level 100)
E   assert 'admin' not in ['kitchen', 'admin', 'waiter', 'cashier', 'kitchen', 'supervisor_test', ...]</failure></testcase></testsuite></testsuites>