<?xml version="1.0" encoding="utf-8"?><testsuites name="pytest tests"><testsuite name="pytest" errors="0" failures="0" skipped="0" tests="17" time="4.601" timestamp="2026-02-25T23:53:27.426896+00:00" hostname="agent-env-752dfc92-8cad-445b-a25d-1d66a65026a3"><testcase classname="backend.tests.test_hierarchical_security.TestAdminListUsers" name="test_01_admin_can_list_users" time="0.314" /><testcase classname="backend.tests.test_hierarchical_security.TestAdminListUsers" name="test_02_admin_does_not_see_themselves" time="0.280" /><testcase classname="backend.tests.test_hierarchical_security.TestAdminListUsers" name="test_03_admin_sees_all_lower_level_users" time="0.273" /><testcase classname="backend.tests.test_hierarchical_security.TestCarlosListUsers" name="test_01_carlos_can_list_users" time="0.322" /><testcase classname="backend.tests.test_hierarchical_security.TestCarlosListUsers" name="test_02_carlos_sees_only_lower_level_users" time="0.211" /><testcase classname="backend.tests.test_hierarchical_security.TestLuisListUsers" name="test_01_luis_sees_only_lower_level_users" time="0.342" /><testcase classname="backend.tests.test_hierarchical_security.TestCarlosRolePermissions" name="test_01_carlos_cannot_create_roles" time="0.256" /><testcase classname="backend.tests.test_hierarchical_security.TestCarlosRolePermissions" name="test_02_carlos_cannot_delete_roles" time="0.253" /><testcase classname="backend.tests.test_hierarchical_security.TestAdminRoleManagement" name="test_01_admin_can_create_role_with_level" time="0.369" /><testcase classname="backend.tests.test_hierarchical_security.TestAdminRoleManagement" name="test_02_admin_can_list_all_builtin_roles" time="0.288" /><testcase classname="backend.tests.test_hierarchical_security.TestAuditLogs" name="test_01_admin_can_view_audit_logs" time="0.364" /><testcase classname="backend.tests.test_hierarchical_security.TestAuditLogs" name="test_02_carlos_cannot_view_audit_logs" time="0.397" /><testcase classname="backend.tests.test_hierarchical_security.TestRoleLevelInResponse" name="test_01_login_response_includes_role_level" time="0.125" /><testcase classname="backend.tests.test_hierarchical_security.TestRoleLevelInResponse" name="test_02_carlos_has_role_level_20" time="0.134" /><testcase classname="backend.tests.test_hierarchical_security.TestRoleLevelInResponse" name="test_03_chef_pedro_has_role_level_10" time="0.123" /><testcase classname="backend.tests.test_hierarchical_security.TestRolesEndpointFiltering" name="test_01_admin_sees_all_roles" time="0.225" /><testcase classname="backend.tests.test_hierarchical_security.TestRolesEndpointFiltering" name="test_02_carlos_sees_lower_level_builtin_roles" time="0.246" /></testsuite></testsuites>