<?xml version="1.0" encoding="utf-8"?><testsuites name="pytest tests"><testsuite name="pytest" errors="0" failures="0" skipped="0" tests="12" time="4.064" timestamp="2026-02-26T00:32:22.568206+00:00" hostname="agent-env-752dfc92-8cad-445b-a25d-1d66a65026a3"><testcase classname="backend.tests.test_hierarchical_security_v2.TestAdminLoginRoleLevel" name="test_admin_login_returns_level_100" time="0.226" /><testcase classname="backend.tests.test_hierarchical_security_v2.TestLuisLoginRoleLevel" name="test_luis_login_returns_level_30" time="0.158" /><testcase classname="backend.tests.test_hierarchical_security_v2.TestCarlosLoginRoleLevel" name="test_carlos_login_returns_level_20" time="0.178" /><testcase classname="backend.tests.test_hierarchical_security_v2.TestRolesEndpointCashierLevel" name="test_roles_cashier_level_30_mesero_level_20" time="0.246" /><testcase classname="backend.tests.test_hierarchical_security_v2.TestAdminListUsers" name="test_admin_sees_all_6_users_including_self" time="0.248" /><testcase classname="backend.tests.test_hierarchical_security_v2.TestCarlosListUsers" name="test_carlos_sees_only_chef_pedro" time="0.569" /><testcase classname="backend.tests.test_hierarchical_security_v2.TestLuisListUsers" name="test_luis_sees_meseros_and_kitchen" time="0.296" /><testcase classname="backend.tests.test_hierarchical_security_v2.TestCarlosCannotCreateRoles" name="test_carlos_cannot_post_roles" time="0.335" /><testcase classname="backend.tests.test_hierarchical_security_v2.TestCarlosCannotDeleteUser" name="test_carlos_cannot_delete_user_same_level_or_higher" time="0.580" /><testcase classname="backend.tests.test_hierarchical_security_v2.TestAdminCanDeleteLowerLevelUser" name="test_admin_can_delete_lower_level_user" time="0.487" /><testcase classname="backend.tests.test_hierarchical_security_v2.TestAdminCannotDeleteSelf" name="test_admin_cannot_delete_themselves" time="0.341" /><testcase classname="backend.tests.test_hierarchical_security_v2.TestAuditLogsCreated" name="test_audit_logs_exist" time="0.321" /></testsuite></testsuites>