<?xml version="1.0" encoding="utf-8"?><testsuites name="pytest tests"><testsuite name="pytest" errors="0" failures="0" skipped="0" tests="6" time="1.501" timestamp="2026-04-21T13:04:23.555419+00:00" hostname="agent-env-98952d4e-5f38-4e0c-90a9-7117afd3f16b"><testcase classname="backend.tests.test_hours_worked_d1d4" name="test_hours_worked_json" time="0.327" /><testcase classname="backend.tests.test_hours_worked_d1d4" name="test_hours_worked_empty_range" time="0.221" /><testcase classname="backend.tests.test_hours_worked_d1d4" name="test_hours_worked_pdf" time="0.330" /><testcase classname="backend.tests.test_hours_worked_d1d4" name="test_hours_worked_xlsx" time="0.140" /><testcase classname="backend.tests.test_hours_worked_d1d4" name="test_hours_worked_pdf_requires_auth" time="0.115" /><testcase classname="backend.tests.test_hours_worked_d1d4" name="test_hours_worked_xlsx_requires_auth" time="0.142" /></testsuite></testsuites>