<?xml version="1.0" encoding="utf-8"?><testsuites name="pytest tests"><testsuite name="pytest" errors="0" failures="0" skipped="0" tests="5" time="1.414" timestamp="2026-04-21T02:08:24.079733+00:00" hostname="agent-env-98952d4e-5f38-4e0c-90a9-7117afd3f16b"><testcase classname="backend.tests.test_hourly_sales_report.TestHourlySalesJSON" name="test_returns_24_buckets" time="0.336" /><testcase classname="backend.tests.test_hourly_sales_report.TestHourlySalesXLSX" name="test_xlsx_formulas" time="0.142" /><testcase classname="backend.tests.test_hourly_sales_report.TestHourlySalesPDF" name="test_pdf_valid_and_content" time="0.400" /><testcase classname="backend.tests.test_hourly_sales_report.TestHourlySalesAuth" name="test_xlsx_requires_auth" time="0.138" /><testcase classname="backend.tests.test_hourly_sales_report.TestHourlySalesAuth" name="test_pdf_requires_auth" time="0.149" /></testsuite></testsuites>