<?xml version="1.0" encoding="utf-8"?><testsuites name="pytest tests"><testsuite name="pytest" errors="0" failures="0" skipped="0" tests="12" time="5.493" timestamp="2026-02-21T14:24:37.557559+00:00" hostname="agent-env-9a52da03-05da-4d9b-8571-a6286863c70e"><testcase classname="backend.tests.test_intelligent_tax_engine.TestIntelligentTaxEngine" name="test_auth_working" time="0.286" /><testcase classname="backend.tests.test_intelligent_tax_engine.TestIntelligentTaxEngine" name="test_get_sale_types" time="0.257" /><testcase classname="backend.tests.test_intelligent_tax_engine.TestIntelligentTaxEngine" name="test_get_tax_config" time="0.224" /><testcase classname="backend.tests.test_intelligent_tax_engine.TestIntelligentTaxEngine" name="test_calculate_cart_consumo_local" time="0.554" /><testcase classname="backend.tests.test_intelligent_tax_engine.TestIntelligentTaxEngine" name="test_calculate_cart_gubernamental_no_itbis" time="0.494" /><testcase classname="backend.tests.test_intelligent_tax_engine.TestIntelligentTaxEngine" name="test_category_tax_config_get" time="0.332" /><testcase classname="backend.tests.test_intelligent_tax_engine.TestIntelligentTaxEngine" name="test_category_tax_config_post" time="0.460" /><testcase classname="backend.tests.test_intelligent_tax_engine.TestNCFGeneration" name="test_get_ncf_sequences" time="0.527" /><testcase classname="backend.tests.test_intelligent_tax_engine.TestNCFGeneration" name="test_ncf_generate_for_sale_endpoint_exists" time="0.585" /><testcase classname="backend.tests.test_intelligent_tax_engine.TestNCFGeneration" name="test_ncf_generate_for_sale_with_valid_amount" time="0.885" /><testcase classname="backend.tests.test_intelligent_tax_engine.TestNCFSequenceUpdate" name="test_ncf_sequence_has_authorized_sale_types_field" time="0.491" /><testcase classname="backend.tests.test_intelligent_tax_engine.TestNCFSequenceUpdate" name="test_ncf_types_available" time="0.342" /></testsuite></testsuites>