<?xml version="1.0" encoding="utf-8"?><testsuites name="pytest tests"><testsuite name="pytest" errors="0" failures="0" skipped="0" tests="24" time="3.548" timestamp="2026-02-13T02:26:48.502680+00:00" hostname="agent-env-b3ea2b11-66e8-47bc-950d-d2889ce04d2a"><testcase classname="backend.tests.test_inventory_module.TestIngredients" name="test_list_ingredients" time="0.122" /><testcase classname="backend.tests.test_inventory_module.TestIngredients" name="test_create_ingredient" time="0.075" /><testcase classname="backend.tests.test_inventory_module.TestIngredients" name="test_get_ingredient_by_id" time="0.103" /><testcase classname="backend.tests.test_inventory_module.TestIngredients" name="test_update_ingredient" time="0.194" /><testcase classname="backend.tests.test_inventory_module.TestIngredients" name="test_delete_ingredient" time="0.149" /><testcase classname="backend.tests.test_inventory_module.TestWarehouses" name="test_list_warehouses" time="0.073" /><testcase classname="backend.tests.test_inventory_module.TestWarehouses" name="test_create_warehouse" time="0.114" /><testcase classname="backend.tests.test_inventory_module.TestWarehouses" name="test_update_warehouse" time="0.144" /><testcase classname="backend.tests.test_inventory_module.TestWarehouses" name="test_delete_warehouse" time="0.147" /><testcase classname="backend.tests.test_inventory_module.TestSuppliers" name="test_list_suppliers" time="0.072" /><testcase classname="backend.tests.test_inventory_module.TestSuppliers" name="test_create_supplier" time="0.074" /><testcase classname="backend.tests.test_inventory_module.TestSuppliers" name="test_get_supplier_by_id" time="0.101" /><testcase classname="backend.tests.test_inventory_module.TestSuppliers" name="test_update_supplier" time="0.141" /><testcase classname="backend.tests.test_inventory_module.TestSuppliers" name="test_delete_supplier" time="0.147" /><testcase classname="backend.tests.test_inventory_module.TestRecipes" name="test_list_recipes" time="0.067" /><testcase classname="backend.tests.test_inventory_module.TestRecipes" name="test_create_recipe_with_ingredients_and_waste" time="0.144" /><testcase classname="backend.tests.test_inventory_module.TestRecipes" name="test_delete_recipe" time="0.106" /><testcase classname="backend.tests.test_inventory_module.TestPurchaseOrders" name="test_list_purchase_orders" time="0.068" /><testcase classname="backend.tests.test_inventory_module.TestPurchaseOrders" name="test_full_purchase_order_lifecycle" time="0.395" /><testcase classname="backend.tests.test_inventory_module.TestStockOperations" name="test_list_stock" time="0.072" /><testcase classname="backend.tests.test_inventory_module.TestStockOperations" name="test_stock_transfer_between_warehouses" time="0.182" /><testcase classname="backend.tests.test_inventory_module.TestStockOperations" name="test_stock_adjustment" time="0.171" /><testcase classname="backend.tests.test_inventory_module.TestStockOperations" name="test_list_stock_movements" time="0.065" /><testcase classname="backend.tests.test_inventory_module.TestCleanup" name="test_cleanup_test_data" time="0.527" /></testsuite></testsuites>