<?xml version="1.0" encoding="utf-8"?><testsuites name="pytest tests"><testsuite name="pytest" errors="0" failures="0" skipped="0" tests="17" time="2.377" timestamp="2026-02-26T03:07:21.062277+00:00" hostname="agent-env-0cc7dad4-399c-4081-97c8-1d2f53bb8bc2"><testcase classname="backend.tests.test_inventory_valuation.TestInventoryValuationEndpoint" name="test_inventory_valuation_returns_200" time="0.190" /><testcase classname="backend.tests.test_inventory_valuation.TestInventoryValuationEndpoint" name="test_inventory_valuation_has_total_value" time="0.153" /><testcase classname="backend.tests.test_inventory_valuation.TestInventoryValuationEndpoint" name="test_inventory_valuation_has_total_items" time="0.128" /><testcase classname="backend.tests.test_inventory_valuation.TestInventoryValuationEndpoint" name="test_inventory_valuation_has_total_ingredients" time="0.139" /><testcase classname="backend.tests.test_inventory_valuation.TestInventoryValuationEndpoint" name="test_inventory_valuation_has_by_category_as_object" time="0.120" /><testcase classname="backend.tests.test_inventory_valuation.TestInventoryValuationEndpoint" name="test_inventory_valuation_has_by_warehouse_as_array" time="0.121" /><testcase classname="backend.tests.test_inventory_valuation.TestInventoryValuationEndpoint" name="test_inventory_valuation_has_dead_stock" time="0.105" /><testcase classname="backend.tests.test_inventory_valuation.TestInventoryValuationEndpoint" name="test_inventory_valuation_items_have_correct_field_names" time="0.150" /><testcase classname="backend.tests.test_inventory_valuation.TestValuationTrendsEndpoint" name="test_valuation_trends_7d_returns_200" time="0.155" /><testcase classname="backend.tests.test_inventory_valuation.TestValuationTrendsEndpoint" name="test_valuation_trends_7d_has_current_value" time="0.117" /><testcase classname="backend.tests.test_inventory_valuation.TestValuationTrendsEndpoint" name="test_valuation_trends_7d_has_category_distribution" time="0.177" /><testcase classname="backend.tests.test_inventory_valuation.TestValuationTrendsEndpoint" name="test_valuation_trends_7d_has_daily_valuations" time="0.138" /><testcase classname="backend.tests.test_inventory_valuation.TestValuationTrendsEndpoint" name="test_valuation_trends_30d_returns_200" time="0.154" /><testcase classname="backend.tests.test_inventory_valuation.TestValuationTrendsEndpoint" name="test_valuation_trends_30d_has_current_value" time="0.112" /><testcase classname="backend.tests.test_inventory_valuation.TestValuationTrendsEndpoint" name="test_valuation_trends_30d_has_30_entries" time="0.122" /><testcase classname="backend.tests.test_inventory_valuation.TestValuationTrendsEndpoint" name="test_valuation_trends_has_trend_object" time="0.105" /><testcase classname="backend.tests.test_inventory_valuation.TestValuationTrendsEndpoint" name="test_valuation_trends_has_data_source" time="0.115" /></testsuite></testsuites>