<?xml version="1.0" encoding="utf-8"?><testsuites name="pytest tests"><testsuite name="pytest" errors="0" failures="1" skipped="0" tests="8" time="1.490" timestamp="2026-02-13T03:31:19.620636+00:00" hostname="agent-env-1978b243-5e91-4339-b002-2e578432acf6"><testcase classname="backend.tests.test_inventory_stock_control.TestInventoryStockControl" name="test_01_get_inventory_settings" time="0.109"><failure message="AssertionError: Missing default_warehouse_id field&#10;assert 'default_warehouse_id' in {'allow_sale_without_stock': False, 'auto_deduct_on_payment': True, 'id': 'inventory_settings', 'updated_at': '2026-02-13T03:28:46.476260+00:00'}">backend/tests/test_inventory_stock_control.py:38: in test_01_get_inventory_settings
    assert "default_warehouse_id" in data, "Missing default_warehouse_id field"
E   AssertionError: Missing default_warehouse_id field
E   assert 'default_warehouse_id' in {'allow_sale_without_stock': False, 'auto_deduct_on_payment': True, 'id': 'inventory_settings', 'updated_at': '2026-02-13T03:28:46.476260+00:00'}</failure></testcase><testcase classname="backend.tests.test_inventory_stock_control.TestInventoryStockControl" name="test_02_update_inventory_settings_allow_sale_without_stock" time="0.183" /><testcase classname="backend.tests.test_inventory_stock_control.TestInventoryStockControl" name="test_03_update_inventory_settings_auto_deduct" time="0.216" /><testcase classname="backend.tests.test_inventory_stock_control.TestInventoryStockControl" name="test_04_update_inventory_settings_default_warehouse" time="0.168" /><testcase classname="backend.tests.test_inventory_stock_control.TestInventoryStockControl" name="test_05_get_products_stock_status" time="0.074" /><testcase classname="backend.tests.test_inventory_stock_control.TestInventoryStockControl" name="test_06_products_stock_with_warehouse_param" time="0.115" /><testcase classname="backend.tests.test_inventory_stock_control.TestBillPaymentInventoryDeduction" name="test_01_verify_auto_deduct_setting_exists" time="0.064" /><testcase classname="backend.tests.test_inventory_stock_control.TestBillPaymentInventoryDeduction" name="test_02_create_order_create_bill_pay" time="0.484" /></testsuite></testsuites>