<?xml version="1.0" encoding="utf-8"?><testsuites name="pytest tests"><testsuite name="pytest" errors="0" failures="0" skipped="0" tests="8" time="1.343" timestamp="2026-02-13T03:31:36.782689+00:00" hostname="agent-env-1978b243-5e91-4339-b002-2e578432acf6"><testcase classname="backend.tests.test_inventory_stock_control.TestInventoryStockControl" name="test_01_get_inventory_settings" time="0.096" /><testcase classname="backend.tests.test_inventory_stock_control.TestInventoryStockControl" name="test_02_update_inventory_settings_allow_sale_without_stock" time="0.181" /><testcase classname="backend.tests.test_inventory_stock_control.TestInventoryStockControl" name="test_03_update_inventory_settings_auto_deduct" time="0.248" /><testcase classname="backend.tests.test_inventory_stock_control.TestInventoryStockControl" name="test_04_update_inventory_settings_default_warehouse" time="0.161" /><testcase classname="backend.tests.test_inventory_stock_control.TestInventoryStockControl" name="test_05_get_products_stock_status" time="0.073" /><testcase classname="backend.tests.test_inventory_stock_control.TestInventoryStockControl" name="test_06_products_stock_with_warehouse_param" time="0.111" /><testcase classname="backend.tests.test_inventory_stock_control.TestBillPaymentInventoryDeduction" name="test_01_verify_auto_deduct_setting_exists" time="0.064" /><testcase classname="backend.tests.test_inventory_stock_control.TestBillPaymentInventoryDeduction" name="test_02_create_order_create_bill_pay" time="0.350" /></testsuite></testsuites>