<?xml version="1.0" encoding="utf-8"?><testsuites name="pytest tests"><testsuite name="pytest" errors="0" failures="0" skipped="0" tests="10" time="1.581" timestamp="2026-02-14T04:40:14.348595+00:00" hostname="agent-env-3680f25f-e36c-4ed2-8011-b1764fde5df2"><testcase classname="backend.tests.test_inventory_valuation.TestInventoryValuationEndpoint" name="test_get_inventory_valuation_basic" time="0.209" /><testcase classname="backend.tests.test_inventory_valuation.TestInventoryValuationEndpoint" name="test_inventory_valuation_dead_stock_structure" time="0.124" /><testcase classname="backend.tests.test_inventory_valuation.TestInventoryValuationEndpoint" name="test_inventory_valuation_items_structure" time="0.127" /><testcase classname="backend.tests.test_inventory_valuation.TestInventoryValuationEndpoint" name="test_inventory_valuation_filter_by_category" time="0.100" /><testcase classname="backend.tests.test_inventory_valuation.TestInventoryValuationEndpoint" name="test_inventory_valuation_filter_by_warehouse" time="0.265" /><testcase classname="backend.tests.test_inventory_valuation.TestInventoryValuationEndpoint" name="test_inventory_valuation_combined_filters" time="0.216" /><testcase classname="backend.tests.test_inventory_valuation.TestInventoryValuationEndpoint" name="test_inventory_valuation_by_category_structure" time="0.111" /><testcase classname="backend.tests.test_inventory_valuation.TestInventoryValuationEndpoint" name="test_inventory_valuation_by_warehouse_structure" time="0.128" /><testcase classname="backend.tests.test_inventory_valuation.TestInventoryValuationEndpoint" name="test_inventory_valuation_calculation_verification" time="0.096" /><testcase classname="backend.tests.test_inventory_valuation.TestInventoryValuationEndpoint" name="test_inventory_valuation_total_matches_sum" time="0.132" /></testsuite></testsuites>