<?xml version="1.0" encoding="utf-8"?><testsuites name="pytest tests"><testsuite name="pytest" errors="0" failures="0" skipped="0" tests="10" time="3.137" timestamp="2026-04-21T12:08:16.862745+00:00" hostname="agent-env-98952d4e-5f38-4e0c-90a9-7117afd3f16b"><testcase classname="backend.tests.test_reports_a7_a4.TestProductMixByEmployee" name="test_json_endpoint" time="1.438" /><testcase classname="backend.tests.test_reports_a7_a4.TestProductMixByEmployee" name="test_pdf_download" time="0.238" /><testcase classname="backend.tests.test_reports_a7_a4.TestProductMixByEmployee" name="test_pdf_requires_auth" time="0.108" /><testcase classname="backend.tests.test_reports_a7_a4.TestProductMixByEmployee" name="test_xlsx_requires_auth" time="0.153" /><testcase classname="backend.tests.test_reports_a7_a4.TestProductMixByEmployee" name="test_xlsx_download_and_formulas" time="0.138" /><testcase classname="backend.tests.test_reports_a7_a4.TestSalesByWeekday" name="test_json_endpoint" time="0.116" /><testcase classname="backend.tests.test_reports_a7_a4.TestSalesByWeekday" name="test_pdf_download" time="0.291" /><testcase classname="backend.tests.test_reports_a7_a4.TestSalesByWeekday" name="test_pdf_requires_auth" time="0.118" /><testcase classname="backend.tests.test_reports_a7_a4.TestSalesByWeekday" name="test_xlsx_requires_auth" time="0.161" /><testcase classname="backend.tests.test_reports_a7_a4.TestSalesByWeekday" name="test_xlsx_formulas" time="0.130" /></testsuite></testsuites>