<?xml version="1.0" encoding="utf-8"?><testsuites name="pytest tests"><testsuite name="pytest" errors="0" failures="0" skipped="0" tests="7" time="1.824" timestamp="2026-04-21T12:35:45.550936+00:00" hostname="agent-env-98952d4e-5f38-4e0c-90a9-7117afd3f16b"><testcase classname="backend.tests.test_sales_by_table.TestSalesByTableJSON" name="test_json_structure_and_values" time="0.547" /><testcase classname="backend.tests.test_sales_by_table.TestSalesByTableJSON" name="test_limit_parameter" time="0.188" /><testcase classname="backend.tests.test_sales_by_table.TestSalesByTableAuth" name="test_xlsx_without_auth_blocked" time="0.172" /><testcase classname="backend.tests.test_sales_by_table.TestSalesByTableAuth" name="test_pdf_without_auth_blocked" time="0.153" /><testcase classname="backend.tests.test_sales_by_table.TestSalesByTablePDF" name="test_pdf_returns_valid_pdf" time="0.398" /><testcase classname="backend.tests.test_sales_by_table.TestSalesByTableXLSX" name="test_xlsx_formulas_present" time="0.134" /><testcase classname="backend.tests.test_sales_by_table.TestSalesByTableXLSX" name="test_xlsx_by_area_sum_formulas" time="0.000" /></testsuite></testsuites>