<?xml version="1.0" encoding="utf-8"?><testsuites name="pytest tests"><testsuite name="pytest" errors="0" failures="0" skipped="0" tests="9" time="0.941" timestamp="2026-04-22T12:22:23.522974+00:00" hostname="agent-env-98952d4e-5f38-4e0c-90a9-7117afd3f16b"><testcase classname="backend.tests.test_loyalty_top_and_card.TestTopCustomers" name="test_top_customers_30_days" time="0.197" /><testcase classname="backend.tests.test_loyalty_top_and_card.TestTopCustomers" name="test_top_customers_tabs_coherence" time="0.152" /><testcase classname="backend.tests.test_loyalty_top_and_card.TestPublicCard" name="test_card_info_returns_token" time="0.049" /><testcase classname="backend.tests.test_loyalty_top_and_card.TestPublicCard" name="test_public_card_valid_token" time="0.053" /><testcase classname="backend.tests.test_loyalty_top_and_card.TestPublicCard" name="test_public_card_no_auth_required" time="0.121" /><testcase classname="backend.tests.test_loyalty_top_and_card.TestPublicCard" name="test_public_card_invalid_token_403" time="0.045" /><testcase classname="backend.tests.test_loyalty_top_and_card.TestPublicCard" name="test_public_card_wrong_customer_404" time="0.048" /><testcase classname="backend.tests.test_loyalty_top_and_card.TestSendCardEmail" name="test_send_email_without_email_400" time="0.152" /><testcase classname="backend.tests.test_loyalty_top_and_card.TestSendCardEmail" name="test_send_email_404_unknown_customer" time="0.051" /></testsuite></testsuites>