<?xml version="1.0" encoding="utf-8"?><testsuites name="pytest tests"><testsuite name="pytest" errors="0" failures="0" skipped="0" tests="5" time="4.941" timestamp="2026-04-05T16:58:28.124417+00:00" hostname="agent-env-98952d4e-5f38-4e0c-90a9-7117afd3f16b"><testcase classname="backend.tests.test_map_decorators_bugfix.TestDecoratorsCRUD" name="test_create_decorator" time="2.562" /><testcase classname="backend.tests.test_map_decorators_bugfix.TestDecoratorsCRUD" name="test_update_color_bug3" time="0.493" /><testcase classname="backend.tests.test_map_decorators_bugfix.TestDecoratorsCRUD" name="test_delete_decorator_bug2" time="0.324" /><testcase classname="backend.tests.test_map_decorators_bugfix.TestDecoratorsCRUD" name="test_all_decorator_types" time="1.164" /><testcase classname="backend.tests.test_map_decorators_bugfix.TestDecoratorsCRUD" name="test_list_decorators_by_area" time="0.336" /></testsuite></testsuites>