<?xml version="1.0" encoding="utf-8"?><testsuites name="pytest tests"><testsuite name="pytest" errors="0" failures="0" skipped="0" tests="13" time="5.263" timestamp="2026-04-05T16:26:44.637287+00:00" hostname="agent-env-98952d4e-5f38-4e0c-90a9-7117afd3f16b"><testcase classname="backend.tests.test_map_decorators.TestMapDecoratorsAPI" name="test_list_decorators_empty" time="0.345" /><testcase classname="backend.tests.test_map_decorators.TestMapDecoratorsAPI" name="test_list_decorators_by_area" time="0.298" /><testcase classname="backend.tests.test_map_decorators.TestMapDecoratorsAPI" name="test_create_horizontal_line_decorator" time="0.396" /><testcase classname="backend.tests.test_map_decorators.TestMapDecoratorsAPI" name="test_create_vertical_line_decorator" time="0.338" /><testcase classname="backend.tests.test_map_decorators.TestMapDecoratorsAPI" name="test_create_rectangle_decorator" time="0.308" /><testcase classname="backend.tests.test_map_decorators.TestMapDecoratorsAPI" name="test_create_circle_decorator" time="0.286" /><testcase classname="backend.tests.test_map_decorators.TestMapDecoratorsAPI" name="test_create_text_decorator" time="0.301" /><testcase classname="backend.tests.test_map_decorators.TestMapDecoratorsAPI" name="test_update_decorator_position" time="0.404" /><testcase classname="backend.tests.test_map_decorators.TestMapDecoratorsAPI" name="test_update_decorator_color" time="0.534" /><testcase classname="backend.tests.test_map_decorators.TestMapDecoratorsAPI" name="test_update_decorator_size" time="0.430" /><testcase classname="backend.tests.test_map_decorators.TestMapDecoratorsAPI" name="test_update_text_decorator_text" time="0.409" /><testcase classname="backend.tests.test_map_decorators.TestMapDecoratorsAPI" name="test_delete_decorator" time="0.405" /><testcase classname="backend.tests.test_map_decorators.TestMapDecoratorsAPI" name="test_decorator_types_validation" time="0.718" /></testsuite></testsuites>