<?xml version="1.0" encoding="utf-8"?><testsuites name="pytest tests"><testsuite name="pytest" errors="0" failures="0" skipped="0" tests="9" time="0.778" timestamp="2026-02-09T02:17:07.005319+00:00" hostname="agent-env-7693f663-6565-4b0a-a11a-86c30012275b"><testcase classname="tests.test_merge_orders.TestMergeOrders" name="test_login_with_admin_pin" time="0.073" /><testcase classname="tests.test_merge_orders.TestMergeOrders" name="test_get_tables_status" time="0.051" /><testcase classname="tests.test_merge_orders.TestMergeOrders" name="test_mesa_3_has_single_account_after_merge" time="0.059" /><testcase classname="tests.test_merge_orders.TestMergeOrders" name="test_mesa_2_has_multiple_accounts" time="0.053" /><testcase classname="tests.test_merge_orders.TestMergeOrders" name="test_merge_endpoint_exists" time="0.044" /><testcase classname="tests.test_merge_orders.TestMergeOrders" name="test_merge_same_order_fails" time="0.098" /><testcase classname="tests.test_merge_orders.TestMergeOrders" name="test_merge_different_tables_fails" time="0.129" /><testcase classname="tests.test_merge_orders.TestMergeOrders" name="test_create_and_merge_accounts" time="0.169" /><testcase classname="tests.test_merge_orders.TestMergeUIElements" name="test_unir_button_visibility_logic" time="0.057" /></testsuite></testsuites>