<?xml version="1.0" encoding="utf-8"?><testsuites name="pytest tests"><testsuite name="pytest" errors="0" failures="0" skipped="0" tests="13" time="5.728" timestamp="2026-04-22T13:01:21.194833+00:00" hostname="agent-env-98952d4e-5f38-4e0c-90a9-7117afd3f16b"><testcase classname="backend.tests.test_modifiers_system.TestForProductEndpoint" name="test_returns_demo_groups_for_hamburguesa" time="0.573" /><testcase classname="backend.tests.test_modifiers_system.TestForProductEndpoint" name="test_options_resolve_contextual_prices" time="0.340" /><testcase classname="backend.tests.test_modifiers_system.TestForProductEndpoint" name="test_selection_type_and_prefix_present" time="0.321" /><testcase classname="backend.tests.test_modifiers_system.TestForProductEndpoint" name="test_404_on_unknown_product" time="0.347" /><testcase classname="backend.tests.test_modifiers_system.TestCreateModifierGroupAndModifier" name="test_create_group_with_all_new_fields" time="0.407" /><testcase classname="backend.tests.test_modifiers_system.TestCreateModifierGroupAndModifier" name="test_create_modifier_with_product_mode" time="0.684" /><testcase classname="backend.tests.test_modifiers_system.TestOrderInventoryDeduction" name="test_add_items_deducts_two_tostones" time="0.796" /><testcase classname="backend.tests.test_modifiers_system.TestAvailability" name="test_available_false_when_stock_zero" time="0.512" /><testcase classname="backend.tests.test_modifiers_system.TestLegacyRegression" name="test_modifier_groups_with_options_legacy" time="0.334" /><testcase classname="backend.tests.test_modifiers_system.TestSecurity" name="test_post_group_without_auth_rejected" time="0.318" /><testcase classname="backend.tests.test_modifiers_system.TestSecurity" name="test_post_modifier_without_auth_rejected" time="0.341" /><testcase classname="backend.tests.test_modifiers_system.TestSecurity" name="test_put_group_without_auth_rejected" time="0.350" /><testcase classname="backend.tests.test_modifiers_system.TestSecurity" name="test_delete_modifier_without_auth_rejected" time="0.333" /></testsuite></testsuites>