<?xml version="1.0" encoding="utf-8"?><testsuites name="pytest tests"><testsuite name="pytest" errors="0" failures="0" skipped="0" tests="18" time="3.949" timestamp="2026-02-28T04:53:02.609833+00:00" hostname="agent-env-093c43f8-7c96-4274-acb7-fdc3d332c696"><testcase classname="backend.tests.test_modifier_system_fix.TestModifierGroupsWithOptions" name="test_endpoint_returns_200" time="0.175" /><testcase classname="backend.tests.test_modifier_system_fix.TestModifierGroupsWithOptions" name="test_returns_list_of_groups" time="0.129" /><testcase classname="backend.tests.test_modifier_system_fix.TestModifierGroupsWithOptions" name="test_groups_have_required_fields" time="0.099" /><testcase classname="backend.tests.test_modifier_system_fix.TestModifierGroupsWithOptions" name="test_new_style_groups_have_options_array" time="0.109" /><testcase classname="backend.tests.test_modifier_system_fix.TestModifierGroupsWithOptions" name="test_options_have_group_id" time="0.141" /><testcase classname="backend.tests.test_modifier_system_fix.TestModifierGroupsFlatList" name="test_endpoint_returns_200" time="0.114" /><testcase classname="backend.tests.test_modifier_system_fix.TestModifierGroupsFlatList" name="test_returns_list" time="0.151" /><testcase classname="backend.tests.test_modifier_system_fix.TestModifierGroupsFlatList" name="test_groups_have_required_fields" time="0.132" /><testcase classname="backend.tests.test_modifier_system_fix.TestModifiersFlatList" name="test_endpoint_returns_200" time="0.144" /><testcase classname="backend.tests.test_modifier_system_fix.TestModifiersFlatList" name="test_returns_list" time="0.140" /><testcase classname="backend.tests.test_modifier_system_fix.TestModifiersFlatList" name="test_modifiers_with_group_id" time="0.118" /><testcase classname="backend.tests.test_modifier_system_fix.TestCreateModifierGroup" name="test_create_modifier_group" time="0.262" /><testcase classname="backend.tests.test_modifier_system_fix.TestCreateModifierOption" name="test_create_modifier_option" time="0.435" /><testcase classname="backend.tests.test_modifier_system_fix.TestModifierGroupsWithOptionsIntegration" name="test_created_group_appears_in_combined_endpoint" time="0.531" /><testcase classname="backend.tests.test_modifier_system_fix.TestProductModifierAssignments" name="test_put_product_with_modifier_assignments" time="0.413" /><testcase classname="backend.tests.test_modifier_system_fix.TestProductModifierAssignments" name="test_get_product_returns_modifier_assignments" time="0.548" /><testcase classname="backend.tests.test_modifier_system_fix.TestExistingModifierGroupsData" name="test_temperatura_group_exists" time="0.097" /><testcase classname="backend.tests.test_modifier_system_fix.TestExistingModifierGroupsData" name="test_sin_group_exists" time="0.123" /></testsuite></testsuites>