<?xml version="1.0" encoding="utf-8"?><testsuites name="pytest tests"><testsuite name="pytest" errors="0" failures="0" skipped="0" tests="13" time="4.193" timestamp="2026-02-28T05:19:46.314509+00:00" hostname="agent-env-4fe52e2c-eae8-409f-b49c-939bd6adea44"><testcase classname="backend.tests.test_modifier_groups_crud.TestModifierGroupsCRUD" name="test_get_modifier_groups" time="0.150" /><testcase classname="backend.tests.test_modifier_groups_crud.TestModifierGroupsCRUD" name="test_get_modifier_groups_with_options" time="0.113" /><testcase classname="backend.tests.test_modifier_groups_crud.TestModifierGroupsCRUD" name="test_create_modifier_group" time="0.152" /><testcase classname="backend.tests.test_modifier_groups_crud.TestModifierGroupsCRUD" name="test_rename_modifier_group" time="0.466" /><testcase classname="backend.tests.test_modifier_groups_crud.TestModifierGroupsCRUD" name="test_update_modifier_group_selection_limits" time="0.440" /><testcase classname="backend.tests.test_modifier_groups_crud.TestModifierGroupsCRUD" name="test_delete_modifier_group" time="0.467" /><testcase classname="backend.tests.test_modifier_groups_crud.TestModifierGroupsCRUD" name="test_delete_modifier_group_cascades_to_modifiers" time="0.646" /><testcase classname="backend.tests.test_modifier_groups_crud.TestModifierGroupsCRUD" name="test_rename_nonexistent_group" time="0.110" /><testcase classname="backend.tests.test_modifier_groups_crud.TestModifierGroupsCRUD" name="test_delete_nonexistent_group" time="0.139" /><testcase classname="backend.tests.test_modifier_groups_crud.TestExistingModifierGroups" name="test_existing_groups_present" time="0.101" /><testcase classname="backend.tests.test_modifier_groups_crud.TestExistingModifierGroups" name="test_rename_existing_group_and_revert" time="0.560" /><testcase classname="backend.tests.test_modifier_groups_crud.TestModifierGroupsWithOptions" name="test_groups_have_options_array" time="0.122" /><testcase classname="backend.tests.test_modifier_groups_crud.TestModifierGroupsWithOptions" name="test_new_style_groups_show_linked_options" time="0.649" /></testsuite></testsuites>