<?xml version="1.0" encoding="utf-8"?><testsuites name="pytest tests"><testsuite name="pytest" errors="0" failures="1" skipped="0" tests="10" time="1.376" timestamp="2026-02-10T01:56:11.644046+00:00" hostname="agent-env-2637c675-23d1-4925-b032-152185f28d09"><testcase classname="backend.tests.test_move_items.TestMoveItemsBetweenAccounts" name="test_login_admin_pin_0000" time="0.114" /><testcase classname="backend.tests.test_move_items.TestMoveItemsBetweenAccounts" name="test_get_tables_with_divided_status" time="0.083" /><testcase classname="backend.tests.test_move_items.TestMoveItemsBetweenAccounts" name="test_get_orders_for_divided_table" time="0.118" /><testcase classname="backend.tests.test_move_items.TestMoveItemsBetweenAccounts" name="test_move_items_endpoint_exists" time="0.170" /><testcase classname="backend.tests.test_move_items.TestMoveItemsBetweenAccounts" name="test_move_items_requires_target_order" time="0.160" /><testcase classname="backend.tests.test_move_items.TestMoveItemsBetweenAccounts" name="test_move_items_validates_item_exists" time="0.187" /><testcase classname="backend.tests.test_move_items.TestMoveItemsBetweenAccounts" name="test_move_single_item_between_accounts" time="0.152"><failure message="AssertionError: assert 2 == 1&#10; +  where 2 = &lt;built-in method get of dict object at 0xff0a7f8cc3c0&gt;('items_moved')&#10; +    where &lt;built-in method get of dict object at 0xff0a7f8cc3c0&gt; = {'items_moved': 2, 'ok': True, 'source_order_id': 'd4ecda98-af99-4379-be43-7da0042bbdd8', 'target_order_id': '786cad00-fdbe-42ec-9e06-7ba520d06217'}.get">backend/tests/test_move_items.py:181: in test_move_single_item_between_accounts
    assert result.get("items_moved") == 1
E   AssertionError: assert 2 == 1
E    +  where 2 = &lt;built-in method get of dict object at 0xff0a7f8cc3c0&gt;('items_moved')
E    +    where &lt;built-in method get of dict object at 0xff0a7f8cc3c0&gt; = {'items_moved': 2, 'ok': True, 'source_order_id': 'd4ecda98-af99-4379-be43-7da0042bbdd8', 'target_order_id': '786cad00-fdbe-42ec-9e06-7ba520d06217'}.get</failure></testcase><testcase classname="backend.tests.test_move_items.TestMoveItemsBetweenAccounts" name="test_totals_update_after_move" time="0.125" /><testcase classname="backend.tests.test_move_items.TestMoveItemsEdgeCases" name="test_cannot_move_to_same_order" time="0.115" /><testcase classname="backend.tests.test_move_items.TestMoveItemsEdgeCases" name="test_move_items_requires_authentication" time="0.077" /></testsuite></testsuites>