<?xml version="1.0" encoding="utf-8"?><testsuites name="pytest tests"><testsuite name="pytest" errors="0" failures="7" skipped="0" tests="10" time="8.237" timestamp="2026-02-23T01:54:10.324600+00:00" hostname="agent-env-f786835c-976e-484a-b6e6-5f80fa4f47f4"><testcase classname="backend.tests.test_multiple_payments.TestMultiplePayments" name="test_01_payment_methods_have_exchange_rate" time="0.352" /><testcase classname="backend.tests.test_multiple_payments.TestMultiplePayments" name="test_02_create_order_and_bill_for_testing" time="0.660"><failure message="AssertionError: Failed to add item: {&quot;detail&quot;:[{&quot;type&quot;:&quot;missing&quot;,&quot;loc&quot;:[&quot;body&quot;,&quot;items&quot;],&quot;msg&quot;:&quot;Field required&quot;,&quot;input&quot;:{&quot;product_id&quot;:&quot;2298613b-acb3-41f7-85fe-7d31a3cff3cb&quot;,&quot;product_name&quot;:&quot;Tostones con Queso&quot;,&quot;quantity&quot;:2,&quot;unit_price&quot;:250,&quot;modifiers&quot;:[]},&quot;url&quot;:&quot;https://errors.pydantic.dev/2.12/v/missing&quot;}]}&#10;assert 422 == 200&#10; +  where 422 = &lt;Response [422]&gt;.status_code">backend/tests/test_multiple_payments.py:119: in test_02_create_order_and_bill_for_testing
    assert add_item_response.status_code == 200, f"Failed to add item: {add_item_response.text}"
E   AssertionError: Failed to add item: {"detail":[{"type":"missing","loc":["body","items"],"msg":"Field required","input":{"product_id":"2298613b-acb3-41f7-85fe-7d31a3cff3cb","product_name":"Tostones con Queso","quantity":2,"unit_price":250,"modifiers":[]},"url":"https://errors.pydantic.dev/2.12/v/missing"}]}
E   assert 422 == 200
E    +  where 422 = &lt;Response [422]&gt;.status_code</failure></testcase><testcase classname="backend.tests.test_multiple_payments.TestMultiplePayments" name="test_03_pay_with_single_payment_method" time="0.934"><failure message="AssertionError: Payment failed: {&quot;detail&quot;:&quot;No se puede procesar un pago con valor $0.00. La DGII no permite asignar NCF a facturas sin valor.&quot;}&#10;assert 400 == 200&#10; +  where 400 = &lt;Response [400]&gt;.status_code">backend/tests/test_multiple_payments.py:181: in test_03_pay_with_single_payment_method
    assert pay_response.status_code == 200, f"Payment failed: {pay_response.text}"
E   AssertionError: Payment failed: {"detail":"No se puede procesar un pago con valor $0.00. La DGII no permite asignar NCF a facturas sin valor."}
E   assert 400 == 200
E    +  where 400 = &lt;Response [400]&gt;.status_code</failure></testcase><testcase classname="backend.tests.test_multiple_payments.TestMultiplePayments" name="test_04_pay_with_multiple_payment_methods" time="0.956"><failure message="AssertionError: Multiple payment failed: {&quot;detail&quot;:&quot;No se puede procesar un pago con valor $0.00. La DGII no permite asignar NCF a facturas sin valor.&quot;}&#10;assert 400 == 200&#10; +  where 400 = &lt;Response [400]&gt;.status_code">backend/tests/test_multiple_payments.py:283: in test_04_pay_with_multiple_payment_methods
    assert pay_response.status_code == 200, f"Multiple payment failed: {pay_response.text}"
E   AssertionError: Multiple payment failed: {"detail":"No se puede procesar un pago con valor $0.00. La DGII no permite asignar NCF a facturas sin valor."}
E   assert 400 == 200
E    +  where 400 = &lt;Response [400]&gt;.status_code</failure></testcase><testcase classname="backend.tests.test_multiple_payments.TestMultiplePayments" name="test_05_change_currency_and_amount_stored" time="0.874"><failure message="AssertionError: Payment failed: {&quot;detail&quot;:&quot;No se puede procesar un pago con valor $0.00. La DGII no permite asignar NCF a facturas sin valor.&quot;}&#10;assert 400 == 200&#10; +  where 400 = &lt;Response [400]&gt;.status_code">backend/tests/test_multiple_payments.py:347: in test_05_change_currency_and_amount_stored
    assert pay_response.status_code == 200, f"Payment failed: {pay_response.text}"
E   AssertionError: Payment failed: {"detail":"No se puede procesar un pago con valor $0.00. La DGII no permite asignar NCF a facturas sin valor."}
E   assert 400 == 200
E    +  where 400 = &lt;Response [400]&gt;.status_code</failure></testcase><testcase classname="backend.tests.test_multiple_payments.TestMultiplePayments" name="test_06_pay_with_foreign_currency_and_change" time="0.993"><failure message="AssertionError: USD Payment failed: {&quot;detail&quot;:&quot;No se puede procesar un pago con valor $0.00. La DGII no permite asignar NCF a facturas sin valor.&quot;}&#10;assert 400 == 200&#10; +  where 400 = &lt;Response [400]&gt;.status_code">backend/tests/test_multiple_payments.py:430: in test_06_pay_with_foreign_currency_and_change
    assert pay_response.status_code == 200, f"USD Payment failed: {pay_response.text}"
E   AssertionError: USD Payment failed: {"detail":"No se puede procesar un pago con valor $0.00. La DGII no permite asignar NCF a facturas sin valor."}
E   assert 400 == 200
E    +  where 400 = &lt;Response [400]&gt;.status_code</failure></testcase><testcase classname="backend.tests.test_multiple_payments.TestMultiplePayments" name="test_07_pre_cuenta_includes_currency_equivalents" time="1.119" /><testcase classname="backend.tests.test_multiple_payments.TestMultiplePayments" name="test_08_invoice_print_shows_multiple_payments" time="0.923"><failure message="AssertionError: Payment failed: {&quot;detail&quot;:&quot;No se puede procesar un pago con valor $0.00. La DGII no permite asignar NCF a facturas sin valor.&quot;}&#10;assert 400 == 200&#10; +  where 400 = &lt;Response [400]&gt;.status_code">backend/tests/test_multiple_payments.py:587: in test_08_invoice_print_shows_multiple_payments
    assert pay_response.status_code == 200, f"Payment failed: {pay_response.text}"
E   AssertionError: Payment failed: {"detail":"No se puede procesar un pago con valor $0.00. La DGII no permite asignar NCF a facturas sin valor."}
E   assert 400 == 200
E    +  where 400 = &lt;Response [400]&gt;.status_code</failure></testcase><testcase classname="backend.tests.test_multiple_payments.TestMultiplePayments" name="test_09_get_paid_bill_has_payments_array" time="0.372" /><testcase classname="backend.tests.test_multiple_payments.TestMultiplePayments" name="test_10_payment_model_validates_payments_entry" time="0.881"><failure message="AssertionError: Valid payment should succeed: {&quot;detail&quot;:&quot;No se puede procesar un pago con valor $0.00. La DGII no permite asignar NCF a facturas sin valor.&quot;}&#10;assert 400 == 200&#10; +  where 400 = &lt;Response [400]&gt;.status_code">backend/tests/test_multiple_payments.py:714: in test_10_payment_model_validates_payments_entry
    assert pay_response.status_code == 200, f"Valid payment should succeed: {pay_response.text}"
E   AssertionError: Valid payment should succeed: {"detail":"No se puede procesar un pago con valor $0.00. La DGII no permite asignar NCF a facturas sin valor."}
E   assert 400 == 200
E    +  where 400 = &lt;Response [400]&gt;.status_code</failure></testcase></testsuite></testsuites>