<?xml version="1.0" encoding="utf-8"?><testsuites name="pytest tests"><testsuite name="pytest" errors="0" failures="0" skipped="0" tests="13" time="3.044" timestamp="2026-02-14T05:50:55.363806+00:00" hostname="agent-env-3680f25f-e36c-4ed2-8011-b1764fde5df2"><testcase classname="backend.tests.test_multilevel_stock_difference.TestMultilevelStock" name="test_multilevel_stock_returns_200" time="0.218" /><testcase classname="backend.tests.test_multilevel_stock_difference.TestMultilevelStock" name="test_multilevel_stock_contains_required_fields" time="0.328" /><testcase classname="backend.tests.test_multilevel_stock_difference.TestMultilevelStock" name="test_multilevel_stock_detailed_format" time="0.158" /><testcase classname="backend.tests.test_multilevel_stock_difference.TestMultilevelStock" name="test_multilevel_stock_conversion_relation" time="0.166" /><testcase classname="backend.tests.test_multilevel_stock_difference.TestMultilevelStock" name="test_multilevel_stock_filter_by_warehouse" time="0.214" /><testcase classname="backend.tests.test_multilevel_stock_difference.TestStockDifference" name="test_difference_faltante_registration" time="0.351" /><testcase classname="backend.tests.test_multilevel_stock_difference.TestStockDifference" name="test_difference_sobrante_registration" time="0.303" /><testcase classname="backend.tests.test_multilevel_stock_difference.TestStockDifference" name="test_difference_with_purchase_unit_conversion" time="0.223" /><testcase classname="backend.tests.test_multilevel_stock_difference.TestStockDifference" name="test_difference_monetary_value_calculation" time="0.220" /><testcase classname="backend.tests.test_multilevel_stock_difference.TestStockDifference" name="test_difference_requires_reason" time="0.218" /><testcase classname="backend.tests.test_multilevel_stock_difference.TestStockDifference" name="test_difference_audit_logging" time="0.270" /><testcase classname="backend.tests.test_multilevel_stock_difference.TestStockDifferencesLog" name="test_get_differences_log_returns_200" time="0.144" /><testcase classname="backend.tests.test_multilevel_stock_difference.TestStockDifferencesLog" name="test_differences_log_stats_structure" time="0.164" /></testsuite></testsuites>