<?xml version="1.0" encoding="utf-8"?><testsuites name="pytest tests"><testsuite name="pytest" errors="0" failures="0" skipped="0" tests="10" time="11.249" timestamp="2026-02-23T01:54:50.958004+00:00" hostname="agent-env-f786835c-976e-484a-b6e6-5f80fa4f47f4"><testcase classname="backend.tests.test_multiple_payments.TestMultiplePayments" name="test_01_payment_methods_have_exchange_rate" time="0.371" /><testcase classname="backend.tests.test_multiple_payments.TestMultiplePayments" name="test_02_create_order_and_bill_for_testing" time="0.787" /><testcase classname="backend.tests.test_multiple_payments.TestMultiplePayments" name="test_03_pay_with_single_payment_method" time="1.452" /><testcase classname="backend.tests.test_multiple_payments.TestMultiplePayments" name="test_04_pay_with_multiple_payment_methods" time="1.242" /><testcase classname="backend.tests.test_multiple_payments.TestMultiplePayments" name="test_05_change_currency_and_amount_stored" time="1.238" /><testcase classname="backend.tests.test_multiple_payments.TestMultiplePayments" name="test_06_pay_with_foreign_currency_and_change" time="1.327" /><testcase classname="backend.tests.test_multiple_payments.TestMultiplePayments" name="test_07_pre_cuenta_includes_currency_equivalents" time="1.045" /><testcase classname="backend.tests.test_multiple_payments.TestMultiplePayments" name="test_08_invoice_print_shows_multiple_payments" time="1.677" /><testcase classname="backend.tests.test_multiple_payments.TestMultiplePayments" name="test_09_get_paid_bill_has_payments_array" time="0.494" /><testcase classname="backend.tests.test_multiple_payments.TestMultiplePayments" name="test_10_payment_model_validates_payments_entry" time="1.526" /></testsuite></testsuites>