<?xml version="1.0" encoding="utf-8"?><testsuites name="pytest tests"><testsuite name="pytest" errors="0" failures="0" skipped="0" tests="13" time="4.544" timestamp="2026-04-19T14:03:46.738824+00:00" hostname="agent-env-98952d4e-5f38-4e0c-90a9-7117afd3f16b"><testcase classname="backend.tests.test_multi_supplier_ingredients.TestMultiSupplierIngredients" name="test_01_create_ingredient_with_multiple_suppliers" time="0.722" /><testcase classname="backend.tests.test_multi_supplier_ingredients.TestMultiSupplierIngredients" name="test_02_get_ingredient_returns_suppliers_array" time="0.107" /><testcase classname="backend.tests.test_multi_supplier_ingredients.TestMultiSupplierIngredients" name="test_03_update_ingredient_suppliers_syncs_default" time="0.227" /><testcase classname="backend.tests.test_multi_supplier_ingredients.TestMultiSupplierIngredients" name="test_04_add_third_supplier_to_ingredient" time="0.318" /><testcase classname="backend.tests.test_multi_supplier_ingredients.TestMultiSupplierIngredients" name="test_05_create_ingredient_with_legacy_default_supplier_id" time="0.129" /><testcase classname="backend.tests.test_multi_supplier_ingredients.TestMultiSupplierIngredients" name="test_06_migrate_suppliers_endpoint" time="0.144" /><testcase classname="backend.tests.test_multi_supplier_ingredients.TestMultiSupplierIngredients" name="test_07_purchasing_suggestions_filters_by_supplier_from_array" time="0.118" /><testcase classname="backend.tests.test_multi_supplier_ingredients.TestMultiSupplierIngredients" name="test_08_suggestions_include_suppliers_array_in_response" time="0.130" /><testcase classname="backend.tests.test_multi_supplier_ingredients.TestMultiSupplierIngredients" name="test_09_remove_supplier_from_ingredient" time="0.977" /><testcase classname="backend.tests.test_multi_supplier_ingredients.TestMultiSupplierIngredients" name="test_10_clear_all_suppliers" time="0.488" /><testcase classname="backend.tests.test_multi_supplier_ingredients.TestMultiSupplierEdgeCases" name="test_01_create_ingredient_empty_suppliers_array" time="0.114" /><testcase classname="backend.tests.test_multi_supplier_ingredients.TestMultiSupplierEdgeCases" name="test_02_multiple_defaults_uses_first" time="0.110" /><testcase classname="backend.tests.test_multi_supplier_ingredients.TestMultiSupplierEdgeCases" name="test_03_no_default_uses_first_supplier" time="0.882" /></testsuite></testsuites>