<?xml version="1.0" encoding="utf-8"?><testsuites name="pytest tests"><testsuite name="pytest" errors="0" failures="0" skipped="0" tests="7" time="2.527" timestamp="2026-02-16T18:26:40.067383+00:00" hostname="agent-env-c3519a30-4c57-4563-87b8-11f50d309b64"><testcase classname="tests.test_multichannel_print.TestLogin" name="test_login_with_5_digit_pin" time="0.159" /><testcase classname="tests.test_multichannel_print.TestPrintChannels" name="test_list_print_channels" time="0.128" /><testcase classname="tests.test_multichannel_print.TestProductPrintChannels" name="test_get_product_with_print_channels" time="0.142" /><testcase classname="tests.test_multichannel_print.TestProductPrintChannels" name="test_product_has_multichannel" time="0.137" /><testcase classname="tests.test_multichannel_print.TestProductPrintChannels" name="test_update_product_print_channels" time="0.377" /><testcase classname="tests.test_multichannel_print.TestMultiChannelPrintJob" name="test_send_comanda_multichannel" time="1.300" /><testcase classname="tests.test_multichannel_print.TestPrintChannelSection" name="test_print_channels_have_required_fields" time="0.234" /></testsuite></testsuites>