<?xml version="1.0" encoding="utf-8"?><testsuites name="pytest tests"><testsuite name="pytest" errors="0" failures="0" skipped="0" tests="5" time="2.002" timestamp="2026-02-23T14:49:35.686229+00:00" hostname="agent-env-40ca6123-0de8-4677-9ac8-3f906452403b"><testcase classname="backend.tests.test_new_features.TestPrintChannels" name="test_list_print_channels" time="0.325" /><testcase classname="backend.tests.test_new_features.TestPrintChannels" name="test_update_channel_with_copies" time="0.629" /><testcase classname="backend.tests.test_new_features.TestPrintReceiptEndpoint" name="test_print_receipt_send_returns_copies" time="0.440" /><testcase classname="backend.tests.test_new_features.TestBillsSearchByNCF" name="test_search_bills_by_ncf" time="0.317" /><testcase classname="backend.tests.test_new_features.TestPrintQueue" name="test_get_print_queue" time="0.241" /></testsuite></testsuites>