<?xml version="1.0" encoding="utf-8"?><testsuites name="pytest tests"><testsuite name="pytest" errors="0" failures="0" skipped="0" tests="9" time="2.893" timestamp="2026-03-29T15:04:12.977458+00:00" hostname="agent-env-42551c77-2916-4f3b-9475-632b3a362f1d"><testcase classname="backend.tests.test_offline_features.TestOfflineFeatures" name="test_login_with_pin_10000" time="0.345" /><testcase classname="backend.tests.test_offline_features.TestOfflineFeatures" name="test_offline_users_endpoint" time="0.226" /><testcase classname="backend.tests.test_offline_features.TestOfflineFeatures" name="test_products_endpoint" time="0.215" /><testcase classname="backend.tests.test_offline_features.TestOfflineFeatures" name="test_categories_endpoint" time="0.253" /><testcase classname="backend.tests.test_offline_features.TestOfflineFeatures" name="test_tables_endpoint" time="0.247" /><testcase classname="backend.tests.test_offline_features.TestOfflineFeatures" name="test_system_config_endpoint" time="0.285" /><testcase classname="backend.tests.test_offline_features.TestOfflineFeatures" name="test_health_endpoint" time="0.232" /><testcase classname="backend.tests.test_offline_features.TestOrdersAPI" name="test_create_order" time="0.484" /><testcase classname="backend.tests.test_offline_features.TestOrdersAPI" name="test_send_to_kitchen" time="0.540" /></testsuite></testsuites>