<?xml version="1.0" encoding="utf-8"?><testsuites name="pytest tests"><testsuite name="pytest" errors="0" failures="0" skipped="0" tests="11" time="4.214" timestamp="2026-04-22T14:16:48.915587+00:00" hostname="agent-env-98952d4e-5f38-4e0c-90a9-7117afd3f16b"><testcase classname="backend.tests.test_open_items_feature.TestPermissions" name="test_permission_in_all_list" time="0.439" /><testcase classname="backend.tests.test_open_items_feature.TestPermissions" name="test_verify_pin_valid_with_permission" time="0.139" /><testcase classname="backend.tests.test_open_items_feature.TestPermissions" name="test_verify_pin_invalid" time="0.108" /><testcase classname="backend.tests.test_open_items_feature.TestPermissions" name="test_verify_pin_without_permission_returns_false" time="0.105" /><testcase classname="backend.tests.test_open_items_feature.TestOpenItemsConfig" name="test_get_config" time="0.130" /><testcase classname="backend.tests.test_open_items_feature.TestOpenItemsConfig" name="test_put_config_persists" time="0.351" /><testcase classname="backend.tests.test_open_items_feature.TestOrderAndBill" name="test_order_persists_open_item_fields" time="1.590" /><testcase classname="backend.tests.test_open_items_feature.TestOrderAndBill" name="test_bill_subtotal_and_itbis" time="0.000" /><testcase classname="backend.tests.test_open_items_feature.TestOpenItemsReport" name="test_report_includes_open_items" time="0.126" /><testcase classname="backend.tests.test_open_items_feature.TestInventoryNotDeducted" name="test_open_item_does_not_decrement_inventory" time="0.529" /><testcase classname="backend.tests.test_open_items_feature.TestSendKitchenRouting" name="test_send_kitchen_accepts_open_items" time="0.617" /></testsuite></testsuites>