<?xml version="1.0" encoding="utf-8"?><testsuites name="pytest tests"><testsuite name="pytest" errors="0" failures="0" skipped="0" tests="13" time="2.564" timestamp="2026-04-21T02:43:20.621296+00:00" hostname="agent-env-98952d4e-5f38-4e0c-90a9-7117afd3f16b"><testcase classname="tests.test_open_checks_report.TestOpenChecksJSON" name="test_json_with_seed" time="0.424" /><testcase classname="tests.test_open_checks_report.TestOpenChecksJSON" name="test_json_empty_range_returns_200" time="0.150" /><testcase classname="tests.test_open_checks_report.TestOpenChecksJSON" name="test_status_filter_excludes_paid" time="0.162" /><testcase classname="tests.test_open_checks_report.TestOpenChecksXLSX" name="test_xlsx_auth_required" time="0.126" /><testcase classname="tests.test_open_checks_report.TestOpenChecksXLSX" name="test_xlsx_valid_and_has_sum_formulas" time="0.144" /><testcase classname="tests.test_open_checks_report.TestOpenChecksXLSX" name="test_xlsx_empty_data_no_500" time="0.130" /><testcase classname="tests.test_open_checks_report.TestOpenChecksPDF" name="test_pdf_auth_required" time="0.105" /><testcase classname="tests.test_open_checks_report.TestOpenChecksPDF" name="test_pdf_valid" time="0.275" /><testcase classname="tests.test_open_checks_report.TestOpenChecksPDF" name="test_pdf_empty_ok" time="0.266" /><testcase classname="tests.test_open_checks_report.TestRegressionPreviousReports" name="test_sales_by_category_ok" time="0.142" /><testcase classname="tests.test_open_checks_report.TestRegressionPreviousReports" name="test_cash_close_hierarchical_ok" time="0.112" /><testcase classname="tests.test_open_checks_report.TestRegressionPreviousReports" name="test_hourly_sales_ok" time="0.111" /><testcase classname="tests.test_open_checks_report.TestRegressionPreviousReports" name="test_taxes_report_ok" time="0.178" /></testsuite></testsuites>