<?xml version="1.0" encoding="utf-8"?><testsuites name="pytest tests"><testsuite name="pytest" errors="0" failures="2" skipped="1" tests="10" time="7.619" timestamp="2026-02-28T14:44:28.971328+00:00" hostname="agent-env-4fe52e2c-eae8-409f-b49c-939bd6adea44"><testcase classname="backend.tests.test_partial_void.TestPartialVoidEndpoint" name="test_partial_void_validates_qty_range" time="0.928"><failure message="AssertionError: Expected 200 for valid qty, got 400: {&quot;detail&quot;:&quot;Cantidad a anular debe ser entre 1 y 1.0&quot;}&#10;assert 400 == 200&#10; +  where 400 = &lt;Response [400]&gt;.status_code">backend/tests/test_partial_void.py:114: in test_partial_void_validates_qty_range
    assert response.status_code == 200, f"Expected 200 for valid qty, got {response.status_code}: {response.text}"
E   AssertionError: Expected 200 for valid qty, got 400: {"detail":"Cantidad a anular debe ser entre 1 y 1.0"}
E   assert 400 == 200
E    +  where 400 = &lt;Response [400]&gt;.status_code</failure></testcase><testcase classname="backend.tests.test_partial_void.TestPartialVoidEndpoint" name="test_partial_void_creates_audit_log" time="1.172"><failure message="AssertionError: Expected qty 1 in audit log, got 2&#10;assert 2 == 1&#10; +  where 2 = &lt;built-in method get of dict object at 0xfb1b8f0804c0&gt;('quantity')&#10; +    where &lt;built-in method get of dict object at 0xfb1b8f0804c0&gt; = {'authorized_by_id': None, 'authorized_by_name': None, 'comments': 'Express partial', 'created_at': '2026-02-28T14:43:45.556301+00:00', ...}.get">backend/tests/test_partial_void.py:151: in test_partial_void_creates_audit_log
    assert log.get("quantity") == 1, f"Expected qty 1 in audit log, got {log.get('quantity')}"
E   AssertionError: Expected qty 1 in audit log, got 2
E   assert 2 == 1
E    +  where 2 = &lt;built-in method get of dict object at 0xfb1b8f0804c0&gt;('quantity')
E    +    where &lt;built-in method get of dict object at 0xfb1b8f0804c0&gt; = {'authorized_by_id': None, 'authorized_by_name': None, 'comments': 'Express partial', 'created_at': '2026-02-28T14:43:45.556301+00:00', ...}.get</failure></testcase><testcase classname="backend.tests.test_partial_void.TestPartialVoidEndpoint" name="test_partial_void_full_qty_delegates_to_cancel" time="0.435" /><testcase classname="backend.tests.test_partial_void.TestCancelTicketGeneration" name="test_sent_item_partial_void_generates_cancel_ticket" time="1.424" /><testcase classname="backend.tests.test_partial_void.TestCancelTicketGeneration" name="test_cancel_ticket_format_has_required_fields" time="1.272" /><testcase classname="backend.tests.test_partial_void.TestFullCancelWithTicket" name="test_cancel_sent_item_generates_ticket" time="0.793" /><testcase classname="backend.tests.test_partial_void.TestExpressVoidPendingItems" name="test_express_void_pending_item_no_reason_required" time="0.647" /><testcase classname="backend.tests.test_partial_void.TestInventoryRestoration" name="test_partial_void_return_to_inventory_flag" time="0.217"><skipped type="pytest.skip" message="No free tables available for testing">/app/backend/tests/test_partial_void.py:433: No free tables available for testing</skipped></testcase><testcase classname="backend.tests.test_partial_void.TestEdgeCases" name="test_partial_void_nonexistent_order" time="0.209" /><testcase classname="backend.tests.test_partial_void.TestEdgeCases" name="test_partial_void_nonexistent_item" time="0.429" /></testsuite></testsuites>