<?xml version="1.0" encoding="utf-8"?><testsuites name="pytest tests"><testsuite name="pytest" errors="0" failures="4" skipped="0" tests="10" time="7.681" timestamp="2026-02-28T14:43:39.399783+00:00" hostname="agent-env-4fe52e2c-eae8-409f-b49c-939bd6adea44"><testcase classname="backend.tests.test_partial_void.TestPartialVoidEndpoint" name="test_partial_void_validates_qty_range" time="1.042" /><testcase classname="backend.tests.test_partial_void.TestPartialVoidEndpoint" name="test_partial_void_creates_audit_log" time="1.159" /><testcase classname="backend.tests.test_partial_void.TestPartialVoidEndpoint" name="test_partial_void_full_qty_delegates_to_cancel" time="0.459" /><testcase classname="backend.tests.test_partial_void.TestCancelTicketGeneration" name="test_sent_item_partial_void_generates_cancel_ticket" time="1.364" /><testcase classname="backend.tests.test_partial_void.TestCancelTicketGeneration" name="test_cancel_ticket_format_has_required_fields" time="0.644"><failure message="AssertionError: Cancel failed: {&quot;detail&quot;:&quot;Esta anulación requiere autorización de gerente&quot;}&#10;assert 403 == 200&#10; +  where 403 = &lt;Response [403]&gt;.status_code">backend/tests/test_partial_void.py:285: in test_cancel_ticket_format_has_required_fields
    assert cancel_res.status_code == 200, f"Cancel failed: {cancel_res.text}"
E   AssertionError: Cancel failed: {"detail":"Esta anulación requiere autorización de gerente"}
E   assert 403 == 200
E    +  where 403 = &lt;Response [403]&gt;.status_code</failure></testcase><testcase classname="backend.tests.test_partial_void.TestFullCancelWithTicket" name="test_cancel_sent_item_generates_ticket" time="0.803"><failure message="AssertionError: Cancel failed: {&quot;detail&quot;:&quot;Esta anulación requiere autorización de gerente&quot;}&#10;assert 403 == 200&#10; +  where 403 = &lt;Response [403]&gt;.status_code">backend/tests/test_partial_void.py:352: in test_cancel_sent_item_generates_ticket
    assert cancel_res.status_code == 200, f"Cancel failed: {cancel_res.text}"
E   AssertionError: Cancel failed: {"detail":"Esta anulación requiere autorización de gerente"}
E   assert 403 == 200
E    +  where 403 = &lt;Response [403]&gt;.status_code</failure></testcase><testcase classname="backend.tests.test_partial_void.TestExpressVoidPendingItems" name="test_express_void_pending_item_no_reason_required" time="0.613"><failure message="AssertionError: Expected qty 2, got 1.0&#10;assert 1.0 == 2">backend/tests/test_partial_void.py:398: in test_express_void_pending_item_no_reason_required
    assert item["quantity"] == 2, f"Expected qty 2, got {item['quantity']}"
E   AssertionError: Expected qty 2, got 1.0
E   assert 1.0 == 2</failure></testcase><testcase classname="backend.tests.test_partial_void.TestInventoryRestoration" name="test_partial_void_return_to_inventory_flag" time="0.837"><failure message="AssertionError: Partial void failed: {&quot;detail&quot;:&quot;Cantidad a anular debe ser entre 1 y 1.0&quot;}&#10;assert 400 == 200&#10; +  where 400 = &lt;Response [400]&gt;.status_code">backend/tests/test_partial_void.py:440: in test_partial_void_return_to_inventory_flag
    assert void_res.status_code == 200, f"Partial void failed: {void_res.text}"
E   AssertionError: Partial void failed: {"detail":"Cantidad a anular debe ser entre 1 y 1.0"}
E   assert 400 == 200
E    +  where 400 = &lt;Response [400]&gt;.status_code</failure></testcase><testcase classname="backend.tests.test_partial_void.TestEdgeCases" name="test_partial_void_nonexistent_order" time="0.215" /><testcase classname="backend.tests.test_partial_void.TestEdgeCases" name="test_partial_void_nonexistent_item" time="0.436" /></testsuite></testsuites>