<?xml version="1.0" encoding="utf-8"?><testsuites name="pytest tests"><testsuite name="pytest" errors="0" failures="0" skipped="0" tests="9" time="6.319" timestamp="2026-02-22T23:33:45.187977+00:00" hostname="agent-env-196fb300-4ddd-4449-9fea-3d263ac3e458"><testcase classname="backend.tests.test_payment_permission_and_transaction.TestPaymentPermissionAndTransaction" name="test_waitress_user_role" time="0.388" /><testcase classname="backend.tests.test_payment_permission_and_transaction.TestPaymentPermissionAndTransaction" name="test_admin_user_role" time="0.237" /><testcase classname="backend.tests.test_payment_permission_and_transaction.TestPaymentPermissionAndTransaction" name="test_cashier_user_role" time="0.280" /><testcase classname="backend.tests.test_payment_permission_and_transaction.TestPaymentPermissionAndTransaction" name="test_send_comanda_has_internal_transaction_number" time="0.978" /><testcase classname="backend.tests.test_payment_permission_and_transaction.TestPaymentPermissionAndTransaction" name="test_precheck_send_has_internal_transaction_number" time="0.340" /><testcase classname="backend.tests.test_payment_permission_and_transaction.TestPaymentPermissionAndTransaction" name="test_bill_payment_saves_internal_transaction_number" time="1.588" /><testcase classname="backend.tests.test_payment_permission_and_transaction.TestPaymentPermissionAndTransaction" name="test_transaction_counter_increments" time="2.444" /><testcase classname="backend.tests.test_payment_permission_and_transaction.TestFrontendPaymentScreenCode" name="test_payment_screen_has_role_check" time="0.009" /><testcase classname="backend.tests.test_payment_permission_and_transaction.TestFrontendPaymentScreenCode" name="test_payment_screen_redirects_unauthorized" time="0.006" /></testsuite></testsuites>