<?xml version="1.0" encoding="utf-8"?><testsuites name="pytest tests"><testsuite name="pytest" errors="0" failures="0" skipped="0" tests="24" time="6.545" timestamp="2026-02-14T17:02:43.525510+00:00" hostname="agent-env-479d9799-6467-4632-bebb-2bc5c58d176e"><testcase classname="backend.tests.test_phase2_refactoring.TestPhase2RefactoringIngredients" name="test_list_ingredients" time="0.349" /><testcase classname="backend.tests.test_phase2_refactoring.TestPhase2RefactoringIngredients" name="test_create_ingredient" time="0.323" /><testcase classname="backend.tests.test_phase2_refactoring.TestPhase2RefactoringIngredients" name="test_get_ingredient_by_id" time="0.273" /><testcase classname="backend.tests.test_phase2_refactoring.TestPhase2RefactoringIngredients" name="test_get_ingredient_not_found" time="0.465" /><testcase classname="backend.tests.test_phase2_refactoring.TestPhase2RefactoringWarehouses" name="test_list_warehouses" time="0.185" /><testcase classname="backend.tests.test_phase2_refactoring.TestPhase2RefactoringWarehouses" name="test_create_warehouse" time="0.232" /><testcase classname="backend.tests.test_phase2_refactoring.TestPhase2RefactoringStock" name="test_get_multilevel_stock" time="0.187" /><testcase classname="backend.tests.test_phase2_refactoring.TestPhase2RefactoringStock" name="test_stock_transfer" time="0.373" /><testcase classname="backend.tests.test_phase2_refactoring.TestPhase2RefactoringStockMovements" name="test_list_stock_movements" time="0.241" /><testcase classname="backend.tests.test_phase2_refactoring.TestPhase2RefactoringRecipes" name="test_list_recipes" time="0.203" /><testcase classname="backend.tests.test_phase2_refactoring.TestPhase2RefactoringRecipes" name="test_create_recipe" time="0.505" /><testcase classname="backend.tests.test_phase2_refactoring.TestPhase2RefactoringRecipes" name="test_get_recipe_by_product" time="0.277" /><testcase classname="backend.tests.test_phase2_refactoring.TestPhase2RefactoringSuppliers" name="test_list_suppliers" time="0.231" /><testcase classname="backend.tests.test_phase2_refactoring.TestPhase2RefactoringPurchaseOrders" name="test_list_purchase_orders" time="0.542" /><testcase classname="backend.tests.test_phase2_refactoring.TestPhase2RefactoringPurchasingSuggestions" name="test_get_purchasing_suggestions" time="0.190" /><testcase classname="backend.tests.test_phase2_refactoring.TestPhase2RefactoringUnitDefinitions" name="test_list_unit_definitions" time="0.287" /><testcase classname="backend.tests.test_phase2_refactoring.TestPhase2RefactoringSubrecipes" name="test_list_subrecipes" time="0.174" /><testcase classname="backend.tests.test_phase2_refactoring.TestPhase2CoreEndpointsStillWorking" name="test_list_customers" time="0.190" /><testcase classname="backend.tests.test_phase2_refactoring.TestPhase2CoreEndpointsStillWorking" name="test_list_products" time="0.180" /><testcase classname="backend.tests.test_phase2_refactoring.TestPhase2CoreEndpointsStillWorking" name="test_list_areas" time="0.193" /><testcase classname="backend.tests.test_phase2_refactoring.TestPhase2CoreEndpointsStillWorking" name="test_list_tables" time="0.178" /><testcase classname="backend.tests.test_phase2_refactoring.TestPhase2CoreEndpointsStillWorking" name="test_list_categories" time="0.187" /><testcase classname="backend.tests.test_phase2_refactoring.TestPhase2CoreEndpointsStillWorking" name="test_list_users" time="0.177" /><testcase classname="backend.tests.test_phase2_refactoring.TestPhase2Cleanup" name="test_cleanup_test_data" time="0.311" /></testsuite></testsuites>