<?xml version="1.0" encoding="utf-8"?><testsuites name="pytest tests"><testsuite name="pytest" errors="0" failures="0" skipped="0" tests="9" time="1.984" timestamp="2026-04-12T21:09:07.200129+00:00" hostname="agent-env-98952d4e-5f38-4e0c-90a9-7117afd3f16b"><testcase classname="backend.tests.test_pin_uniqueness.TestPinUniqueness" name="test_create_user_with_new_pin_succeeds" time="0.373" /><testcase classname="backend.tests.test_pin_uniqueness.TestPinUniqueness" name="test_create_user_with_existing_admin_pin_fails_409" time="0.158" /><testcase classname="backend.tests.test_pin_uniqueness.TestPinUniqueness" name="test_create_user_with_existing_oscar_pin_fails_409" time="0.168" /><testcase classname="backend.tests.test_pin_uniqueness.TestPinUniqueness" name="test_edit_user_changing_to_another_users_pin_fails_409" time="0.262" /><testcase classname="backend.tests.test_pin_uniqueness.TestPinUniqueness" name="test_edit_user_keeping_own_pin_succeeds" time="0.275" /><testcase classname="backend.tests.test_pin_uniqueness.TestPinUniqueness" name="test_check_pin_endpoint_detects_duplicate" time="0.172" /><testcase classname="backend.tests.test_pin_uniqueness.TestPinUniqueness" name="test_check_pin_endpoint_allows_own_pin" time="0.201" /><testcase classname="backend.tests.test_pin_uniqueness.TestPinUniqueness" name="test_pin_validation_rejects_non_numeric" time="0.161" /><testcase classname="backend.tests.test_pin_uniqueness.TestPinUniqueness" name="test_pin_validation_rejects_leading_zero" time="0.149" /></testsuite></testsuites>