<?xml version="1.0" encoding="utf-8"?><testsuites name="pytest tests"><testsuite name="pytest" errors="0" failures="1" skipped="0" tests="41" time="3.160" timestamp="2026-02-15T20:32:47.911182+00:00" hostname="agent-env-3087bba8-6f01-41b1-9eaa-a08725a8313c"><testcase classname="tests.test_pos_regression.TestAuth" name="test_login_admin_pin" time="0.220" /><testcase classname="tests.test_pos_regression.TestAuth" name="test_login_waiter_pin" time="0.062" /><testcase classname="tests.test_pos_regression.TestAuth" name="test_login_cashier_pin" time="0.052" /><testcase classname="tests.test_pos_regression.TestAuth" name="test_login_invalid_pin" time="0.079"><failure message="assert 200 == 401&#10; +  where 200 = &lt;Response [200]&gt;.status_code">tests/test_pos_regression.py:76: in test_login_invalid_pin
    assert response.status_code == 401
E   assert 200 == 401
E    +  where 200 = &lt;Response [200]&gt;.status_code</failure></testcase><testcase classname="tests.test_pos_regression.TestAuth" name="test_get_me" time="0.134" /><testcase classname="tests.test_pos_regression.TestAuth" name="test_list_users" time="0.062" /><testcase classname="tests.test_pos_regression.TestTables" name="test_list_areas" time="0.056" /><testcase classname="tests.test_pos_regression.TestTables" name="test_list_tables" time="0.075" /><testcase classname="tests.test_pos_regression.TestTables" name="test_list_tables_by_area" time="0.059" /><testcase classname="tests.test_pos_regression.TestOrders" name="test_create_order" time="0.060" /><testcase classname="tests.test_pos_regression.TestOrders" name="test_list_orders" time="0.065" /><testcase classname="tests.test_pos_regression.TestOrders" name="test_get_order" time="0.063" /><testcase classname="tests.test_pos_regression.TestOrders" name="test_add_items_to_order" time="0.111" /><testcase classname="tests.test_pos_regression.TestOrders" name="test_send_order_to_kitchen" time="0.078" /><testcase classname="tests.test_pos_regression.TestKitchen" name="test_list_kitchen_orders" time="0.060" /><testcase classname="tests.test_pos_regression.TestBilling" name="test_list_payment_methods" time="0.060" /><testcase classname="tests.test_pos_regression.TestBilling" name="test_list_sale_types" time="0.064" /><testcase classname="tests.test_pos_regression.TestBilling" name="test_get_tax_config" time="0.072" /><testcase classname="tests.test_pos_regression.TestBilling" name="test_calculate_taxes" time="0.057" /><testcase classname="tests.test_pos_regression.TestBilling" name="test_create_bill" time="0.071" /><testcase classname="tests.test_pos_regression.TestBilling" name="test_pay_bill" time="0.063" /><testcase classname="tests.test_pos_regression.TestBilling" name="test_list_bills" time="0.232" /><testcase classname="tests.test_pos_regression.TestProducts" name="test_list_categories" time="0.066" /><testcase classname="tests.test_pos_regression.TestProducts" name="test_list_products" time="0.061" /><testcase classname="tests.test_pos_regression.TestProducts" name="test_get_product" time="0.061" /><testcase classname="tests.test_pos_regression.TestProducts" name="test_list_modifiers" time="0.058" /><testcase classname="tests.test_pos_regression.TestCustomers" name="test_list_customers" time="0.060" /><testcase classname="tests.test_pos_regression.TestCustomers" name="test_create_customer" time="0.071" /><testcase classname="tests.test_pos_regression.TestCustomers" name="test_get_loyalty_config" time="0.060" /><testcase classname="tests.test_pos_regression.TestConfig" name="test_list_shifts" time="0.076" /><testcase classname="tests.test_pos_regression.TestConfig" name="test_get_current_shift" time="0.053" /><testcase classname="tests.test_pos_regression.TestConfig" name="test_list_reservations" time="0.056" /><testcase classname="tests.test_pos_regression.TestConfig" name="test_system_config" time="0.062" /><testcase classname="tests.test_pos_regression.TestConfig" name="test_cancellation_reasons" time="0.061" /><testcase classname="tests.test_pos_regression.TestVoidAuditLogs" name="test_list_void_audit_logs" time="0.059" /><testcase classname="tests.test_pos_regression.TestVoidAuditLogs" name="test_void_report" time="0.053" /><testcase classname="tests.test_pos_regression.TestMisc" name="test_report_categories" time="0.062" /><testcase classname="tests.test_pos_regression.TestMisc" name="test_print_channels" time="0.071" /><testcase classname="tests.test_pos_regression.TestMisc" name="test_day_close_check" time="0.057" /><testcase classname="tests.test_pos_regression.TestMisc" name="test_station_config" time="0.070" /><testcase classname="tests.test_pos_regression.TestCleanup" name="test_cleanup_test_customer" time="0.059" /></testsuite></testsuites>