<?xml version="1.0" encoding="utf-8"?><testsuites name="pytest tests"><testsuite name="pytest" errors="0" failures="0" skipped="0" tests="42" time="3.510" timestamp="2026-02-15T20:33:18.018505+00:00" hostname="agent-env-3087bba8-6f01-41b1-9eaa-a08725a8313c"><testcase classname="tests.test_pos_regression.TestAuth" name="test_login_admin_pin" time="0.208" /><testcase classname="tests.test_pos_regression.TestAuth" name="test_login_waiter_pin" time="0.084" /><testcase classname="tests.test_pos_regression.TestAuth" name="test_login_cashier_pin" time="0.063" /><testcase classname="tests.test_pos_regression.TestAuth" name="test_login_kitchen_pin" time="0.063" /><testcase classname="tests.test_pos_regression.TestAuth" name="test_login_invalid_pin" time="0.072" /><testcase classname="tests.test_pos_regression.TestAuth" name="test_get_me" time="0.203" /><testcase classname="tests.test_pos_regression.TestAuth" name="test_list_users" time="0.067" /><testcase classname="tests.test_pos_regression.TestTables" name="test_list_areas" time="0.066" /><testcase classname="tests.test_pos_regression.TestTables" name="test_list_tables" time="0.078" /><testcase classname="tests.test_pos_regression.TestTables" name="test_list_tables_by_area" time="0.069" /><testcase classname="tests.test_pos_regression.TestOrders" name="test_create_order" time="0.082" /><testcase classname="tests.test_pos_regression.TestOrders" name="test_list_orders" time="0.103" /><testcase classname="tests.test_pos_regression.TestOrders" name="test_get_order" time="0.071" /><testcase classname="tests.test_pos_regression.TestOrders" name="test_add_items_to_order" time="0.149" /><testcase classname="tests.test_pos_regression.TestOrders" name="test_send_order_to_kitchen" time="0.068" /><testcase classname="tests.test_pos_regression.TestKitchen" name="test_list_kitchen_orders" time="0.061" /><testcase classname="tests.test_pos_regression.TestBilling" name="test_list_payment_methods" time="0.068" /><testcase classname="tests.test_pos_regression.TestBilling" name="test_list_sale_types" time="0.062" /><testcase classname="tests.test_pos_regression.TestBilling" name="test_get_tax_config" time="0.109" /><testcase classname="tests.test_pos_regression.TestBilling" name="test_calculate_taxes" time="0.065" /><testcase classname="tests.test_pos_regression.TestBilling" name="test_create_bill" time="0.089" /><testcase classname="tests.test_pos_regression.TestBilling" name="test_pay_bill" time="0.089" /><testcase classname="tests.test_pos_regression.TestBilling" name="test_list_bills" time="0.085" /><testcase classname="tests.test_pos_regression.TestProducts" name="test_list_categories" time="0.062" /><testcase classname="tests.test_pos_regression.TestProducts" name="test_list_products" time="0.067" /><testcase classname="tests.test_pos_regression.TestProducts" name="test_get_product" time="0.063" /><testcase classname="tests.test_pos_regression.TestProducts" name="test_list_modifiers" time="0.062" /><testcase classname="tests.test_pos_regression.TestCustomers" name="test_list_customers" time="0.081" /><testcase classname="tests.test_pos_regression.TestCustomers" name="test_create_customer" time="0.069" /><testcase classname="tests.test_pos_regression.TestCustomers" name="test_get_loyalty_config" time="0.063" /><testcase classname="tests.test_pos_regression.TestConfig" name="test_list_shifts" time="0.063" /><testcase classname="tests.test_pos_regression.TestConfig" name="test_get_current_shift" time="0.064" /><testcase classname="tests.test_pos_regression.TestConfig" name="test_list_reservations" time="0.086" /><testcase classname="tests.test_pos_regression.TestConfig" name="test_system_config" time="0.070" /><testcase classname="tests.test_pos_regression.TestConfig" name="test_cancellation_reasons" time="0.064" /><testcase classname="tests.test_pos_regression.TestVoidAuditLogs" name="test_list_void_audit_logs" time="0.063" /><testcase classname="tests.test_pos_regression.TestVoidAuditLogs" name="test_void_report" time="0.068" /><testcase classname="tests.test_pos_regression.TestMisc" name="test_report_categories" time="0.065" /><testcase classname="tests.test_pos_regression.TestMisc" name="test_print_channels" time="0.065" /><testcase classname="tests.test_pos_regression.TestMisc" name="test_day_close_check" time="0.104" /><testcase classname="tests.test_pos_regression.TestMisc" name="test_station_config" time="0.065" /><testcase classname="tests.test_pos_regression.TestCleanup" name="test_cleanup_test_customer" time="0.082" /></testsuite></testsuites>