<?xml version="1.0" encoding="utf-8"?><testsuites name="pytest tests"><testsuite name="pytest" errors="0" failures="0" skipped="1" tests="9" time="3.368" timestamp="2026-04-09T17:32:42.183333+00:00" hostname="agent-env-98952d4e-5f38-4e0c-90a9-7117afd3f16b"><testcase classname="tests.test_precuenta_modal_bugfix.TestPreCuentaModalBugFix" name="test_01_areas_exist" time="0.510" /><testcase classname="tests.test_precuenta_modal_bugfix.TestPreCuentaModalBugFix" name="test_02_receipt_channel_exists" time="0.223" /><testcase classname="tests.test_precuenta_modal_bugfix.TestPreCuentaModalBugFix" name="test_03_area_channel_mappings_exist" time="0.413" /><testcase classname="tests.test_precuenta_modal_bugfix.TestPreCuentaModalBugFix" name="test_04_area_printer_endpoint_returns_fallback" time="0.363" /><testcase classname="tests.test_precuenta_modal_bugfix.TestPreCuentaModalBugFix" name="test_05_area_printer_with_no_table_order" time="0.280"><skipped type="pytest.skip" message="Could not create test order">/app/backend/tests/test_precuenta_modal_bugfix.py:132: Could not create test order</skipped></testcase><testcase classname="tests.test_precuenta_modal_bugfix.TestPreCuentaModalBugFix" name="test_06_send_precheck_endpoint_works" time="0.362" /><testcase classname="tests.test_precuenta_modal_bugfix.TestPreCuentaModalBugFix" name="test_07_verify_all_areas_have_receipt_mapping" time="0.515" /><testcase classname="tests.test_precuenta_modal_bugfix.TestFrontendBehavior" name="test_01_pre_check_html_generation" time="0.422" /><testcase classname="tests.test_precuenta_modal_bugfix.TestFrontendBehavior" name="test_02_print_channels_available" time="0.211" /></testsuite></testsuites>