<?xml version="1.0" encoding="utf-8"?><testsuites name="pytest tests"><testsuite name="pytest" errors="0" failures="0" skipped="0" tests="9" time="8.471" timestamp="2026-04-09T23:05:11.996621+00:00" hostname="agent-env-98952d4e-5f38-4e0c-90a9-7117afd3f16b"><testcase classname="backend.tests.test_precuenta_security_fix.TestPreCuentaSecurityFix" name="test_01_create_order_with_pending_items" time="1.014" /><testcase classname="backend.tests.test_precuenta_security_fix.TestPreCuentaSecurityFix" name="test_02_send_to_kitchen_changes_status_to_sent" time="0.940" /><testcase classname="backend.tests.test_precuenta_security_fix.TestPreCuentaSecurityFix" name="test_03_pre_check_html_includes_all_items" time="1.085" /><testcase classname="backend.tests.test_precuenta_security_fix.TestPreCuentaSecurityFix" name="test_04_sent_items_require_reason_to_cancel" time="1.214" /><testcase classname="backend.tests.test_precuenta_security_fix.TestPreCuentaSecurityFix" name="test_05_pending_items_allow_express_void" time="0.810" /><testcase classname="backend.tests.test_precuenta_security_fix.TestPreCuentaSecurityFix" name="test_06_enviar_button_endpoint_works" time="0.784" /><testcase classname="backend.tests.test_precuenta_security_fix.TestPreCuentaSecurityFix" name="test_07_multiple_pending_items_all_sent" time="0.777" /><testcase classname="backend.tests.test_precuenta_security_fix.TestPreCuentaSecurityFix" name="test_08_idempotent_send_kitchen" time="0.839" /><testcase classname="backend.tests.test_precuenta_security_fix.TestPreCuentaSecurityWorkflow" name="test_complete_security_workflow" time="0.924" /></testsuite></testsuites>