<?xml version="1.0" encoding="utf-8"?><testsuites name="pytest tests"><testsuite name="pytest" errors="0" failures="0" skipped="0" tests="12" time="1.851" timestamp="2026-02-09T00:03:48.640391+00:00" hostname="agent-env-b3281202-0694-4b85-8401-a007b8a57866"><testcase classname="backend.tests.test_product_config.TestProductConfigBackend" name="test_list_products" time="0.096" /><testcase classname="backend.tests.test_product_config.TestProductConfigBackend" name="test_get_product_by_id" time="0.114" /><testcase classname="backend.tests.test_product_config.TestProductConfigBackend" name="test_create_product_with_new_fields" time="0.268" /><testcase classname="backend.tests.test_product_config.TestProductConfigBackend" name="test_update_product_with_new_fields" time="0.193" /><testcase classname="backend.tests.test_product_config.TestProductConfigBackend" name="test_list_report_categories" time="0.080" /><testcase classname="backend.tests.test_product_config.TestProductConfigBackend" name="test_create_report_category" time="0.082" /><testcase classname="backend.tests.test_product_config.TestProductConfigBackend" name="test_list_modifiers" time="0.077" /><testcase classname="backend.tests.test_product_config.TestProductConfigBackend" name="test_get_modifier_by_id" time="0.116" /><testcase classname="backend.tests.test_product_config.TestProductConfigBackend" name="test_create_modifier_group" time="0.119" /><testcase classname="backend.tests.test_product_config.TestProductConfigBackend" name="test_update_modifier_group" time="0.150" /><testcase classname="backend.tests.test_product_config.TestProductConfigBackend" name="test_list_categories" time="0.082" /><testcase classname="backend.tests.test_product_config.TestProductConfigBackend" name="test_cleanup_test_data" time="0.420" /></testsuite></testsuites>