<?xml version="1.0" encoding="utf-8"?><testsuites name="pytest tests"><testsuite name="pytest" errors="0" failures="1" skipped="0" tests="15" time="3.122" timestamp="2026-04-22T00:44:33.576405+00:00" hostname="agent-env-98952d4e-5f38-4e0c-90a9-7117afd3f16b"><testcase classname="backend.tests.test_promotions.TestPermissions" name="test_admin_can_list" time="0.265" /><testcase classname="backend.tests.test_promotions.TestPermissions" name="test_cashier_can_list" time="0.257" /><testcase classname="backend.tests.test_promotions.TestPermissions" name="test_cashier_cannot_create" time="0.119" /><testcase classname="backend.tests.test_promotions.TestPermissions" name="test_cashier_can_view_active" time="0.142" /><testcase classname="backend.tests.test_promotions.TestCRUD" name="test_create_validation_missing_name" time="0.125" /><testcase classname="backend.tests.test_promotions.TestCRUD" name="test_create_validation_bad_type" time="0.119" /><testcase classname="backend.tests.test_promotions.TestCRUD" name="test_create_validation_bad_apply" time="0.124" /><testcase classname="backend.tests.test_promotions.TestCRUD" name="test_create_ok" time="0.234" /><testcase classname="backend.tests.test_promotions.TestCRUD" name="test_patch_toggle" time="0.313" /><testcase classname="backend.tests.test_promotions.TestCRUD" name="test_patch_404" time="0.108" /><testcase classname="backend.tests.test_promotions.TestCRUD" name="test_delete_ok" time="0.217" /><testcase classname="backend.tests.test_promotions.TestCRUD" name="test_delete_404" time="0.142" /><testcase classname="backend.tests.test_promotions.TestSeedHappyHour" name="test_happy_hour_exists" time="0.111" /><testcase classname="backend.tests.test_promotions.TestSeedHappyHour" name="test_active_endpoint_returns_list" time="0.156" /><testcase classname="backend.tests.test_promotions.TestOrderIntegration" name="test_add_item_applies_discount" time="0.598"><failure message="AssertionError: {&quot;detail&quot;:[{&quot;type&quot;:&quot;missing&quot;,&quot;loc&quot;:[&quot;body&quot;,&quot;items&quot;],&quot;msg&quot;:&quot;Field required&quot;,&quot;input&quot;:{&quot;product_id&quot;:&quot;44426986-eee2-4d76-b2fc-ff8b0e5e415c&quot;,&quot;quantity&quot;:1,&quot;unit_price&quot;:300.0,&quot;name&quot;:&quot;PRESIDENTE&quot;},&quot;url&quot;:&quot;https://errors.pydantic.dev/2.12/v/missing&quot;}]}&#10;assert 422 in (200, 201)&#10; +  where 422 = &lt;Response [422]&gt;.status_code">backend/tests/test_promotions.py:196: in test_add_item_applies_discount
    assert ai.status_code in (200, 201), ai.text[:300]
E   AssertionError: {"detail":[{"type":"missing","loc":["body","items"],"msg":"Field required","input":{"product_id":"44426986-eee2-4d76-b2fc-ff8b0e5e415c","quantity":1,"unit_price":300.0,"name":"PRESIDENTE"},"url":"https://errors.pydantic.dev/2.12/v/missing"}]}
E   assert 422 in (200, 201)
E    +  where 422 = &lt;Response [422]&gt;.status_code</failure></testcase></testsuite></testsuites>