<?xml version="1.0" encoding="utf-8"?><testsuites name="pytest tests"><testsuite name="pytest" errors="0" failures="0" skipped="0" tests="19" time="4.464" timestamp="2026-02-14T06:18:25.327289+00:00" hostname="agent-env-612fa033-bfff-4125-8e98-2f1d4a6b8faf"><testcase classname="backend.tests.test_purchasing_assistant.TestPurchasingAssistant" name="test_get_suggestions_returns_200" time="0.215" /><testcase classname="backend.tests.test_purchasing_assistant.TestPurchasingAssistant" name="test_suggestions_have_required_fields" time="0.173" /><testcase classname="backend.tests.test_purchasing_assistant.TestPurchasingAssistant" name="test_suggestions_summary_contains_totals" time="0.188" /><testcase classname="backend.tests.test_purchasing_assistant.TestPurchasingAssistant" name="test_suggestions_filter_by_supplier" time="0.266" /><testcase classname="backend.tests.test_purchasing_assistant.TestPurchasingAssistant" name="test_suggestions_filter_by_warehouse" time="0.200" /><testcase classname="backend.tests.test_purchasing_assistant.TestPurchasingAssistant" name="test_get_price_alerts_returns_200" time="0.153" /><testcase classname="backend.tests.test_purchasing_assistant.TestPurchasingAssistant" name="test_price_alerts_summary_fields" time="0.163" /><testcase classname="backend.tests.test_purchasing_assistant.TestPurchasingAssistant" name="test_price_alerts_item_structure" time="0.177" /><testcase classname="backend.tests.test_purchasing_assistant.TestPurchasingAssistant" name="test_recalculate_margins_returns_200" time="0.639" /><testcase classname="backend.tests.test_purchasing_assistant.TestPurchasingAssistant" name="test_recalculate_margins_summary" time="0.169" /><testcase classname="backend.tests.test_purchasing_assistant.TestPurchasingAssistant" name="test_recalculate_margins_result_structure" time="0.182" /><testcase classname="backend.tests.test_purchasing_assistant.TestPurchasingAssistant" name="test_recalculate_margins_critical_warning_lists" time="0.186" /><testcase classname="backend.tests.test_purchasing_assistant.TestPurchasingAssistant" name="test_get_price_history_returns_200" time="0.225" /><testcase classname="backend.tests.test_purchasing_assistant.TestPurchasingAssistant" name="test_price_history_stats_fields" time="0.219" /><testcase classname="backend.tests.test_purchasing_assistant.TestPurchasingAssistant" name="test_price_history_invalid_ingredient_returns_404" time="0.149" /><testcase classname="backend.tests.test_purchasing_assistant.TestPurchasingAssistant" name="test_generate_po_requires_supplier" time="0.211" /><testcase classname="backend.tests.test_purchasing_assistant.TestPurchasingAssistant" name="test_generate_po_full_flow" time="0.361" /><testcase classname="backend.tests.test_purchasing_assistant.TestIngredientDefaultSupplier" name="test_ingredient_has_default_supplier_field" time="0.174" /><testcase classname="backend.tests.test_purchasing_assistant.TestIngredientDefaultSupplier" name="test_update_ingredient_default_supplier" time="0.358" /></testsuite></testsuites>