<?xml version="1.0" encoding="utf-8"?><testsuites name="pytest tests"><testsuite name="pytest" errors="0" failures="0" skipped="0" tests="6" time="3.594" timestamp="2026-02-27T01:00:34.886120+00:00" hostname="agent-env-0cc7dad4-399c-4081-97c8-1d2f53bb8bc2"><testcase classname="backend.tests.test_business_day_logic.TestBusinessDayLogic" name="test_01_get_current_business_day" time="0.311" /><testcase classname="backend.tests.test_business_day_logic.TestBusinessDayLogic" name="test_02_login_returns_business_day_opened_field" time="0.373" /><testcase classname="backend.tests.test_business_day_logic.TestBusinessDayLogic" name="test_03_login_without_open_day_auto_opens" time="0.252" /><testcase classname="backend.tests.test_business_day_logic.TestBusinessDayLogic" name="test_04_close_business_day_returns_force_logout" time="1.149" /><testcase classname="backend.tests.test_business_day_logic.TestBusinessDayLogic" name="test_05_login_after_close_opens_new_day" time="1.173" /><testcase classname="backend.tests.test_business_day_logic.TestBusinessDayCheck" name="test_check_endpoint_returns_correct_structure" time="0.283" /></testsuite></testsuites>