<?xml version="1.0" encoding="utf-8"?><testsuites name="pytest tests"><testsuite name="pytest" errors="0" failures="0" skipped="0" tests="8" time="2.562" timestamp="2026-04-22T18:40:18.450045+00:00" hostname="agent-env-98952d4e-5f38-4e0c-90a9-7117afd3f16b"><testcase classname="backend.tests.test_quick_orders" name="test_create_quick_order_with_name" time="0.367" /><testcase classname="backend.tests.test_quick_orders" name="test_create_quick_order_without_name" time="0.144" /><testcase classname="backend.tests.test_quick_orders" name="test_list_active_quick_orders" time="0.055" /><testcase classname="backend.tests.test_quick_orders" name="test_invalid_status_returns_400" time="0.121" /><testcase classname="backend.tests.test_quick_orders" name="test_status_nonexistent_returns_404" time="0.071" /><testcase classname="backend.tests.test_quick_orders" name="test_patch_delivered_removes_from_active" time="0.184" /><testcase classname="backend.tests.test_quick_orders" name="test_payment_flips_quick_status_to_paid" time="1.381" /><testcase classname="backend.tests.test_quick_orders" name="test_bill_label_without_name" time="0.185" /></testsuite></testsuites>