<?xml version="1.0" encoding="utf-8"?><testsuites name="pytest tests"><testsuite name="pytest" errors="0" failures="0" skipped="0" tests="12" time="9.848" timestamp="2026-02-28T00:28:46.210439+00:00" hostname="agent-env-ff5b430d-19ff-419c-aa8e-ea9774e09c30"><testcase classname="backend.tests.test_recipe_audit_history.TestRecipeAuditHistory" name="test_get_recipe_history_endpoint_exists" time="0.348" /><testcase classname="backend.tests.test_recipe_audit_history.TestRecipeAuditHistory" name="test_get_all_recipe_history_endpoint_exists" time="0.331" /><testcase classname="backend.tests.test_recipe_audit_history.TestRecipeAuditHistory" name="test_create_recipe_generates_audit_log" time="0.946" /><testcase classname="backend.tests.test_recipe_audit_history.TestRecipeAuditHistory" name="test_update_recipe_generates_audit_log_with_changes" time="1.492" /><testcase classname="backend.tests.test_recipe_audit_history.TestRecipeAuditHistory" name="test_delete_recipe_generates_audit_log" time="1.407" /><testcase classname="backend.tests.test_recipe_audit_history.TestRecipeAuditHistory" name="test_subrecipe_protection_still_works" time="0.437" /><testcase classname="backend.tests.test_recipe_audit_history.TestRecipeAuditHistory" name="test_get_all_history_with_filters" time="0.409" /><testcase classname="backend.tests.test_recipe_audit_history.TestRecipeAuditHistory" name="test_history_sorted_by_timestamp_desc" time="2.031" /><testcase classname="backend.tests.test_recipe_audit_history.TestRecipeAuditHistory" name="test_audit_log_contains_user_info" time="0.333" /><testcase classname="backend.tests.test_recipe_audit_history.TestRecipeAuditHistory" name="test_diff_ingredients_tracks_changes_correctly" time="1.526" /><testcase classname="backend.tests.test_recipe_audit_history.TestExistingAuditData" name="test_audit_history_all_returns_existing_data" time="0.158" /><testcase classname="backend.tests.test_recipe_audit_history.TestExistingAuditData" name="test_existing_recipes_have_history_endpoints" time="0.345" /></testsuite></testsuites>