<?xml version="1.0" encoding="utf-8"?><testsuites name="pytest tests"><testsuite name="pytest" errors="0" failures="5" skipped="0" tests="12" time="4.173" timestamp="2026-02-28T00:28:04.128104+00:00" hostname="agent-env-ff5b430d-19ff-419c-aa8e-ea9774e09c30"><testcase classname="backend.tests.test_recipe_audit_history.TestRecipeAuditHistory" name="test_get_recipe_history_endpoint_exists" time="0.418" /><testcase classname="backend.tests.test_recipe_audit_history.TestRecipeAuditHistory" name="test_get_all_recipe_history_endpoint_exists" time="0.280" /><testcase classname="backend.tests.test_recipe_audit_history.TestRecipeAuditHistory" name="test_create_recipe_generates_audit_log" time="0.328"><failure message="assert 422 == 200&#10; +  where 422 = &lt;Response [422]&gt;.status_code">backend/tests/test_recipe_audit_history.py:93: in test_create_recipe_generates_audit_log
    assert create_res.status_code == 200
E   assert 422 == 200
E    +  where 422 = &lt;Response [422]&gt;.status_code</failure></testcase><testcase classname="backend.tests.test_recipe_audit_history.TestRecipeAuditHistory" name="test_update_recipe_generates_audit_log_with_changes" time="0.294"><failure message="assert 422 == 200&#10; +  where 422 = &lt;Response [422]&gt;.status_code">backend/tests/test_recipe_audit_history.py:146: in test_update_recipe_generates_audit_log_with_changes
    assert create_res.status_code == 200
E   assert 422 == 200
E    +  where 422 = &lt;Response [422]&gt;.status_code</failure></testcase><testcase classname="backend.tests.test_recipe_audit_history.TestRecipeAuditHistory" name="test_delete_recipe_generates_audit_log" time="0.306"><failure message="assert 422 == 200&#10; +  where 422 = &lt;Response [422]&gt;.status_code">backend/tests/test_recipe_audit_history.py:221: in test_delete_recipe_generates_audit_log
    assert create_res.status_code == 200
E   assert 422 == 200
E    +  where 422 = &lt;Response [422]&gt;.status_code</failure></testcase><testcase classname="backend.tests.test_recipe_audit_history.TestRecipeAuditHistory" name="test_subrecipe_protection_still_works" time="0.499" /><testcase classname="backend.tests.test_recipe_audit_history.TestRecipeAuditHistory" name="test_get_all_history_with_filters" time="0.437" /><testcase classname="backend.tests.test_recipe_audit_history.TestRecipeAuditHistory" name="test_history_sorted_by_timestamp_desc" time="0.330"><failure message="assert 422 == 200&#10; +  where 422 = &lt;Response [422]&gt;.status_code">backend/tests/test_recipe_audit_history.py:329: in test_history_sorted_by_timestamp_desc
    assert create_res.status_code == 200
E   assert 422 == 200
E    +  where 422 = &lt;Response [422]&gt;.status_code</failure></testcase><testcase classname="backend.tests.test_recipe_audit_history.TestRecipeAuditHistory" name="test_audit_log_contains_user_info" time="0.320" /><testcase classname="backend.tests.test_recipe_audit_history.TestRecipeAuditHistory" name="test_diff_ingredients_tracks_changes_correctly" time="0.262"><failure message="assert 422 == 200&#10; +  where 422 = &lt;Response [422]&gt;.status_code">backend/tests/test_recipe_audit_history.py:407: in test_diff_ingredients_tracks_changes_correctly
    assert create_res.status_code == 200
E   assert 422 == 200
E    +  where 422 = &lt;Response [422]&gt;.status_code</failure></testcase><testcase classname="backend.tests.test_recipe_audit_history.TestExistingAuditData" name="test_audit_history_all_returns_existing_data" time="0.227" /><testcase classname="backend.tests.test_recipe_audit_history.TestExistingAuditData" name="test_existing_recipes_have_history_endpoints" time="0.346" /></testsuite></testsuites>