<?xml version="1.0" encoding="utf-8"?><testsuites name="pytest tests"><testsuite name="pytest" errors="0" failures="0" skipped="0" tests="19" time="2.879" timestamp="2026-02-15T01:36:14.977364+00:00" hostname="agent-env-c66ba8af-5b7a-4144-a6b7-e9425c476352"><testcase classname="tests.test_reports_module.TestReportsSparklines" name="test_daily_sparklines_default" time="0.249" /><testcase classname="tests.test_reports_module.TestReportsSparklines" name="test_daily_sparklines_custom_days" time="0.110" /><testcase classname="tests.test_reports_module.TestDailySalesReport" name="test_daily_sales_report" time="0.110" /><testcase classname="tests.test_reports_module.TestDailySalesReport" name="test_daily_sales_today" time="0.159" /><testcase classname="tests.test_reports_module.TestTopProductsReport" name="test_top_products_default" time="0.147" /><testcase classname="tests.test_reports_module.TestTopProductsReport" name="test_top_products_limit_20" time="0.108" /><testcase classname="tests.test_reports_module.TestTopProductsReport" name="test_top_products_limit_30" time="0.133" /><testcase classname="tests.test_reports_module.TestVoidAuditReport" name="test_void_audit_report" time="0.165" /><testcase classname="tests.test_reports_module.TestProfitLossReport" name="test_profit_loss_report" time="0.106" /><testcase classname="tests.test_reports_module.TestTaxesReport" name="test_taxes_report" time="0.359" /><testcase classname="tests.test_reports_module.TestCashCloseReport" name="test_cash_close_report" time="0.103" /><testcase classname="tests.test_reports_module.TestSalesByTypeReport" name="test_sales_by_type" time="0.111" /><testcase classname="tests.test_reports_module.TestPaymentMethodsReport" name="test_payment_methods_breakdown" time="0.117" /><testcase classname="tests.test_reports_module.TestInventoryReports" name="test_inventory_by_warehouse" time="0.129" /><testcase classname="tests.test_reports_module.TestInventoryReports" name="test_transfers_report" time="0.144" /><testcase classname="tests.test_reports_module.TestInventoryReports" name="test_waste_report" time="0.126" /><testcase classname="tests.test_reports_module.TestPurchasingReports" name="test_purchase_orders_report" time="0.111" /><testcase classname="tests.test_reports_module.TestPurchasingReports" name="test_by_supplier_report" time="0.163" /><testcase classname="tests.test_reports_module.TestHourlySalesReport" name="test_hourly_sales" time="0.132" /></testsuite></testsuites>