<?xml version="1.0" encoding="utf-8"?><testsuites name="pytest tests"><testsuite name="pytest" errors="0" failures="0" skipped="0" tests="9" time="4.705" timestamp="2026-02-23T20:02:34.050595+00:00" hostname="agent-env-1efef5b8-a232-4269-82a0-5306b8be21be"><testcase classname="backend.tests.test_report_z.TestReportZ" name="test_report_z_current_returns_200" time="0.782" /><testcase classname="backend.tests.test_report_z.TestReportZ" name="test_report_z_current_has_correct_structure" time="0.515" /><testcase classname="backend.tests.test_report_z.TestReportZ" name="test_report_z_cash_reconciliation_formula" time="0.472" /><testcase classname="backend.tests.test_report_z.TestReportZ" name="test_report_z_by_day_id_returns_200" time="0.427" /><testcase classname="backend.tests.test_report_z.TestReportZ" name="test_report_z_by_day_id_has_correct_structure" time="0.528" /><testcase classname="backend.tests.test_report_z.TestReportZ" name="test_report_z_invalid_day_id_returns_404" time="0.331" /><testcase classname="backend.tests.test_report_z.TestReportZ" name="test_report_z_without_auth_returns_401" time="0.465" /><testcase classname="backend.tests.test_report_z.TestReportZ" name="test_report_z_payment_totals_match_payment_breakdown" time="0.515" /><testcase classname="backend.tests.test_report_z.TestReportZ" name="test_report_z_generated_at_is_valid_timestamp" time="0.588" /></testsuite></testsuites>