<?xml version="1.0" encoding="utf-8"?><testsuites name="pytest tests"><testsuite name="pytest" errors="0" failures="0" skipped="0" tests="14" time="2.378" timestamp="2026-02-26T01:02:10.797750+00:00" hostname="agent-env-752dfc92-8cad-445b-a25d-1d66a65026a3"><testcase classname="backend.tests.test_reports_and_system_reset.TestDailySalesReport" name="test_daily_sales_returns_200" time="0.326" /><testcase classname="backend.tests.test_reports_and_system_reset.TestDailySalesReport" name="test_daily_sales_has_required_fields" time="0.130" /><testcase classname="backend.tests.test_reports_and_system_reset.TestDailySalesReport" name="test_daily_sales_values_are_numeric" time="0.131" /><testcase classname="backend.tests.test_reports_and_system_reset.TestSalesByCategoryReport" name="test_sales_by_category_returns_200" time="0.205" /><testcase classname="backend.tests.test_reports_and_system_reset.TestSalesByCategoryReport" name="test_sales_by_category_returns_array" time="0.161" /><testcase classname="backend.tests.test_reports_and_system_reset.TestSalesByCategoryReport" name="test_sales_by_category_has_required_fields" time="0.155" /><testcase classname="backend.tests.test_reports_and_system_reset.TestSalesByWaiterReport" name="test_sales_by_waiter_returns_200" time="0.138" /><testcase classname="backend.tests.test_reports_and_system_reset.TestSalesByWaiterReport" name="test_sales_by_waiter_returns_array" time="0.137" /><testcase classname="backend.tests.test_reports_and_system_reset.TestSalesByWaiterReport" name="test_sales_by_waiter_has_required_fields" time="0.154" /><testcase classname="backend.tests.test_reports_and_system_reset.TestSystemReset" name="test_system_reset_requires_correct_confirm" time="0.116" /><testcase classname="backend.tests.test_reports_and_system_reset.TestSystemReset" name="test_system_reset_blocked_for_non_admin" time="0.249" /><testcase classname="backend.tests.test_reports_and_system_reset.TestSystemReset" name="test_system_reset_requires_keep_user_ids" time="0.114" /><testcase classname="backend.tests.test_reports_and_system_reset.TestInventoryValuationReport" name="test_inventory_valuation_returns_200" time="0.166" /><testcase classname="backend.tests.test_reports_and_system_reset.TestInventoryValuationReport" name="test_inventory_valuation_has_structure" time="0.133" /></testsuite></testsuites>