<?xml version="1.0" encoding="utf-8"?><testsuites name="pytest tests"><testsuite name="pytest" errors="0" failures="0" skipped="0" tests="9" time="2.076" timestamp="2026-04-21T11:35:34.405852+00:00" hostname="agent-env-98952d4e-5f38-4e0c-90a9-7117afd3f16b"><testcase classname="backend.tests.test_sales_comparative.TestSalesComparativeEndpoint" name="test_real_dataset_deltas" time="0.540" /><testcase classname="backend.tests.test_sales_comparative.TestSalesComparativeEndpoint" name="test_pct_null_when_period_a_is_zero" time="0.151" /><testcase classname="backend.tests.test_sales_comparative.TestSalesComparativeExports" name="test_xlsx_requires_auth" time="0.104" /><testcase classname="backend.tests.test_sales_comparative.TestSalesComparativeExports" name="test_pdf_requires_auth" time="0.116" /><testcase classname="backend.tests.test_sales_comparative.TestSalesComparativeExports" name="test_xlsx_download_valid" time="0.191" /><testcase classname="backend.tests.test_sales_comparative.TestSalesComparativeExports" name="test_pdf_download_valid" time="0.343" /><testcase classname="backend.tests.test_sales_comparative.TestSalesComparativeExports" name="test_xlsx_contains_real_formulas" time="0.130" /><testcase classname="backend.tests.test_sales_comparative.TestDailySalesRegression" name="test_daily_sales_still_works" time="0.146" /><testcase classname="backend.tests.test_sales_comparative.TestDailySalesRegression" name="test_open_checks_regression" time="0.137" /></testsuite></testsuites>