<?xml version="1.0" encoding="utf-8"?><testsuites name="pytest tests"><testsuite name="pytest" errors="0" failures="0" skipped="0" tests="6" time="4.008" timestamp="2026-02-24T23:53:09.753724+00:00" hostname="agent-env-60cf0769-2f72-4bbb-b852-4af59397397b"><testcase classname="backend.tests.test_security_features.TestDeleteTerminalInUse" name="test_01_delete_terminal_not_in_use_succeeds" time="0.574" /><testcase classname="backend.tests.test_security_features.TestDeleteTerminalInUse" name="test_02_delete_terminal_in_use_returns_400" time="0.944" /><testcase classname="backend.tests.test_security_features.TestCloseShiftWithOpenOrders" name="test_03_close_shift_with_open_orders_returns_400" time="0.936" /><testcase classname="backend.tests.test_security_features.TestSessionHistory" name="test_04_session_history_includes_total_difference" time="0.290" /><testcase classname="backend.tests.test_security_features.TestReportX" name="test_05_report_x_includes_cash_reconciliation_fields" time="0.690" /><testcase classname="backend.tests.test_security_features.TestTerminalCRUD" name="test_06_terminal_crud_operations" time="0.522" /></testsuite></testsuites>