<?xml version="1.0" encoding="utf-8"?><testsuites name="pytest tests"><testsuite name="pytest" errors="0" failures="3" skipped="0" tests="6" time="1.975" timestamp="2026-04-04T15:08:58.429608+00:00" hostname="agent-env-98952d4e-5f38-4e0c-90a9-7117afd3f16b"><testcase classname="backend.tests.test_send_kitchen_first_exit.TestSendKitchenFirstExit" name="test_send_kitchen_endpoint_exists" time="0.257" /><testcase classname="backend.tests.test_send_kitchen_first_exit.TestSendKitchenFirstExit" name="test_create_order_with_pending_items_and_send_to_kitchen" time="0.410" /><testcase classname="backend.tests.test_send_kitchen_first_exit.TestSendKitchenFirstExit" name="test_send_kitchen_with_no_pending_items" time="0.387" /><testcase classname="backend.tests.test_send_kitchen_first_exit.TestSendKitchenFirstExit" name="test_add_items_to_existing_order_and_send" time="0.329"><failure message="AssertionError: Failed to update order: {&quot;detail&quot;:&quot;Method Not Allowed&quot;}&#10;assert 405 == 200&#10; +  where 405 = &lt;Response [405]&gt;.status_code">backend/tests/test_send_kitchen_first_exit.py:234: in test_add_items_to_existing_order_and_send
    assert update_response.status_code == 200, f"Failed to update order: {update_response.text}"
E   AssertionError: Failed to update order: {"detail":"Method Not Allowed"}
E   assert 405 == 200
E    +  where 405 = &lt;Response [405]&gt;.status_code</failure></testcase><testcase classname="backend.tests.test_send_kitchen_first_exit.TestOrderCreationFlow" name="test_new_order_items_default_to_pending" time="0.283"><failure message="AssertionError: New item should be pending, got: sent&#10;assert 'sent' == 'pending'&#10;  &#10;  - pending&#10;  + sent">backend/tests/test_send_kitchen_first_exit.py:313: in test_new_order_items_default_to_pending
    assert status == "pending", f"New item should be pending, got: {status}"
E   AssertionError: New item should be pending, got: sent
E   assert 'sent' == 'pending'
E     
E     - pending
E     + sent</failure></testcase><testcase classname="backend.tests.test_send_kitchen_first_exit.TestOrderCreationFlow" name="test_get_table_orders_returns_all_orders" time="0.207"><failure message="assert 404 == 200&#10; +  where 404 = &lt;Response [404]&gt;.status_code">backend/tests/test_send_kitchen_first_exit.py:330: in test_get_table_orders_returns_all_orders
    assert orders_response.status_code == 200
E   assert 404 == 200
E    +  where 404 = &lt;Response [404]&gt;.status_code</failure></testcase></testsuite></testsuites>