<?xml version="1.0" encoding="utf-8"?><testsuites name="pytest tests"><testsuite name="pytest" errors="0" failures="0" skipped="0" tests="13" time="4.376" timestamp="2026-04-15T16:43:55.799747+00:00" hostname="agent-env-98952d4e-5f38-4e0c-90a9-7117afd3f16b"><testcase classname="backend.tests.test_session_management.TestSessionManagement" name="test_01_login_includes_session_id_in_jwt" time="0.160" /><testcase classname="backend.tests.test_session_management.TestSessionManagement" name="test_02_get_auto_logout_config_returns_default" time="0.119" /><testcase classname="backend.tests.test_session_management.TestSessionManagement" name="test_03_update_auto_logout_config_admin_only" time="0.508" /><testcase classname="backend.tests.test_session_management.TestSessionManagement" name="test_04_update_auto_logout_config_non_admin_forbidden" time="0.275" /><testcase classname="backend.tests.test_session_management.TestSessionManagement" name="test_05_active_sessions_admin_only" time="0.254" /><testcase classname="backend.tests.test_session_management.TestSessionManagement" name="test_06_active_sessions_non_admin_forbidden" time="0.239" /><testcase classname="backend.tests.test_session_management.TestSessionManagement" name="test_07_heartbeat_updates_last_activity" time="0.219" /><testcase classname="backend.tests.test_session_management.TestSessionManagement" name="test_08_revoke_session_admin_only" time="0.583" /><testcase classname="backend.tests.test_session_management.TestSessionManagement" name="test_09_revoked_session_returns_401" time="0.459" /><testcase classname="backend.tests.test_session_management.TestSessionManagement" name="test_10_admin_cannot_revoke_own_session" time="0.230" /><testcase classname="backend.tests.test_session_management.TestSessionManagement" name="test_11_non_admin_cannot_revoke_sessions" time="0.353" /><testcase classname="backend.tests.test_session_management.TestSessionManagement" name="test_12_auto_logout_config_validation" time="0.691" /><testcase classname="backend.tests.test_session_management.TestSessionManagement" name="test_13_revoke_nonexistent_session_returns_404" time="0.229" /></testsuite></testsuites>