<?xml version="1.0" encoding="utf-8"?><testsuites name="pytest tests"><testsuite name="pytest" errors="0" failures="0" skipped="0" tests="10" time="8.243" timestamp="2026-02-25T00:11:15.810701+00:00" hostname="agent-env-60cf0769-2f72-4bbb-b852-4af59397397b"><testcase classname="backend.tests.test_shift_and_close_day.TestAdminShiftOperations" name="test_01_admin_open_shift_no_uuid_error" time="2.751" /><testcase classname="backend.tests.test_shift_and_close_day.TestAdminShiftOperations" name="test_02_admin_close_shift_success" time="1.516" /><testcase classname="backend.tests.test_shift_and_close_day.TestAdminShiftOperations" name="test_03_session_history_shows_closed_sessions" time="0.872" /><testcase classname="backend.tests.test_shift_and_close_day.TestCloseDayValidations" name="test_04_check_business_day_status" time="0.228" /><testcase classname="backend.tests.test_shift_and_close_day.TestCloseDayValidations" name="test_05_close_day_requires_pin" time="0.199" /><testcase classname="backend.tests.test_shift_and_close_day.TestCloseDayValidations" name="test_06_close_day_validates_open_shifts" time="1.564" /><testcase classname="backend.tests.test_shift_and_close_day.TestMandatoryShiftForRoles" name="test_07_cashier_requires_shift" time="0.137" /><testcase classname="backend.tests.test_shift_and_close_day.TestMandatoryShiftForRoles" name="test_08_waiter_does_not_require_shift" time="0.117" /><testcase classname="backend.tests.test_shift_and_close_day.TestMandatoryShiftForRoles" name="test_09_admin_requires_shift" time="0.146" /><testcase classname="backend.tests.test_shift_and_close_day.TestReprintReport" name="test_10_report_x_endpoint_exists" time="0.640" /></testsuite></testsuites>