<?xml version="1.0" encoding="utf-8"?><testsuites name="pytest tests"><testsuite name="pytest" errors="0" failures="2" skipped="0" tests="18" time="6.872" timestamp="2026-04-14T22:32:03.336819+00:00" hostname="agent-env-98952d4e-5f38-4e0c-90a9-7117afd3f16b"><testcase classname="backend.tests.test_simple_inventory.TestSimpleInventoryList" name="test_list_simple_inventory_success" time="0.314" /><testcase classname="backend.tests.test_simple_inventory.TestSimpleInventoryList" name="test_list_simple_inventory_unauthorized" time="0.117" /><testcase classname="backend.tests.test_simple_inventory.TestSimpleInventoryAdjust" name="test_adjust_stock_increase" time="0.350" /><testcase classname="backend.tests.test_simple_inventory.TestSimpleInventoryAdjust" name="test_adjust_stock_decrease" time="0.390" /><testcase classname="backend.tests.test_simple_inventory.TestSimpleInventoryAdjust" name="test_adjust_stock_negative_rejected" time="0.271" /><testcase classname="backend.tests.test_simple_inventory.TestSimpleInventoryAdjust" name="test_adjust_stock_nonexistent_product" time="0.120" /><testcase classname="backend.tests.test_simple_inventory.TestSimpleInventoryAuditLog" name="test_get_audit_log_success" time="0.117" /><testcase classname="backend.tests.test_simple_inventory.TestSimpleInventoryAuditLog" name="test_get_audit_log_with_product_filter" time="0.265" /><testcase classname="backend.tests.test_simple_inventory.TestSimpleInventoryAuditLog" name="test_get_audit_log_with_action_type_filter" time="0.160" /><testcase classname="backend.tests.test_simple_inventory.TestSimpleInventoryAuditLog" name="test_get_audit_log_with_date_filter" time="0.217" /><testcase classname="backend.tests.test_simple_inventory.TestSimpleInventoryExportCSV" name="test_export_csv_success" time="0.182" /><testcase classname="backend.tests.test_simple_inventory.TestSimpleInventoryExportCSV" name="test_export_csv_with_filters" time="0.131" /><testcase classname="backend.tests.test_simple_inventory.TestProductsWithSimpleInventory" name="test_get_products_with_simple_inventory" time="0.181" /><testcase classname="backend.tests.test_simple_inventory.TestProductsWithSimpleInventory" name="test_products_with_simple_no_auth_required" time="0.134" /><testcase classname="backend.tests.test_simple_inventory.TestOrderItemsSimpleInventoryDecrement" name="test_add_item_decrements_simple_inventory" time="1.163"><failure message="AssertionError: Expected qty 1, got 2&#10;assert 2 == (2 - 1)">backend/tests/test_simple_inventory.py:382: in test_add_item_decrements_simple_inventory
    assert new_qty == initial_qty - 1, f"Expected qty {initial_qty - 1}, got {new_qty}"
E   AssertionError: Expected qty 1, got 2
E   assert 2 == (2 - 1)</failure></testcase><testcase classname="backend.tests.test_simple_inventory.TestOrderItemsSimpleInventoryDecrement" name="test_add_item_rejected_when_out_of_stock" time="0.797" /><testcase classname="backend.tests.test_simple_inventory.TestCancelItemRestoresInventory" name="test_cancel_item_restores_simple_inventory" time="1.554"><failure message="AssertionError: Expected qty 2 after cancel, got 3&#10;assert 3 == 2">backend/tests/test_simple_inventory.py:543: in test_cancel_item_restores_simple_inventory
    assert after_cancel == initial_qty, f"Expected qty {initial_qty} after cancel, got {after_cancel}"
E   AssertionError: Expected qty 2 after cancel, got 3
E   assert 3 == 2</failure></testcase><testcase classname="backend.tests.test_simple_inventory.TestProductConfigSimpleInventory" name="test_product_has_simple_inventory_fields" time="0.298" /></testsuite></testsuites>