<?xml version="1.0" encoding="utf-8"?><testsuites name="pytest tests"><testsuite name="pytest" errors="0" failures="0" skipped="2" tests="15" time="1.180" timestamp="2026-02-09T01:28:05.523567+00:00" hostname="agent-env-7693f663-6565-4b0a-a11a-86c30012275b"><testcase classname="backend.tests.test_split_orders.TestAuth" name="test_admin_login_pin_0000" time="0.102" /><testcase classname="backend.tests.test_split_orders.TestAuth" name="test_waiter_login_pin_1234" time="0.038" /><testcase classname="backend.tests.test_split_orders.TestAuth" name="test_cashier_login_pin_2222" time="0.038"><skipped type="pytest.skip" message="Cajero PIN 2222 not configured">/app/backend/tests/test_split_orders.py:43: Cajero PIN 2222 not configured</skipped></testcase><testcase classname="backend.tests.test_split_orders.TestTableMap" name="test_list_tables" time="0.040" /><testcase classname="backend.tests.test_split_orders.TestTableMap" name="test_table_status_types" time="0.039" /><testcase classname="backend.tests.test_split_orders.TestTableMap" name="test_divided_tables_exist" time="0.036" /><testcase classname="backend.tests.test_split_orders.TestTableMap" name="test_list_areas" time="0.037" /><testcase classname="backend.tests.test_split_orders.TestOrders" name="test_list_orders" time="0.116" /><testcase classname="backend.tests.test_split_orders.TestOrders" name="test_get_table_orders_endpoint" time="0.113" /><testcase classname="backend.tests.test_split_orders.TestSplitOrder" name="test_split_to_new_order_endpoint_exists" time="0.108"><skipped type="pytest.skip" message="Need at least 2 items to test split">/app/backend/tests/test_split_orders.py:173: Need at least 2 items to test split</skipped></testcase><testcase classname="backend.tests.test_split_orders.TestSplitOrder" name="test_split_requires_items" time="0.151" /><testcase classname="backend.tests.test_split_orders.TestMoveTable" name="test_move_order_endpoint_exists" time="0.187" /><testcase classname="backend.tests.test_split_orders.TestTaxConfig" name="test_get_tax_config" time="0.035" /><testcase classname="backend.tests.test_split_orders.TestProducts" name="test_list_categories" time="0.039" /><testcase classname="backend.tests.test_split_orders.TestProducts" name="test_list_products" time="0.036" /></testsuite></testsuites>