<?xml version="1.0" encoding="utf-8"?><testsuites name="pytest tests"><testsuite name="pytest" errors="0" failures="0" skipped="0" tests="19" time="2.679" timestamp="2026-02-26T03:24:02.791749+00:00" hostname="agent-env-0cc7dad4-399c-4081-97c8-1d2f53bb8bc2"><testcase classname="backend.tests.test_stock_adjustments.TestStockAdjustEndpoint" name="test_adjust_positive_quantity_returns_ok" time="0.358" /><testcase classname="backend.tests.test_stock_adjustments.TestStockAdjustEndpoint" name="test_adjust_negative_quantity_returns_ok" time="0.137" /><testcase classname="backend.tests.test_stock_adjustments.TestStockAdjustEndpoint" name="test_adjust_response_has_monetary_value" time="0.114" /><testcase classname="backend.tests.test_stock_adjustments.TestStockAdjustEndpoint" name="test_adjust_missing_ingredient_id_returns_400" time="0.125" /><testcase classname="backend.tests.test_stock_adjustments.TestStockAdjustEndpoint" name="test_adjust_missing_warehouse_id_returns_400" time="0.153" /><testcase classname="backend.tests.test_stock_adjustments.TestStockAdjustEndpoint" name="test_adjust_missing_quantity_returns_400" time="0.120" /><testcase classname="backend.tests.test_stock_adjustments.TestStockAdjustEndpoint" name="test_adjust_zero_quantity_returns_400" time="0.103" /><testcase classname="backend.tests.test_stock_adjustments.TestStockAdjustEndpoint" name="test_adjust_nonexistent_ingredient_returns_404" time="0.114" /><testcase classname="backend.tests.test_stock_adjustments.TestStockAdjustmentPersistence" name="test_adjustment_logged_to_stock_movements" time="0.193" /><testcase classname="backend.tests.test_stock_adjustments.TestStockAdjustmentPersistence" name="test_adjustment_logged_to_adjustment_logs" time="0.126" /><testcase classname="backend.tests.test_stock_adjustments.TestStockAdjustmentsReport" name="test_stock_adjustments_report_returns_200" time="0.111" /><testcase classname="backend.tests.test_stock_adjustments.TestStockAdjustmentsReport" name="test_stock_adjustments_report_has_stats" time="0.142" /><testcase classname="backend.tests.test_stock_adjustments.TestStockAdjustmentsReport" name="test_stock_adjustments_report_has_by_reason" time="0.133" /><testcase classname="backend.tests.test_stock_adjustments.TestStockAdjustmentsReport" name="test_stock_adjustments_report_has_by_ingredient" time="0.106" /><testcase classname="backend.tests.test_stock_adjustments.TestStockAdjustmentsReport" name="test_stock_adjustments_report_has_logs" time="0.103" /><testcase classname="backend.tests.test_stock_adjustments.TestStockAdjustmentsReport" name="test_stock_adjustments_report_date_filter" time="0.103" /><testcase classname="backend.tests.test_stock_adjustments.TestSystemAuditForAdjustments" name="test_system_audit_returns_200" time="0.114" /><testcase classname="backend.tests.test_stock_adjustments.TestSystemAuditForAdjustments" name="test_system_audit_has_adjustment_type" time="0.120" /><testcase classname="backend.tests.test_stock_adjustments.TestCleanup" name="test_restore_stock_balance" time="0.113" /></testsuite></testsuites>