<?xml version="1.0" encoding="utf-8"?><testsuites name="pytest tests"><testsuite name="pytest" errors="0" failures="1" skipped="0" tests="12" time="4.428" timestamp="2026-04-14T23:14:04.314965+00:00" hostname="agent-env-98952d4e-5f38-4e0c-90a9-7117afd3f16b"><testcase classname="backend.tests.test_stock_alerts.TestStockAlerts" name="test_pending_alerts_endpoint_returns_200" time="0.287" /><testcase classname="backend.tests.test_stock_alerts.TestStockAlerts" name="test_pending_alerts_requires_auth" time="0.108" /><testcase classname="backend.tests.test_stock_alerts.TestStockAlerts" name="test_pending_alerts_returns_low_stock_products" time="0.375"><failure message="AssertionError: STELLA should appear in pending alerts&#10;assert None is not None">backend/tests/test_stock_alerts.py:84: in test_pending_alerts_returns_low_stock_products
    assert stella_alert is not None, "STELLA should appear in pending alerts"
E   AssertionError: STELLA should appear in pending alerts
E   assert None is not None</failure></testcase><testcase classname="backend.tests.test_stock_alerts.TestStockAlerts" name="test_pending_alerts_excludes_products_above_threshold" time="0.220" /><testcase classname="backend.tests.test_stock_alerts.TestStockAlerts" name="test_dismiss_alerts_endpoint_returns_200" time="0.259" /><testcase classname="backend.tests.test_stock_alerts.TestStockAlerts" name="test_dismiss_alerts_requires_auth" time="0.138" /><testcase classname="backend.tests.test_stock_alerts.TestStockAlerts" name="test_dismissed_alert_does_not_reappear_at_same_qty" time="0.522" /><testcase classname="backend.tests.test_stock_alerts.TestStockAlerts" name="test_alert_reappears_after_qty_change" time="0.724" /><testcase classname="backend.tests.test_stock_alerts.TestStockAlerts" name="test_alert_response_structure" time="0.328" /><testcase classname="backend.tests.test_stock_alerts.TestStockAlerts" name="test_dismiss_empty_list" time="0.212" /><testcase classname="backend.tests.test_stock_alerts.TestStockAlerts" name="test_dismiss_nonexistent_product" time="0.220" /><testcase classname="backend.tests.test_stock_alerts.TestStockAlerts" name="test_different_user_sees_undismissed_alerts" time="0.951" /></testsuite></testsuites>