<?xml version="1.0" encoding="utf-8"?><testsuites name="pytest tests"><testsuite name="pytest" errors="0" failures="0" skipped="1" tests="10" time="3.135" timestamp="2026-02-28T00:14:37.018822+00:00" hostname="agent-env-ff5b430d-19ff-419c-aa8e-ea9774e09c30"><testcase classname="backend.tests.test_subrecipe_protection.TestSubrecipeProtection" name="test_get_recipes_returns_all_including_subrecipes" time="0.255" /><testcase classname="backend.tests.test_subrecipe_protection.TestSubrecipeProtection" name="test_delete_subrecipe_blocked_without_force" time="0.304" /><testcase classname="backend.tests.test_subrecipe_protection.TestSubrecipeProtection" name="test_delete_subrecipe_allowed_with_force" time="0.327" /><testcase classname="backend.tests.test_subrecipe_protection.TestSubrecipeProtection" name="test_delete_regular_recipe_works_normally" time="0.192"><skipped type="pytest.skip" message="Could not create test recipe: {&quot;detail&quot;:[{&quot;type&quot;:&quot;string_type&quot;,&quot;loc&quot;:[&quot;body&quot;,&quot;produces_ingredient_id&quot;],&quot;msg&quot;:&quot;Input should be a valid string&quot;,&quot;input&quot;:null,&quot;url&quot;:&quot;https://errors.pydantic.dev/2.12/v/string_type&quot;}]}">/app/backend/tests/test_subrecipe_protection.py:158: Could not create test recipe: {"detail":[{"type":"string_type","loc":["body","produces_ingredient_id"],"msg":"Input should be a valid string","input":null,"url":"https://errors.pydantic.dev/2.12/v/string_type"}]}</skipped></testcase><testcase classname="backend.tests.test_subrecipe_protection.TestSubrecipeProtection" name="test_create_recipe_does_not_overwrite_subrecipe" time="0.490" /><testcase classname="backend.tests.test_subrecipe_protection.TestSubrecipeProtection" name="test_delete_by_product_blocked_for_subrecipe" time="0.237" /><testcase classname="backend.tests.test_subrecipe_protection.TestSubrecipeProtection" name="test_regular_recipe_crud_flow" time="0.390" /><testcase classname="backend.tests.test_subrecipe_protection.TestSubrecipeProductionFlow" name="test_subrecipe_exists_in_ingredients" time="0.199" /><testcase classname="backend.tests.test_subrecipe_protection.TestSubrecipeProductionFlow" name="test_subrecipe_recipe_linked_to_ingredient" time="0.237" /><testcase classname="backend.tests.test_subrecipe_protection.TestSubrecipeProductionFlow" name="test_check_production_preserves_recipe" time="0.427" /></testsuite></testsuites>