<?xml version="1.0" encoding="utf-8"?><testsuites name="pytest tests"><testsuite name="pytest" errors="0" failures="0" skipped="0" tests="10" time="3.460" timestamp="2026-02-28T00:15:08.399381+00:00" hostname="agent-env-ff5b430d-19ff-419c-aa8e-ea9774e09c30"><testcase classname="backend.tests.test_subrecipe_protection.TestSubrecipeProtection" name="test_get_recipes_returns_all_including_subrecipes" time="0.260" /><testcase classname="backend.tests.test_subrecipe_protection.TestSubrecipeProtection" name="test_delete_subrecipe_blocked_without_force" time="0.307" /><testcase classname="backend.tests.test_subrecipe_protection.TestSubrecipeProtection" name="test_delete_subrecipe_allowed_with_force" time="0.408" /><testcase classname="backend.tests.test_subrecipe_protection.TestSubrecipeProtection" name="test_delete_regular_recipe_works_normally" time="0.302" /><testcase classname="backend.tests.test_subrecipe_protection.TestSubrecipeProtection" name="test_create_recipe_does_not_overwrite_subrecipe" time="0.434" /><testcase classname="backend.tests.test_subrecipe_protection.TestSubrecipeProtection" name="test_delete_by_product_blocked_for_subrecipe" time="0.305" /><testcase classname="backend.tests.test_subrecipe_protection.TestSubrecipeProtection" name="test_regular_recipe_crud_flow" time="0.413" /><testcase classname="backend.tests.test_subrecipe_protection.TestSubrecipeProductionFlow" name="test_subrecipe_exists_in_ingredients" time="0.182" /><testcase classname="backend.tests.test_subrecipe_protection.TestSubrecipeProductionFlow" name="test_subrecipe_recipe_linked_to_ingredient" time="0.364" /><testcase classname="backend.tests.test_subrecipe_protection.TestSubrecipeProductionFlow" name="test_check_production_preserves_recipe" time="0.414" /></testsuite></testsuites>