<?xml version="1.0" encoding="utf-8"?><testsuites name="pytest tests"><testsuite name="pytest" errors="0" failures="0" skipped="0" tests="11" time="3.536" timestamp="2026-02-17T02:33:58.904119+00:00" hostname="agent-env-e7d323ea-329e-49b9-a0ed-c63d53285699"><testcase classname="backend.tests.test_superuser_void_permission.TestVerifyManagerEndpoint" name="test_admin_pin_returns_authorized_with_superuser_flag" time="0.426" /><testcase classname="backend.tests.test_superuser_void_permission.TestVerifyManagerEndpoint" name="test_waiter_pin_returns_permission_error" time="0.246" /><testcase classname="backend.tests.test_superuser_void_permission.TestVerifyManagerEndpoint" name="test_invalid_pin_returns_incorrect_error" time="0.271" /><testcase classname="backend.tests.test_superuser_void_permission.TestVerifyManagerEndpoint" name="test_cashier_pin_returns_permission_error" time="0.246" /><testcase classname="backend.tests.test_superuser_void_permission.TestVerifyManagerEndpoint" name="test_kitchen_pin_returns_permission_error" time="0.294" /><testcase classname="backend.tests.test_superuser_void_permission.TestVerifyManagerEndpoint" name="test_admin_can_authorize_any_permission" time="0.796" /><testcase classname="backend.tests.test_superuser_void_permission.TestVerifyManagerEndpoint" name="test_empty_pin_returns_validation_error" time="0.340" /><testcase classname="backend.tests.test_superuser_void_permission.TestVerifyManagerEndpoint" name="test_pin_with_leading_zero_returns_validation_error" time="0.413" /><testcase classname="backend.tests.test_superuser_void_permission.TestLoginEndpoint" name="test_admin_login" time="0.169" /><testcase classname="backend.tests.test_superuser_void_permission.TestLoginEndpoint" name="test_waiter_login" time="0.124" /><testcase classname="backend.tests.test_superuser_void_permission.TestLoginEndpoint" name="test_cashier_login" time="0.144" /></testsuite></testsuites>