<?xml version="1.0" encoding="utf-8"?><testsuites name="pytest tests"><testsuite name="pytest" errors="0" failures="0" skipped="0" tests="8" time="4.519" timestamp="2026-02-15T00:16:45.089112+00:00" hostname="agent-env-aeb1d47d-2323-473c-be67-35ed3994fd3f"><testcase classname="backend.tests.test_suppliers_tab.TestSuppliersEndpoints" name="test_get_suppliers" time="0.276" /><testcase classname="backend.tests.test_suppliers_tab.TestSuppliersEndpoints" name="test_get_suppliers_with_active_orders" time="0.304" /><testcase classname="backend.tests.test_suppliers_tab.TestSuppliersEndpoints" name="test_create_supplier_with_category" time="0.359" /><testcase classname="backend.tests.test_suppliers_tab.TestSuppliersEndpoints" name="test_create_supplier_without_category_defaults_to_general" time="0.849" /><testcase classname="backend.tests.test_suppliers_tab.TestSuppliersEndpoints" name="test_update_supplier_category" time="0.646" /><testcase classname="backend.tests.test_suppliers_tab.TestSuppliersEndpoints" name="test_supplier_category_options" time="1.147" /><testcase classname="backend.tests.test_suppliers_tab.TestSuppliersEndpoints" name="test_delete_supplier" time="0.590" /><testcase classname="backend.tests.test_suppliers_tab.TestSuppliersSearchFiltering" name="test_suppliers_have_searchable_fields" time="0.286" /></testsuite></testsuites>