<?xml version="1.0" encoding="utf-8"?><testsuites name="pytest tests"><testsuite name="pytest" errors="0" failures="0" skipped="0" tests="15" time="3.200" timestamp="2026-02-28T01:02:53.154404+00:00" hostname="agent-env-ff5b430d-19ff-419c-aa8e-ea9774e09c30"><testcase classname="backend.tests.test_system_audit_full.TestSystemAuditReport" name="test_system_audit_endpoint_returns_200" time="0.272" /><testcase classname="backend.tests.test_system_audit_full.TestSystemAuditReport" name="test_system_audit_contains_sale_movements" time="0.168" /><testcase classname="backend.tests.test_system_audit_full.TestSystemAuditReport" name="test_system_audit_contains_purchase_movements" time="0.211" /><testcase classname="backend.tests.test_system_audit_full.TestSystemAuditReport" name="test_system_audit_contains_production_movements" time="0.179" /><testcase classname="backend.tests.test_system_audit_full.TestSystemAuditReport" name="test_system_audit_contains_adjustment_movements" time="0.228" /><testcase classname="backend.tests.test_system_audit_full.TestSystemAuditReport" name="test_system_audit_contains_difference_movements" time="0.179" /><testcase classname="backend.tests.test_system_audit_full.TestSystemAuditReport" name="test_system_audit_difference_shows_aceite" time="0.192" /><testcase classname="backend.tests.test_system_audit_full.TestSystemAuditReport" name="test_system_audit_difference_has_ingredient_name" time="0.196" /><testcase classname="backend.tests.test_system_audit_full.TestSystemAuditReport" name="test_system_audit_by_type_summary" time="0.173" /><testcase classname="backend.tests.test_system_audit_full.TestSystemAuditReport" name="test_system_audit_event_type_filter_works" time="0.275" /><testcase classname="backend.tests.test_system_audit_full.TestStockDifferenceLogsDateField" name="test_stock_differences_endpoint_returns_data" time="0.189" /><testcase classname="backend.tests.test_system_audit_full.TestStockDifferenceLogsDateField" name="test_stock_difference_logs_have_timestamp_field" time="0.209" /><testcase classname="backend.tests.test_system_audit_full.TestStockMovementsIngredientName" name="test_stock_movements_difference_has_ingredient_name" time="0.207" /><testcase classname="backend.tests.test_system_audit_full.TestStockAdjustmentsReport" name="test_stock_adjustments_report_endpoint" time="0.236" /><testcase classname="backend.tests.test_system_audit_full.TestMovementTypeLabels" name="test_movement_type_label_mapping" time="0.211" /></testsuite></testsuites>