<?xml version="1.0" encoding="utf-8"?><testsuites name="pytest tests"><testsuite name="pytest" errors="0" failures="0" skipped="0" tests="10" time="1.690" timestamp="2026-02-26T00:43:38.394239+00:00" hostname="agent-env-752dfc92-8cad-445b-a25d-1d66a65026a3"><testcase classname="backend.tests.test_system_audit_report.TestSystemAuditReport" name="test_system_audit_returns_200" time="0.192" /><testcase classname="backend.tests.test_system_audit_report.TestSystemAuditReport" name="test_system_audit_has_available_event_types" time="0.181" /><testcase classname="backend.tests.test_system_audit_report.TestSystemAuditReport" name="test_system_audit_has_by_type_with_counts" time="0.147" /><testcase classname="backend.tests.test_system_audit_report.TestSystemAuditReport" name="test_system_audit_filter_anulacion" time="0.171" /><testcase classname="backend.tests.test_system_audit_report.TestSystemAuditReport" name="test_system_audit_filter_usuario_creado" time="0.171" /><testcase classname="backend.tests.test_system_audit_report.TestSystemAuditReport" name="test_system_audit_filter_nota_credito" time="0.150" /><testcase classname="backend.tests.test_system_audit_report.TestSystemAuditReport" name="test_system_audit_activities_have_required_fields" time="0.232" /><testcase classname="backend.tests.test_system_audit_report.TestSystemAuditReport" name="test_system_audit_collects_from_multiple_sources" time="0.114" /><testcase classname="backend.tests.test_system_audit_report.TestSystemAuditReport" name="test_system_audit_summary_totals" time="0.141" /><testcase classname="backend.tests.test_system_audit_report.TestSystemAuditReport" name="test_system_audit_event_type_filter_returns_filter_info" time="0.128" /></testsuite></testsuites>