<?xml version="1.0" encoding="utf-8"?><testsuites name="pytest tests"><testsuite name="pytest" errors="0" failures="0" skipped="0" tests="37" time="8.836" timestamp="2026-02-26T23:51:10.623391+00:00" hostname="agent-env-0cc7dad4-399c-4081-97c8-1d2f53bb8bc2"><testcase classname="tests.test_system_audit_full.TestSystemAuditCore" name="test_known_bug_theme_config_404" time="0.308" /><testcase classname="tests.test_system_audit_full.TestSystemAuditCore" name="test_known_bug_inventory_products_stock_404" time="0.163" /><testcase classname="tests.test_system_audit_full.TestSystemAuditCore" name="test_theme_endpoint_works" time="0.260" /><testcase classname="tests.test_system_audit_full.TestSystemAuditCore" name="test_orders_list" time="0.204" /><testcase classname="tests.test_system_audit_full.TestSystemAuditCore" name="test_tables_list" time="0.196" /><testcase classname="tests.test_system_audit_full.TestSystemAuditCore" name="test_products_list" time="0.172" /><testcase classname="tests.test_system_audit_full.TestSystemAuditCore" name="test_bills_list" time="0.186" /><testcase classname="tests.test_system_audit_full.TestSystemAuditCore" name="test_customers_list" time="0.199" /><testcase classname="tests.test_system_audit_full.TestSystemAuditCore" name="test_ingredients_list" time="0.204" /><testcase classname="tests.test_system_audit_full.TestSystemAuditCore" name="test_recipes_list" time="0.177" /><testcase classname="tests.test_system_audit_full.TestSystemAuditCore" name="test_users_list" time="0.181" /><testcase classname="tests.test_system_audit_full.TestSystemAuditCore" name="test_roles_list" time="0.272" /><testcase classname="tests.test_system_audit_full.TestSystemAuditCore" name="test_categories_list" time="0.251" /><testcase classname="tests.test_system_audit_full.TestSystemAuditCore" name="test_areas_list" time="0.182" /><testcase classname="tests.test_system_audit_full.TestSystemAuditCore" name="test_warehouses_list" time="0.179" /><testcase classname="tests.test_system_audit_full.TestSystemAuditCore" name="test_suppliers_list" time="0.188" /><testcase classname="tests.test_system_audit_full.TestSystemAuditCore" name="test_modifiers_list" time="0.168" /><testcase classname="tests.test_system_audit_full.TestSystemAuditCore" name="test_cancellation_reasons_list" time="0.178" /><testcase classname="tests.test_system_audit_full.TestSystemAuditCore" name="test_tax_config_list" time="0.173" /><testcase classname="tests.test_system_audit_full.TestSystemAuditCore" name="test_sale_types_list" time="0.162" /><testcase classname="tests.test_system_audit_full.TestSystemAuditCore" name="test_payment_methods_list" time="0.177" /><testcase classname="tests.test_system_audit_full.TestSystemAuditCore" name="test_reservations_list" time="0.183" /><testcase classname="tests.test_system_audit_full.TestSystemAuditCore" name="test_shifts_list" time="0.228" /><testcase classname="tests.test_system_audit_full.TestSystemAuditCore" name="test_kitchen_orders" time="0.237" /><testcase classname="tests.test_system_audit_full.TestSystemAuditCore" name="test_inventory_settings" time="0.199" /><testcase classname="tests.test_system_audit_full.TestSystemAuditCore" name="test_stock_list" time="0.332" /><testcase classname="tests.test_system_audit_full.TestSystemAuditCore" name="test_stock_movements_list" time="0.179" /><testcase classname="tests.test_system_audit_full.TestSystemAuditCore" name="test_print_channels_list" time="0.232" /><testcase classname="tests.test_system_audit_full.TestSystemAuditCore" name="test_ncf_types_list" time="1.104" /><testcase classname="tests.test_system_audit_full.TestSystemAuditCore" name="test_void_audit_logs" time="0.216" /><testcase classname="tests.test_system_audit_full.TestSystemAuditCore" name="test_purchase_orders_list" time="0.174" /><testcase classname="tests.test_system_audit_full.TestSystemAuditCore" name="test_report_categories_list" time="0.211" /><testcase classname="tests.test_system_audit_full.TestSystemAuditCore" name="test_system_config" time="0.413" /><testcase classname="tests.test_system_audit_full.TestSystemAuditCore" name="test_printer_config" time="0.168" /><testcase classname="tests.test_system_audit_full.TestSystemAuditCore" name="test_station_config" time="0.178" /><testcase classname="tests.test_system_audit_full.TestSystemAuditCore" name="test_inventory_valuation_report" time="0.210" /><testcase classname="tests.test_system_audit_full.TestSystemAuditCore" name="test_business_days_check" time="0.294" /></testsuite></testsuites>