<?xml version="1.0" encoding="utf-8"?><testsuites name="pytest tests"><testsuite name="pytest" errors="0" failures="0" skipped="0" tests="7" time="3.667" timestamp="2026-02-16T20:14:01.302328+00:00" hostname="agent-env-b7bdf499-6c49-4bd6-904b-1baf1086f515"><testcase classname="tests.test_tax_exemptions.TestTaxConfig" name="test_get_tax_config" time="0.239" /><testcase classname="tests.test_tax_exemptions.TestSaleTypes" name="test_list_sale_types" time="0.154" /><testcase classname="tests.test_tax_exemptions.TestSaleTypes" name="test_delivery_has_propina_exemption" time="0.466" /><testcase classname="tests.test_tax_exemptions.TestSaleTypes" name="test_update_sale_type_tax_exemptions" time="1.185" /><testcase classname="tests.test_tax_exemptions.TestProducts" name="test_product_has_tax_exemptions_field" time="0.117" /><testcase classname="tests.test_tax_exemptions.TestProducts" name="test_update_product_tax_exemptions" time="0.999" /><testcase classname="tests.test_tax_exemptions.TestBillingWithExemptions" name="test_bill_creation_respects_sale_type_exemptions" time="0.443" /></testsuite></testsuites>