<?xml version="1.0" encoding="utf-8"?><testsuites name="pytest tests"><testsuite name="pytest" errors="0" failures="0" skipped="0" tests="12" time="2.252" timestamp="2026-04-21T02:30:29.547239+00:00" hostname="agent-env-98952d4e-5f38-4e0c-90a9-7117afd3f16b"><testcase classname="backend.tests.test_taxes_report_breakdown.TestTaxesJSON" name="test_taxes_with_range_has_breakdown" time="0.286" /><testcase classname="backend.tests.test_taxes_report_breakdown.TestTaxesJSON" name="test_taxes_integrity_ok_and_values" time="0.118" /><testcase classname="backend.tests.test_taxes_report_breakdown.TestTaxesJSON" name="test_taxes_no_params_regression" time="0.115" /><testcase classname="backend.tests.test_taxes_report_breakdown.TestTaxesXLSX" name="test_xlsx_download_valid" time="0.130" /><testcase classname="backend.tests.test_taxes_report_breakdown.TestTaxesPDF" name="test_pdf_download_valid" time="0.269" /><testcase classname="backend.tests.test_taxes_report_breakdown.TestAuth" name="test_xlsx_requires_auth" time="0.158" /><testcase classname="backend.tests.test_taxes_report_breakdown.TestAuth" name="test_pdf_requires_auth" time="0.166" /><testcase classname="backend.tests.test_taxes_report_breakdown.TestRegression" name="test_category_sales" time="0.126" /><testcase classname="backend.tests.test_taxes_report_breakdown.TestRegression" name="test_cierre_caja" time="0.121" /><testcase classname="backend.tests.test_taxes_report_breakdown.TestRegression" name="test_hourly_sales" time="0.131" /><testcase classname="backend.tests.test_taxes_report_breakdown.TestRegression" name="test_hourly_pdf" time="0.266" /><testcase classname="backend.tests.test_taxes_report_breakdown.TestRegression" name="test_hourly_xlsx" time="0.156" /></testsuite></testsuites>