<?xml version="1.0" encoding="utf-8"?><testsuites name="pytest tests"><testsuite name="pytest" errors="0" failures="0" skipped="0" tests="7" time="1.232" timestamp="2026-04-20T23:07:59.980410+00:00" hostname="agent-env-98952d4e-5f38-4e0c-90a9-7117afd3f16b"><testcase classname="backend.tests.test_ventas_por_categoria_report.TestSalesByCategoryJSON" name="test_returns_200_and_array" time="0.283" /><testcase classname="backend.tests.test_ventas_por_categoria_report.TestSalesByCategoryJSON" name="test_hierarchical_shape" time="0.128" /><testcase classname="backend.tests.test_ventas_por_categoria_report.TestSalesByCategoryJSON" name="test_grand_total_matches_sum_of_categories" time="0.121" /><testcase classname="backend.tests.test_ventas_por_categoria_report.TestPDFExport" name="test_pdf_200_and_magic" time="0.230" /><testcase classname="backend.tests.test_ventas_por_categoria_report.TestPDFExport" name="test_pdf_requires_auth" time="0.126" /><testcase classname="backend.tests.test_ventas_por_categoria_report.TestXLSXExport" name="test_xlsx_200_and_magic" time="0.129" /><testcase classname="backend.tests.test_ventas_por_categoria_report.TestXLSXExport" name="test_xlsx_requires_auth" time="0.151" /></testsuite></testsuites>