<?xml version="1.0" encoding="utf-8"?><testsuites name="pytest tests"><testsuite name="pytest" errors="0" failures="0" skipped="0" tests="7" time="2.635" timestamp="2026-04-15T21:55:43.089386+00:00" hostname="agent-env-98952d4e-5f38-4e0c-90a9-7117afd3f16b"><testcase classname="backend.tests.test_ecf_entrega2.TestEcfProviders" name="test_get_providers_returns_three_providers" time="0.267" /><testcase classname="backend.tests.test_ecf_entrega2.TestEcfProviders" name="test_get_ecf_config" time="0.248" /><testcase classname="backend.tests.test_ecf_entrega2.TestEcfProviders" name="test_switch_provider_to_multiprod_and_back" time="0.632" /><testcase classname="backend.tests.test_ecf_entrega2.TestEcfProviders" name="test_switch_provider_to_thefactory" time="0.501" /><testcase classname="backend.tests.test_ecf_entrega2.TestMultiprodConnection" name="test_multiprod_test_connection" time="0.447" /><testcase classname="backend.tests.test_ecf_entrega2.TestEcfDashboard" name="test_ecf_dashboard_endpoint" time="0.246" /><testcase classname="backend.tests.test_ecf_entrega2.TestEcfRetry" name="test_retry_all_endpoint_exists" time="0.225" /></testsuite></testsuites>