<?xml version="1.0" encoding="utf-8"?><testsuites name="pytest tests"><testsuite name="pytest" errors="0" failures="1" skipped="0" tests="9" time="0.846" timestamp="2026-02-11T22:45:08.733225+00:00" hostname="agent-env-c456dc2a-3a82-43bd-b992-3e7a5d88f24d"><testcase classname="backend.tests.test_theme_api.TestThemeAPI" name="test_get_theme_config_returns_default_theme" time="0.166" /><testcase classname="backend.tests.test_theme_api.TestThemeAPI" name="test_update_theme_config_as_admin" time="0.158" /><testcase classname="backend.tests.test_theme_api.TestThemeAPI" name="test_update_theme_config_forbidden_for_waiter" time="0.100" /><testcase classname="backend.tests.test_theme_api.TestThemeAPI" name="test_update_theme_config_unauthorized_without_token" time="0.105" /><testcase classname="backend.tests.test_theme_api.TestThemeAPI" name="test_reset_theme_to_defaults" time="0.101" /><testcase classname="backend.tests.test_theme_api.TestAuthAPI" name="test_admin_login" time="0.034" /><testcase classname="backend.tests.test_theme_api.TestAuthAPI" name="test_waiter_login" time="0.034" /><testcase classname="backend.tests.test_theme_api.TestAuthAPI" name="test_cashier_login" time="0.035" /><testcase classname="backend.tests.test_theme_api.TestAuthAPI" name="test_invalid_pin_rejected" time="0.037"><failure message="AssertionError: Expected 401, got 200&#10;assert 200 == 401&#10; +  where 200 = &lt;Response [200]&gt;.status_code">backend/tests/test_theme_api.py:187: in test_invalid_pin_rejected
    assert response.status_code == 401, f"Expected 401, got {response.status_code}"
E   AssertionError: Expected 401, got 200
E   assert 200 == 401
E    +  where 200 = &lt;Response [200]&gt;.status_code</failure></testcase></testsuite></testsuites>