<?xml version="1.0" encoding="utf-8"?><testsuites name="pytest tests"><testsuite name="pytest" errors="0" failures="0" skipped="0" tests="8" time="2.488" timestamp="2026-02-20T22:03:52.391615+00:00" hostname="agent-env-cadbbb5d-6832-4773-b4ff-8f2dae182f71"><testcase classname="tests.test_ticket_config.TestTicketConfigAPI" name="test_get_system_config_returns_200" time="0.278" /><testcase classname="tests.test_ticket_config.TestTicketConfigAPI" name="test_get_system_config_returns_json" time="0.085" /><testcase classname="tests.test_ticket_config.TestTicketConfigAPI" name="test_get_system_config_returns_ticket_fields" time="0.067" /><testcase classname="tests.test_ticket_config.TestTicketConfigAPI" name="test_put_system_config_saves_ticket_fields" time="0.058" /><testcase classname="tests.test_ticket_config.TestTicketConfigAPI" name="test_put_then_get_verifies_persistence" time="0.620" /><testcase classname="tests.test_ticket_config.TestTicketConfigAPI" name="test_partial_update_preserves_other_fields" time="0.498" /><testcase classname="tests.test_ticket_config.TestTicketConfigAPI" name="test_ticket_config_accessible_without_auth_fails" time="0.061" /><testcase classname="tests.test_ticket_config.TestTicketConfigIntegration" name="test_save_and_verify_all_ticket_fields" time="0.767" /></testsuite></testsuites>