<?xml version="1.0" encoding="utf-8"?><testsuites name="pytest tests"><testsuite name="pytest" errors="0" failures="0" skipped="0" tests="9" time="1.500" timestamp="2026-02-25T22:55:54.514741+00:00" hostname="agent-env-02871217-e004-4d24-947f-9d03a9cd942e"><testcase classname="backend.tests.test_training_dashboard.TestTrainingDashboardStats" name="test_01_training_stats_endpoint_exists" time="0.365" /><testcase classname="backend.tests.test_training_dashboard.TestTrainingDashboardStats" name="test_02_carlos_has_training_data" time="0.122" /><testcase classname="backend.tests.test_training_dashboard.TestTrainingDashboardStats" name="test_03_carlos_training_stats_fields" time="0.103" /><testcase classname="backend.tests.test_training_dashboard.TestTrainingDashboardStats" name="test_04_admin_has_no_training_data" time="0.125" /><testcase classname="backend.tests.test_training_dashboard.TestTrainingDashboardStats" name="test_05_training_stats_requires_auth" time="0.125" /><testcase classname="backend.tests.test_training_dashboard.TestTrainingDashboardStats" name="test_06_nonexistent_user_returns_404" time="0.140" /><testcase classname="backend.tests.test_training_dashboard.TestTrainingDashboardStats" name="test_07_carlos_recent_activity_structure" time="0.166" /><testcase classname="backend.tests.test_training_dashboard.TestUserTrainingModeFlag" name="test_01_carlos_login_has_training_mode_true" time="0.143" /><testcase classname="backend.tests.test_training_dashboard.TestUserTrainingModeFlag" name="test_02_admin_login_has_training_mode_false" time="0.149" /></testsuite></testsuites>