<?xml version="1.0" encoding="utf-8"?><testsuites name="pytest tests"><testsuite name="pytest" errors="0" failures="0" skipped="0" tests="14" time="5.195" timestamp="2026-02-25T22:43:56.205416+00:00" hostname="agent-env-02871217-e004-4d24-947f-9d03a9cd942e"><testcase classname="backend.tests.test_training_mode.TestTrainingModeJWT" name="test_01_carlos_jwt_has_training_mode_true" time="0.178" /><testcase classname="backend.tests.test_training_mode.TestTrainingModeJWT" name="test_02_admin_jwt_has_training_mode_false" time="0.122" /><testcase classname="backend.tests.test_training_mode.TestTrainingModeOrders" name="test_01_get_free_table" time="0.250" /><testcase classname="backend.tests.test_training_mode.TestTrainingModeOrders" name="test_02_training_order_has_training_mode_flag" time="0.370" /><testcase classname="backend.tests.test_training_mode.TestTrainingModeBills" name="test_01_find_training_bill" time="0.317" /><testcase classname="backend.tests.test_training_mode.TestTrainingModeBills" name="test_02_training_bill_has_entrenamiento_ncf" time="0.330" /><testcase classname="backend.tests.test_training_mode.TestTrainingModePaymentTotals" name="test_01_get_current_day_totals" time="0.268" /><testcase classname="backend.tests.test_training_mode.TestTrainingModePaymentTotals" name="test_02_training_bills_excluded_from_totals" time="0.490" /><testcase classname="backend.tests.test_training_mode.TestTrainingModeReports" name="test_01_x_report_excludes_training" time="0.632" /><testcase classname="backend.tests.test_training_mode.TestTrainingModeReports" name="test_02_z_report_excludes_training" time="0.691" /><testcase classname="backend.tests.test_training_mode.TestTrainingModeReports" name="test_03_verify_training_filter_in_stats" time="0.343" /><testcase classname="backend.tests.test_training_mode.TestTrainingModePrintCommands" name="test_01_print_queue_has_training_flag" time="0.299" /><testcase classname="backend.tests.test_training_mode.TestNormalUserNotAffected" name="test_01_admin_user_has_no_training_mode" time="0.404" /><testcase classname="backend.tests.test_training_mode.TestNormalUserNotAffected" name="test_02_admin_order_not_flagged_training" time="0.444" /></testsuite></testsuites>