<?xml version="1.0" encoding="utf-8"?><testsuites name="pytest tests"><testsuite name="pytest" errors="0" failures="0" skipped="0" tests="10" time="5.394" timestamp="2026-02-14T04:06:34.745602+00:00" hostname="agent-env-3680f25f-e36c-4ed2-8011-b1764fde5df2"><testcase classname="backend.tests.test_unit_definitions.TestUnitDefinitions" name="test_create_custom_unit" time="0.474" /><testcase classname="backend.tests.test_unit_definitions.TestUnitDefinitions" name="test_list_custom_units" time="0.417" /><testcase classname="backend.tests.test_unit_definitions.TestUnitDefinitions" name="test_custom_unit_in_ingredient_creation" time="0.621" /><testcase classname="backend.tests.test_unit_definitions.TestUnitDefinitions" name="test_edit_unit_propagates_to_ingredients" time="0.810" /><testcase classname="backend.tests.test_unit_definitions.TestUnitDefinitions" name="test_delete_unit_blocked_when_in_use" time="0.647" /><testcase classname="backend.tests.test_unit_definitions.TestUnitDefinitions" name="test_delete_unused_unit_success" time="0.549" /><testcase classname="backend.tests.test_unit_definitions.TestUnitDefinitions" name="test_duplicate_unit_prevention" time="0.488" /><testcase classname="backend.tests.test_unit_definitions.TestIngredientConversionFactor" name="test_conversion_factor_edit_creates_audit" time="0.478" /><testcase classname="backend.tests.test_unit_definitions.TestIngredientConversionFactor" name="test_dispatch_cost_recalculates" time="0.370" /><testcase classname="backend.tests.test_unit_definitions.TestIngredientConversionFactor" name="test_affected_recipes_returns_count" time="0.467" /></testsuite></testsuites>