<?xml version="1.0" encoding="utf-8"?><testsuites name="pytest tests"><testsuite name="pytest" errors="3" failures="0" skipped="0" tests="5" time="3.328" timestamp="2026-02-24T21:41:39.040300+00:00" hostname="agent-env-5c0bd63f-7bd8-449f-9492-08efd3b734f0"><testcase classname="backend.tests.test_void_releases_table.TestVoidReleasesTable" name="test_01_express_void_all_items_releases_table" time="0.373"><error message="failed on setup with &quot;AssertionError: Need at least 3 free tables for tests&#10;assert 1 &gt;= 3&#10; +  where 1 = len([{'active_order_id': None, 'area_id': 'ce52311e-b840-41a7-b1d2-f5ed6c051695', 'capacity': 6, 'height': 60, ...}])&quot;">backend/tests/test_void_releases_table.py:48: in setup
    assert len(free_tables) &gt;= 3, "Need at least 3 free tables for tests"
E   AssertionError: Need at least 3 free tables for tests
E   assert 1 &gt;= 3
E    +  where 1 = len([{'active_order_id': None, 'area_id': 'ce52311e-b840-41a7-b1d2-f5ed6c051695', 'capacity': 6, 'height': 60, ...}])</error></testcase><testcase classname="backend.tests.test_void_releases_table.TestVoidReleasesTable" name="test_02_partial_void_does_NOT_release_table" time="0.247"><error message="failed on setup with &quot;AssertionError: Need at least 3 free tables for tests&#10;assert 1 &gt;= 3&#10; +  where 1 = len([{'active_order_id': None, 'area_id': 'ce52311e-b840-41a7-b1d2-f5ed6c051695', 'capacity': 6, 'height': 60, ...}])&quot;">backend/tests/test_void_releases_table.py:48: in setup
    assert len(free_tables) &gt;= 3, "Need at least 3 free tables for tests"
E   AssertionError: Need at least 3 free tables for tests
E   assert 1 &gt;= 3
E    +  where 1 = len([{'active_order_id': None, 'area_id': 'ce52311e-b840-41a7-b1d2-f5ed6c051695', 'capacity': 6, 'height': 60, ...}])</error></testcase><testcase classname="backend.tests.test_void_releases_table.TestVoidReleasesTable" name="test_03_single_item_cancel_releases_table_when_last_item" time="0.259"><error message="failed on setup with &quot;AssertionError: Need at least 3 free tables for tests&#10;assert 1 &gt;= 3&#10; +  where 1 = len([{'active_order_id': None, 'area_id': 'ce52311e-b840-41a7-b1d2-f5ed6c051695', 'capacity': 6, 'height': 60, ...}])&quot;">backend/tests/test_void_releases_table.py:48: in setup
    assert len(free_tables) &gt;= 3, "Need at least 3 free tables for tests"
E   AssertionError: Need at least 3 free tables for tests
E   assert 1 &gt;= 3
E    +  where 1 = len([{'active_order_id': None, 'area_id': 'ce52311e-b840-41a7-b1d2-f5ed6c051695', 'capacity': 6, 'height': 60, ...}])</error></testcase><testcase classname="backend.tests.test_void_releases_table.TestBulkCancelWithAuditReleasesTable" name="test_bulk_cancel_audit_protocol_releases_table" time="1.201" /><testcase classname="backend.tests.test_void_releases_table.TestEdgeCases" name="test_order_with_items_added_later_then_all_voided" time="1.144" /></testsuite></testsuites>