<?xml version="1.0" encoding="utf-8"?><testsuites name="pytest tests"><testsuite name="pytest" errors="0" failures="0" skipped="0" tests="15" time="1.301" timestamp="2026-02-13T03:46:57.565560+00:00" hostname="agent-env-1978b243-5e91-4339-b002-2e578432acf6"><testcase classname="backend.tests.test_void_cancellation_system.TestVoidCancellationSystem" name="test_01_get_cancellation_reasons" time="0.100" /><testcase classname="backend.tests.test_void_cancellation_system.TestVoidCancellationSystem" name="test_02_create_test_order_with_items" time="0.119" /><testcase classname="backend.tests.test_void_cancellation_system.TestVoidCancellationSystem" name="test_03_send_to_kitchen_deducts_inventory" time="0.070" /><testcase classname="backend.tests.test_void_cancellation_system.TestVoidCancellationSystem" name="test_04_cancel_single_item_with_reason" time="0.047" /><testcase classname="backend.tests.test_void_cancellation_system.TestVoidCancellationSystem" name="test_05_void_audit_log_created_for_single_item" time="0.033" /><testcase classname="backend.tests.test_void_cancellation_system.TestVoidCancellationSystem" name="test_06_create_order_for_bulk_cancellation" time="0.181" /><testcase classname="backend.tests.test_void_cancellation_system.TestVoidCancellationSystem" name="test_07_cancel_multiple_items" time="0.036" /><testcase classname="backend.tests.test_void_cancellation_system.TestVoidCancellationSystem" name="test_08_void_audit_log_created_for_bulk" time="0.033" /><testcase classname="backend.tests.test_void_cancellation_system.TestVoidCancellationSystem" name="test_09_bill_payment_does_not_deduct_inventory" time="0.301" /><testcase classname="backend.tests.test_void_cancellation_system.TestVoidCancellationSystem" name="test_10_void_audit_logs_filtering" time="0.101" /><testcase classname="backend.tests.test_void_cancellation_system.TestVoidCancellationSystem" name="test_11_cancellation_reasons_have_return_to_inventory_field" time="0.034" /><testcase classname="backend.tests.test_void_cancellation_system.TestVoidCancellationSystem" name="test_12_cleanup_test_data" time="0.033" /><testcase classname="backend.tests.test_void_cancellation_system.TestCancellationReasonBadges" name="test_reasons_have_proper_structure" time="0.065" /><testcase classname="backend.tests.test_void_cancellation_system.TestCancellationReasonBadges" name="test_create_return_reason" time="0.034" /><testcase classname="backend.tests.test_void_cancellation_system.TestCancellationReasonBadges" name="test_create_waste_reason" time="0.031" /></testsuite></testsuites>