<?xml version="1.0" encoding="utf-8"?><testsuites name="pytest tests"><testsuite name="pytest" errors="0" failures="1" skipped="0" tests="6" time="1.966" timestamp="2026-02-25T02:10:47.118035+00:00" hostname="agent-env-02871217-e004-4d24-947f-9d03a9cd942e"><testcase classname="backend.tests.test_x_z_reports_zero_sales_bug.TestXReportNonZeroSales" name="test_01_admin_session_x_report_returns_non_zero_sales" time="0.765" /><testcase classname="backend.tests.test_x_z_reports_zero_sales_bug.TestXReportNonZeroSales" name="test_02_luis_session_x_report_returns_non_zero_sales" time="0.406" /><testcase classname="backend.tests.test_x_z_reports_zero_sales_bug.TestZReportNonZeroSales" name="test_03_closed_business_day_z_report_returns_non_zero_sales" time="0.250" /><testcase classname="backend.tests.test_x_z_reports_zero_sales_bug.TestCurrentDayStats" name="test_04_current_business_day_returns_non_zero_total_sales" time="0.128" /><testcase classname="backend.tests.test_x_z_reports_zero_sales_bug.TestPrintReportShift" name="test_05_print_report_shift_creates_job" time="0.143"><failure message="AssertionError: Unexpected status 400: {&quot;detail&quot;:&quot;Faltan datos del reporte&quot;}&#10;assert False">backend/tests/test_x_z_reports_zero_sales_bug.py:279: in test_05_print_report_shift_creates_job
    assert False, f"Unexpected status {response.status_code}: {response.text}"
E   AssertionError: Unexpected status 400: {"detail":"Faltan datos del reporte"}
E   assert False</failure></testcase><testcase classname="backend.tests.test_x_z_reports_zero_sales_bug.TestDataQualityVerification" name="test_06_verify_bills_data_structure" time="0.194" /></testsuite></testsuites>