<?xml version="1.0" encoding="utf-8"?><testsuites name="pytest tests"><testsuite name="pytest" errors="0" failures="0" skipped="0" tests="6" time="2.406" timestamp="2026-02-25T02:11:16.365224+00:00" hostname="agent-env-02871217-e004-4d24-947f-9d03a9cd942e"><testcase classname="backend.tests.test_x_z_reports_zero_sales_bug.TestXReportNonZeroSales" name="test_01_admin_session_x_report_returns_non_zero_sales" time="0.728" /><testcase classname="backend.tests.test_x_z_reports_zero_sales_bug.TestXReportNonZeroSales" name="test_02_luis_session_x_report_returns_non_zero_sales" time="0.366" /><testcase classname="backend.tests.test_x_z_reports_zero_sales_bug.TestZReportNonZeroSales" name="test_03_closed_business_day_z_report_returns_non_zero_sales" time="0.312" /><testcase classname="backend.tests.test_x_z_reports_zero_sales_bug.TestCurrentDayStats" name="test_04_current_business_day_returns_non_zero_total_sales" time="0.190" /><testcase classname="backend.tests.test_x_z_reports_zero_sales_bug.TestPrintReportShift" name="test_05_print_report_shift_creates_job" time="0.561" /><testcase classname="backend.tests.test_x_z_reports_zero_sales_bug.TestDataQualityVerification" name="test_06_verify_bills_data_structure" time="0.186" /></testsuite></testsuites>